{"C:\\Users\\leiff\\vscProjects\\talentbinder-monorepo\\packages\\frontend\\src\\api\\candidatesAPI.ts": {"path":"C:\\Users\\leiff\\vscProjects\\talentbinder-monorepo\\packages\\frontend\\src\\api\\candidatesAPI.ts","statementMap":{"0":{"start":{"line":9,"column":17},"end":{"line":9,"column":null}},"1":{"start":{"line":11,"column":29},"end":{"line":162,"column":null}},"2":{"start":{"line":16,"column":24},"end":{"line":16,"column":null}},"3":{"start":{"line":17,"column":4},"end":{"line":17,"column":null}},"4":{"start":{"line":17,"column":16},"end":{"line":17,"column":null}},"5":{"start":{"line":18,"column":4},"end":{"line":18,"column":null}},"6":{"start":{"line":18,"column":16},"end":{"line":18,"column":null}},"7":{"start":{"line":19,"column":4},"end":{"line":19,"column":null}},"8":{"start":{"line":19,"column":16},"end":{"line":19,"column":null}},"9":{"start":{"line":21,"column":16},"end":{"line":21,"column":null}},"10":{"start":{"line":22,"column":16},"end":{"line":27,"column":null}},"11":{"start":{"line":29,"column":4},"end":{"line":38,"column":null}},"12":{"start":{"line":31,"column":6},"end":{"line":36,"column":null}},"13":{"start":{"line":32,"column":8},"end":{"line":32,"column":null}},"14":{"start":{"line":35,"column":8},"end":{"line":35,"column":null}},"15":{"start":{"line":37,"column":6},"end":{"line":37,"column":null}},"16":{"start":{"line":40,"column":17},"end":{"line":40,"column":null}},"17":{"start":{"line":42,"column":4},"end":{"line":42,"column":null}},"18":{"start":{"line":43,"column":4},"end":{"line":43,"column":null}},"19":{"start":{"line":45,"column":4},"end":{"line":47,"column":null}},"20":{"start":{"line":46,"column":6},"end":{"line":46,"column":null}},"21":{"start":{"line":48,"column":4},"end":{"line":48,"column":null}},"22":{"start":{"line":55,"column":16},"end":{"line":68,"column":null}},"23":{"start":{"line":70,"column":17},"end":{"line":70,"column":null}},"24":{"start":{"line":72,"column":4},"end":{"line":80,"column":null}},"25":{"start":{"line":74,"column":6},"end":{"line":78,"column":null}},"26":{"start":{"line":75,"column":8},"end":{"line":75,"column":null}},"27":{"start":{"line":76,"column":6},"end":{"line":78,"column":null}},"28":{"start":{"line":77,"column":8},"end":{"line":77,"column":null}},"29":{"start":{"line":79,"column":6},"end":{"line":79,"column":null}},"30":{"start":{"line":82,"column":4},"end":{"line":84,"column":null}},"31":{"start":{"line":83,"column":6},"end":{"line":83,"column":null}},"32":{"start":{"line":85,"column":4},"end":{"line":85,"column":null}},"33":{"start":{"line":92,"column":16},"end":{"line":104,"column":null}},"34":{"start":{"line":106,"column":17},"end":{"line":106,"column":null}},"35":{"start":{"line":108,"column":4},"end":{"line":116,"column":null}},"36":{"start":{"line":110,"column":6},"end":{"line":114,"column":null}},"37":{"start":{"line":111,"column":8},"end":{"line":111,"column":null}},"38":{"start":{"line":112,"column":6},"end":{"line":114,"column":null}},"39":{"start":{"line":113,"column":8},"end":{"line":113,"column":null}},"40":{"start":{"line":115,"column":6},"end":{"line":115,"column":null}},"41":{"start":{"line":118,"column":4},"end":{"line":120,"column":null}},"42":{"start":{"line":119,"column":6},"end":{"line":119,"column":null}},"43":{"start":{"line":127,"column":16},"end":{"line":130,"column":null}},"44":{"start":{"line":133,"column":4},"end":{"line":135,"column":null}},"45":{"start":{"line":134,"column":6},"end":{"line":134,"column":null}},"46":{"start":{"line":137,"column":4},"end":{"line":155,"column":null}},"47":{"start":{"line":140,"column":6},"end":{"line":146,"column":null}},"48":{"start":{"line":141,"column":26},"end":{"line":141,"column":null}},"49":{"start":{"line":142,"column":8},"end":{"line":142,"column":null}},"50":{"start":{"line":145,"column":8},"end":{"line":145,"column":null}},"51":{"start":{"line":149,"column":6},"end":{"line":153,"column":null}},"52":{"start":{"line":150,"column":8},"end":{"line":150,"column":null}},"53":{"start":{"line":151,"column":6},"end":{"line":153,"column":null}},"54":{"start":{"line":152,"column":8},"end":{"line":152,"column":null}},"55":{"start":{"line":154,"column":6},"end":{"line":154,"column":null}},"56":{"start":{"line":157,"column":17},"end":{"line":157,"column":null}},"57":{"start":{"line":158,"column":4},"end":{"line":160,"column":null}},"58":{"start":{"line":159,"column":6},"end":{"line":159,"column":null}}},"fnMap":{"0":{"name":"(anonymous_0)","decl":{"start":{"line":15,"column":10},"end":{"line":15,"column":17}},"loc":{"start":{"line":15,"column":118},"end":{"line":49,"column":null}},"line":15},"1":{"name":"(anonymous_1)","decl":{"start":{"line":54,"column":10},"end":{"line":54,"column":17}},"loc":{"start":{"line":54,"column":66},"end":{"line":86,"column":null}},"line":54},"2":{"name":"(anonymous_2)","decl":{"start":{"line":91,"column":10},"end":{"line":91,"column":17}},"loc":{"start":{"line":91,"column":82},"end":{"line":121,"column":null}},"line":91},"3":{"name":"(anonymous_3)","decl":{"start":{"line":126,"column":10},"end":{"line":126,"column":17}},"loc":{"start":{"line":126,"column":47},"end":{"line":161,"column":null}},"line":126}},"branchMap":{"0":{"loc":{"start":{"line":15,"column":17},"end":{"line":15,"column":38}},"type":"default-arg","locations":[{"start":{"line":15,"column":34},"end":{"line":15,"column":38}}],"line":15},"1":{"loc":{"start":{"line":15,"column":38},"end":{"line":15,"column":59}},"type":"default-arg","locations":[{"start":{"line":15,"column":55},"end":{"line":15,"column":59}}],"line":15},"2":{"loc":{"start":{"line":15,"column":59},"end":{"line":15,"column":118}},"type":"default-arg","locations":[{"start":{"line":15,"column":76},"end":{"line":15,"column":118}}],"line":15},"3":{"loc":{"start":{"line":17,"column":4},"end":{"line":17,"column":null}},"type":"if","locations":[{"start":{"line":17,"column":4},"end":{"line":17,"column":null}},{"start":{},"end":{}}],"line":17},"4":{"loc":{"start":{"line":18,"column":4},"end":{"line":18,"column":null}},"type":"if","locations":[{"start":{"line":18,"column":4},"end":{"line":18,"column":null}},{"start":{},"end":{}}],"line":18},"5":{"loc":{"start":{"line":19,"column":4},"end":{"line":19,"column":null}},"type":"if","locations":[{"start":{"line":19,"column":4},"end":{"line":19,"column":null}},{"start":{},"end":{}}],"line":19},"6":{"loc":{"start":{"line":29,"column":4},"end":{"line":38,"column":null}},"type":"if","locations":[{"start":{"line":29,"column":4},"end":{"line":38,"column":null}},{"start":{},"end":{}}],"line":29},"7":{"loc":{"start":{"line":37,"column":22},"end":{"line":37,"column":76}},"type":"binary-expr","locations":[{"start":{"line":37,"column":22},"end":{"line":37,"column":43}},{"start":{"line":37,"column":43},"end":{"line":37,"column":76}}],"line":37},"8":{"loc":{"start":{"line":43,"column":38},"end":{"line":43,"column":66}},"type":"binary-expr","locations":[{"start":{"line":43,"column":38},"end":{"line":43,"column":65}},{"start":{"line":43,"column":65},"end":{"line":43,"column":66}}],"line":43},"9":{"loc":{"start":{"line":45,"column":4},"end":{"line":47,"column":null}},"type":"if","locations":[{"start":{"line":45,"column":4},"end":{"line":47,"column":null}},{"start":{},"end":{}}],"line":45},"10":{"loc":{"start":{"line":45,"column":8},"end":{"line":45,"column":56}},"type":"binary-expr","locations":[{"start":{"line":45,"column":8},"end":{"line":45,"column":24}},{"start":{"line":45,"column":24},"end":{"line":45,"column":56}}],"line":45},"11":{"loc":{"start":{"line":48,"column":20},"end":{"line":48,"column":72}},"type":"binary-expr","locations":[{"start":{"line":48,"column":20},"end":{"line":48,"column":36}},{"start":{"line":48,"column":36},"end":{"line":48,"column":72}}],"line":48},"12":{"loc":{"start":{"line":72,"column":4},"end":{"line":80,"column":null}},"type":"if","locations":[{"start":{"line":72,"column":4},"end":{"line":80,"column":null}},{"start":{},"end":{}}],"line":72},"13":{"loc":{"start":{"line":74,"column":6},"end":{"line":78,"column":null}},"type":"if","locations":[{"start":{"line":74,"column":6},"end":{"line":78,"column":null}},{"start":{"line":76,"column":6},"end":{"line":78,"column":null}}],"line":74},"14":{"loc":{"start":{"line":76,"column":6},"end":{"line":78,"column":null}},"type":"if","locations":[{"start":{"line":76,"column":6},"end":{"line":78,"column":null}},{"start":{},"end":{}}],"line":76},"15":{"loc":{"start":{"line":79,"column":22},"end":{"line":79,"column":71}},"type":"binary-expr","locations":[{"start":{"line":79,"column":22},"end":{"line":79,"column":38}},{"start":{"line":79,"column":38},"end":{"line":79,"column":71}}],"line":79},"16":{"loc":{"start":{"line":82,"column":4},"end":{"line":84,"column":null}},"type":"if","locations":[{"start":{"line":82,"column":4},"end":{"line":84,"column":null}},{"start":{},"end":{}}],"line":82},"17":{"loc":{"start":{"line":85,"column":20},"end":{"line":85,"column":74}},"type":"binary-expr","locations":[{"start":{"line":85,"column":20},"end":{"line":85,"column":36}},{"start":{"line":85,"column":36},"end":{"line":85,"column":74}}],"line":85},"18":{"loc":{"start":{"line":108,"column":4},"end":{"line":116,"column":null}},"type":"if","locations":[{"start":{"line":108,"column":4},"end":{"line":116,"column":null}},{"start":{},"end":{}}],"line":108},"19":{"loc":{"start":{"line":110,"column":6},"end":{"line":114,"column":null}},"type":"if","locations":[{"start":{"line":110,"column":6},"end":{"line":114,"column":null}},{"start":{"line":112,"column":6},"end":{"line":114,"column":null}}],"line":110},"20":{"loc":{"start":{"line":112,"column":6},"end":{"line":114,"column":null}},"type":"if","locations":[{"start":{"line":112,"column":6},"end":{"line":114,"column":null}},{"start":{},"end":{}}],"line":112},"21":{"loc":{"start":{"line":115,"column":22},"end":{"line":115,"column":71}},"type":"binary-expr","locations":[{"start":{"line":115,"column":22},"end":{"line":115,"column":38}},{"start":{"line":115,"column":38},"end":{"line":115,"column":71}}],"line":115},"22":{"loc":{"start":{"line":118,"column":4},"end":{"line":120,"column":null}},"type":"if","locations":[{"start":{"line":118,"column":4},"end":{"line":120,"column":null}},{"start":{},"end":{}}],"line":118},"23":{"loc":{"start":{"line":119,"column":22},"end":{"line":119,"column":80}},"type":"binary-expr","locations":[{"start":{"line":119,"column":22},"end":{"line":119,"column":38}},{"start":{"line":119,"column":38},"end":{"line":119,"column":80}}],"line":119},"24":{"loc":{"start":{"line":133,"column":4},"end":{"line":135,"column":null}},"type":"if","locations":[{"start":{"line":133,"column":4},"end":{"line":135,"column":null}},{"start":{},"end":{}}],"line":133},"25":{"loc":{"start":{"line":137,"column":4},"end":{"line":155,"column":null}},"type":"if","locations":[{"start":{"line":137,"column":4},"end":{"line":155,"column":null}},{"start":{},"end":{}}],"line":137},"26":{"loc":{"start":{"line":149,"column":6},"end":{"line":153,"column":null}},"type":"if","locations":[{"start":{"line":149,"column":6},"end":{"line":153,"column":null}},{"start":{"line":151,"column":6},"end":{"line":153,"column":null}}],"line":149},"27":{"loc":{"start":{"line":151,"column":6},"end":{"line":153,"column":null}},"type":"if","locations":[{"start":{"line":151,"column":6},"end":{"line":153,"column":null}},{"start":{},"end":{}}],"line":151},"28":{"loc":{"start":{"line":154,"column":22},"end":{"line":154,"column":76}},"type":"binary-expr","locations":[{"start":{"line":154,"column":22},"end":{"line":154,"column":43}},{"start":{"line":154,"column":43},"end":{"line":154,"column":76}}],"line":154},"29":{"loc":{"start":{"line":158,"column":4},"end":{"line":160,"column":null}},"type":"if","locations":[{"start":{"line":158,"column":4},"end":{"line":160,"column":null}},{"start":{},"end":{}}],"line":158},"30":{"loc":{"start":{"line":159,"column":22},"end":{"line":159,"column":74}},"type":"binary-expr","locations":[{"start":{"line":159,"column":22},"end":{"line":159,"column":38}},{"start":{"line":159,"column":38},"end":{"line":159,"column":74}}],"line":159}},"s":{"0":3,"1":3,"2":0,"3":0,"4":0,"5":0,"6":0,"7":0,"8":0,"9":0,"10":0,"11":0,"12":0,"13":0,"14":0,"15":0,"16":0,"17":0,"18":0,"19":0,"20":0,"21":0,"22":0,"23":0,"24":0,"25":0,"26":0,"27":0,"28":0,"29":0,"30":0,"31":0,"32":0,"33":0,"34":0,"35":0,"36":0,"37":0,"38":0,"39":0,"40":0,"41":0,"42":0,"43":0,"44":0,"45":0,"46":0,"47":0,"48":0,"49":0,"50":0,"51":0,"52":0,"53":0,"54":0,"55":0,"56":0,"57":0,"58":0},"f":{"0":0,"1":0,"2":0,"3":0},"b":{"0":[0],"1":[0],"2":[0],"3":[0,0],"4":[0,0],"5":[0,0],"6":[0,0],"7":[0,0],"8":[0,0],"9":[0,0],"10":[0,0],"11":[0,0],"12":[0,0],"13":[0,0],"14":[0,0],"15":[0,0],"16":[0,0],"17":[0,0],"18":[0,0],"19":[0,0],"20":[0,0],"21":[0,0],"22":[0,0],"23":[0,0],"24":[0,0],"25":[0,0],"26":[0,0],"27":[0,0],"28":[0,0],"29":[0,0],"30":[0,0]},"meta":{"lastBranch":31,"lastFunction":4,"lastStatement":59,"seen":{"s:9:17:9:Infinity":0,"s:11:29:162:Infinity":1,"f:15:10:15:17":0,"b:15:34:15:38":0,"b:15:55:15:59":1,"b:15:76:15:118":2,"s:16:24:16:Infinity":2,"b:17:4:17:Infinity:undefined:undefined:undefined:undefined":3,"s:17:4:17:Infinity":3,"s:17:16:17:Infinity":4,"b:18:4:18:Infinity:undefined:undefined:undefined:undefined":4,"s:18:4:18:Infinity":5,"s:18:16:18:Infinity":6,"b:19:4:19:Infinity:undefined:undefined:undefined:undefined":5,"s:19:4:19:Infinity":7,"s:19:16:19:Infinity":8,"s:21:16:21:Infinity":9,"s:22:16:27:Infinity":10,"b:29:4:38:Infinity:undefined:undefined:undefined:undefined":6,"s:29:4:38:Infinity":11,"s:31:6:36:Infinity":12,"s:32:8:32:Infinity":13,"s:35:8:35:Infinity":14,"s:37:6:37:Infinity":15,"b:37:22:37:43:37:43:37:76":7,"s:40:17:40:Infinity":16,"s:42:4:42:Infinity":17,"s:43:4:43:Infinity":18,"b:43:38:43:65:43:65:43:66":8,"b:45:4:47:Infinity:undefined:undefined:undefined:undefined":9,"s:45:4:47:Infinity":19,"b:45:8:45:24:45:24:45:56":10,"s:46:6:46:Infinity":20,"s:48:4:48:Infinity":21,"b:48:20:48:36:48:36:48:72":11,"f:54:10:54:17":1,"s:55:16:68:Infinity":22,"s:70:17:70:Infinity":23,"b:72:4:80:Infinity:undefined:undefined:undefined:undefined":12,"s:72:4:80:Infinity":24,"b:74:6:78:Infinity:76:6:78:Infinity":13,"s:74:6:78:Infinity":25,"s:75:8:75:Infinity":26,"b:76:6:78:Infinity:undefined:undefined:undefined:undefined":14,"s:76:6:78:Infinity":27,"s:77:8:77:Infinity":28,"s:79:6:79:Infinity":29,"b:79:22:79:38:79:38:79:71":15,"b:82:4:84:Infinity:undefined:undefined:undefined:undefined":16,"s:82:4:84:Infinity":30,"s:83:6:83:Infinity":31,"s:85:4:85:Infinity":32,"b:85:20:85:36:85:36:85:74":17,"f:91:10:91:17":2,"s:92:16:104:Infinity":33,"s:106:17:106:Infinity":34,"b:108:4:116:Infinity:undefined:undefined:undefined:undefined":18,"s:108:4:116:Infinity":35,"b:110:6:114:Infinity:112:6:114:Infinity":19,"s:110:6:114:Infinity":36,"s:111:8:111:Infinity":37,"b:112:6:114:Infinity:undefined:undefined:undefined:undefined":20,"s:112:6:114:Infinity":38,"s:113:8:113:Infinity":39,"s:115:6:115:Infinity":40,"b:115:22:115:38:115:38:115:71":21,"b:118:4:120:Infinity:undefined:undefined:undefined:undefined":22,"s:118:4:120:Infinity":41,"s:119:6:119:Infinity":42,"b:119:22:119:38:119:38:119:80":23,"f:126:10:126:17":3,"s:127:16:130:Infinity":43,"b:133:4:135:Infinity:undefined:undefined:undefined:undefined":24,"s:133:4:135:Infinity":44,"s:134:6:134:Infinity":45,"b:137:4:155:Infinity:undefined:undefined:undefined:undefined":25,"s:137:4:155:Infinity":46,"s:140:6:146:Infinity":47,"s:141:26:141:Infinity":48,"s:142:8:142:Infinity":49,"s:145:8:145:Infinity":50,"b:149:6:153:Infinity:151:6:153:Infinity":26,"s:149:6:153:Infinity":51,"s:150:8:150:Infinity":52,"b:151:6:153:Infinity:undefined:undefined:undefined:undefined":27,"s:151:6:153:Infinity":53,"s:152:8:152:Infinity":54,"s:154:6:154:Infinity":55,"b:154:22:154:43:154:43:154:76":28,"s:157:17:157:Infinity":56,"b:158:4:160:Infinity:undefined:undefined:undefined:undefined":29,"s:158:4:160:Infinity":57,"s:159:6:159:Infinity":58,"b:159:22:159:38:159:38:159:74":30}}}
,"C:\\Users\\leiff\\vscProjects\\talentbinder-monorepo\\packages\\frontend\\src\\api\\eventsAPI.ts": {"path":"C:\\Users\\leiff\\vscProjects\\talentbinder-monorepo\\packages\\frontend\\src\\api\\eventsAPI.ts","statementMap":{"0":{"start":{"line":9,"column":17},"end":{"line":9,"column":null}},"1":{"start":{"line":11,"column":25},"end":{"line":166,"column":null}},"2":{"start":{"line":16,"column":16},"end":{"line":16,"column":null}},"3":{"start":{"line":18,"column":4},"end":{"line":36,"column":null}},"4":{"start":{"line":21,"column":6},"end":{"line":27,"column":null}},"5":{"start":{"line":22,"column":26},"end":{"line":22,"column":null}},"6":{"start":{"line":23,"column":8},"end":{"line":23,"column":null}},"7":{"start":{"line":26,"column":8},"end":{"line":26,"column":null}},"8":{"start":{"line":30,"column":6},"end":{"line":34,"column":null}},"9":{"start":{"line":31,"column":8},"end":{"line":31,"column":null}},"10":{"start":{"line":32,"column":6},"end":{"line":34,"column":null}},"11":{"start":{"line":33,"column":8},"end":{"line":33,"column":null}},"12":{"start":{"line":35,"column":6},"end":{"line":35,"column":null}},"13":{"start":{"line":38,"column":17},"end":{"line":38,"column":null}},"14":{"start":{"line":39,"column":4},"end":{"line":41,"column":null}},"15":{"start":{"line":40,"column":6},"end":{"line":40,"column":null}},"16":{"start":{"line":42,"column":4},"end":{"line":42,"column":null}},"17":{"start":{"line":49,"column":16},"end":{"line":66,"column":null}},"18":{"start":{"line":68,"column":17},"end":{"line":68,"column":null}},"19":{"start":{"line":70,"column":4},"end":{"line":78,"column":null}},"20":{"start":{"line":72,"column":6},"end":{"line":76,"column":null}},"21":{"start":{"line":73,"column":8},"end":{"line":73,"column":null}},"22":{"start":{"line":74,"column":6},"end":{"line":76,"column":null}},"23":{"start":{"line":75,"column":8},"end":{"line":75,"column":null}},"24":{"start":{"line":77,"column":6},"end":{"line":77,"column":null}},"25":{"start":{"line":80,"column":4},"end":{"line":82,"column":null}},"26":{"start":{"line":81,"column":6},"end":{"line":81,"column":null}},"27":{"start":{"line":83,"column":4},"end":{"line":83,"column":null}},"28":{"start":{"line":90,"column":16},"end":{"line":107,"column":null}},"29":{"start":{"line":109,"column":17},"end":{"line":109,"column":null}},"30":{"start":{"line":111,"column":4},"end":{"line":119,"column":null}},"31":{"start":{"line":113,"column":6},"end":{"line":117,"column":null}},"32":{"start":{"line":114,"column":8},"end":{"line":114,"column":null}},"33":{"start":{"line":115,"column":6},"end":{"line":117,"column":null}},"34":{"start":{"line":116,"column":8},"end":{"line":116,"column":null}},"35":{"start":{"line":118,"column":6},"end":{"line":118,"column":null}},"36":{"start":{"line":121,"column":4},"end":{"line":123,"column":null}},"37":{"start":{"line":122,"column":6},"end":{"line":122,"column":null}},"38":{"start":{"line":124,"column":4},"end":{"line":124,"column":null}},"39":{"start":{"line":131,"column":16},"end":{"line":134,"column":null}},"40":{"start":{"line":137,"column":4},"end":{"line":139,"column":null}},"41":{"start":{"line":138,"column":6},"end":{"line":138,"column":null}},"42":{"start":{"line":141,"column":4},"end":{"line":159,"column":null}},"43":{"start":{"line":144,"column":6},"end":{"line":150,"column":null}},"44":{"start":{"line":145,"column":26},"end":{"line":145,"column":null}},"45":{"start":{"line":146,"column":8},"end":{"line":146,"column":null}},"46":{"start":{"line":149,"column":8},"end":{"line":149,"column":null}},"47":{"start":{"line":153,"column":6},"end":{"line":157,"column":null}},"48":{"start":{"line":154,"column":8},"end":{"line":154,"column":null}},"49":{"start":{"line":155,"column":6},"end":{"line":157,"column":null}},"50":{"start":{"line":156,"column":8},"end":{"line":156,"column":null}},"51":{"start":{"line":158,"column":6},"end":{"line":158,"column":null}},"52":{"start":{"line":161,"column":17},"end":{"line":161,"column":null}},"53":{"start":{"line":162,"column":4},"end":{"line":164,"column":null}},"54":{"start":{"line":163,"column":6},"end":{"line":163,"column":null}}},"fnMap":{"0":{"name":"(anonymous_0)","decl":{"start":{"line":15,"column":10},"end":{"line":15,"column":40}},"loc":{"start":{"line":15,"column":40},"end":{"line":43,"column":null}},"line":15},"1":{"name":"(anonymous_1)","decl":{"start":{"line":48,"column":10},"end":{"line":48,"column":17}},"loc":{"start":{"line":48,"column":54},"end":{"line":84,"column":null}},"line":48},"2":{"name":"(anonymous_2)","decl":{"start":{"line":89,"column":10},"end":{"line":89,"column":17}},"loc":{"start":{"line":89,"column":66},"end":{"line":125,"column":null}},"line":89},"3":{"name":"(anonymous_3)","decl":{"start":{"line":130,"column":10},"end":{"line":130,"column":17}},"loc":{"start":{"line":130,"column":47},"end":{"line":165,"column":null}},"line":130}},"branchMap":{"0":{"loc":{"start":{"line":18,"column":4},"end":{"line":36,"column":null}},"type":"if","locations":[{"start":{"line":18,"column":4},"end":{"line":36,"column":null}},{"start":{},"end":{}}],"line":18},"1":{"loc":{"start":{"line":30,"column":6},"end":{"line":34,"column":null}},"type":"if","locations":[{"start":{"line":30,"column":6},"end":{"line":34,"column":null}},{"start":{"line":32,"column":6},"end":{"line":34,"column":null}}],"line":30},"2":{"loc":{"start":{"line":32,"column":6},"end":{"line":34,"column":null}},"type":"if","locations":[{"start":{"line":32,"column":6},"end":{"line":34,"column":null}},{"start":{},"end":{}}],"line":32},"3":{"loc":{"start":{"line":35,"column":22},"end":{"line":35,"column":76}},"type":"binary-expr","locations":[{"start":{"line":35,"column":22},"end":{"line":35,"column":43}},{"start":{"line":35,"column":43},"end":{"line":35,"column":76}}],"line":35},"4":{"loc":{"start":{"line":39,"column":4},"end":{"line":41,"column":null}},"type":"if","locations":[{"start":{"line":39,"column":4},"end":{"line":41,"column":null}},{"start":{},"end":{}}],"line":39},"5":{"loc":{"start":{"line":39,"column":8},"end":{"line":39,"column":52}},"type":"binary-expr","locations":[{"start":{"line":39,"column":8},"end":{"line":39,"column":24}},{"start":{"line":39,"column":24},"end":{"line":39,"column":52}}],"line":39},"6":{"loc":{"start":{"line":42,"column":20},"end":{"line":42,"column":68}},"type":"binary-expr","locations":[{"start":{"line":42,"column":20},"end":{"line":42,"column":36}},{"start":{"line":42,"column":36},"end":{"line":42,"column":68}}],"line":42},"7":{"loc":{"start":{"line":70,"column":4},"end":{"line":78,"column":null}},"type":"if","locations":[{"start":{"line":70,"column":4},"end":{"line":78,"column":null}},{"start":{},"end":{}}],"line":70},"8":{"loc":{"start":{"line":72,"column":6},"end":{"line":76,"column":null}},"type":"if","locations":[{"start":{"line":72,"column":6},"end":{"line":76,"column":null}},{"start":{"line":74,"column":6},"end":{"line":76,"column":null}}],"line":72},"9":{"loc":{"start":{"line":74,"column":6},"end":{"line":76,"column":null}},"type":"if","locations":[{"start":{"line":74,"column":6},"end":{"line":76,"column":null}},{"start":{},"end":{}}],"line":74},"10":{"loc":{"start":{"line":77,"column":22},"end":{"line":77,"column":71}},"type":"binary-expr","locations":[{"start":{"line":77,"column":22},"end":{"line":77,"column":38}},{"start":{"line":77,"column":38},"end":{"line":77,"column":71}}],"line":77},"11":{"loc":{"start":{"line":80,"column":4},"end":{"line":82,"column":null}},"type":"if","locations":[{"start":{"line":80,"column":4},"end":{"line":82,"column":null}},{"start":{},"end":{}}],"line":80},"12":{"loc":{"start":{"line":83,"column":20},"end":{"line":83,"column":70}},"type":"binary-expr","locations":[{"start":{"line":83,"column":20},"end":{"line":83,"column":36}},{"start":{"line":83,"column":36},"end":{"line":83,"column":70}}],"line":83},"13":{"loc":{"start":{"line":111,"column":4},"end":{"line":119,"column":null}},"type":"if","locations":[{"start":{"line":111,"column":4},"end":{"line":119,"column":null}},{"start":{},"end":{}}],"line":111},"14":{"loc":{"start":{"line":113,"column":6},"end":{"line":117,"column":null}},"type":"if","locations":[{"start":{"line":113,"column":6},"end":{"line":117,"column":null}},{"start":{"line":115,"column":6},"end":{"line":117,"column":null}}],"line":113},"15":{"loc":{"start":{"line":115,"column":6},"end":{"line":117,"column":null}},"type":"if","locations":[{"start":{"line":115,"column":6},"end":{"line":117,"column":null}},{"start":{},"end":{}}],"line":115},"16":{"loc":{"start":{"line":118,"column":22},"end":{"line":118,"column":71}},"type":"binary-expr","locations":[{"start":{"line":118,"column":22},"end":{"line":118,"column":38}},{"start":{"line":118,"column":38},"end":{"line":118,"column":71}}],"line":118},"17":{"loc":{"start":{"line":121,"column":4},"end":{"line":123,"column":null}},"type":"if","locations":[{"start":{"line":121,"column":4},"end":{"line":123,"column":null}},{"start":{},"end":{}}],"line":121},"18":{"loc":{"start":{"line":124,"column":20},"end":{"line":124,"column":74}},"type":"binary-expr","locations":[{"start":{"line":124,"column":20},"end":{"line":124,"column":36}},{"start":{"line":124,"column":36},"end":{"line":124,"column":74}}],"line":124},"19":{"loc":{"start":{"line":137,"column":4},"end":{"line":139,"column":null}},"type":"if","locations":[{"start":{"line":137,"column":4},"end":{"line":139,"column":null}},{"start":{},"end":{}}],"line":137},"20":{"loc":{"start":{"line":141,"column":4},"end":{"line":159,"column":null}},"type":"if","locations":[{"start":{"line":141,"column":4},"end":{"line":159,"column":null}},{"start":{},"end":{}}],"line":141},"21":{"loc":{"start":{"line":153,"column":6},"end":{"line":157,"column":null}},"type":"if","locations":[{"start":{"line":153,"column":6},"end":{"line":157,"column":null}},{"start":{"line":155,"column":6},"end":{"line":157,"column":null}}],"line":153},"22":{"loc":{"start":{"line":155,"column":6},"end":{"line":157,"column":null}},"type":"if","locations":[{"start":{"line":155,"column":6},"end":{"line":157,"column":null}},{"start":{},"end":{}}],"line":155},"23":{"loc":{"start":{"line":158,"column":22},"end":{"line":158,"column":76}},"type":"binary-expr","locations":[{"start":{"line":158,"column":22},"end":{"line":158,"column":43}},{"start":{"line":158,"column":43},"end":{"line":158,"column":76}}],"line":158},"24":{"loc":{"start":{"line":162,"column":4},"end":{"line":164,"column":null}},"type":"if","locations":[{"start":{"line":162,"column":4},"end":{"line":164,"column":null}},{"start":{},"end":{}}],"line":162},"25":{"loc":{"start":{"line":163,"column":22},"end":{"line":163,"column":70}},"type":"binary-expr","locations":[{"start":{"line":163,"column":22},"end":{"line":163,"column":38}},{"start":{"line":163,"column":38},"end":{"line":163,"column":70}}],"line":163}},"s":{"0":1,"1":1,"2":3,"3":0,"4":0,"5":0,"6":0,"7":0,"8":0,"9":0,"10":0,"11":0,"12":0,"13":0,"14":0,"15":0,"16":0,"17":0,"18":0,"19":0,"20":0,"21":0,"22":0,"23":0,"24":0,"25":0,"26":0,"27":0,"28":0,"29":0,"30":0,"31":0,"32":0,"33":0,"34":0,"35":0,"36":0,"37":0,"38":0,"39":0,"40":0,"41":0,"42":0,"43":0,"44":0,"45":0,"46":0,"47":0,"48":0,"49":0,"50":0,"51":0,"52":0,"53":0,"54":0},"f":{"0":3,"1":0,"2":0,"3":0},"b":{"0":[0,0],"1":[0,0],"2":[0,0],"3":[0,0],"4":[0,0],"5":[0,0],"6":[0,0],"7":[0,0],"8":[0,0],"9":[0,0],"10":[0,0],"11":[0,0],"12":[0,0],"13":[0,0],"14":[0,0],"15":[0,0],"16":[0,0],"17":[0,0],"18":[0,0],"19":[0,0],"20":[0,0],"21":[0,0],"22":[0,0],"23":[0,0],"24":[0,0],"25":[0,0]},"meta":{"lastBranch":26,"lastFunction":4,"lastStatement":55,"seen":{"s:9:17:9:Infinity":0,"s:11:25:166:Infinity":1,"f:15:10:15:40":0,"s:16:16:16:Infinity":2,"b:18:4:36:Infinity:undefined:undefined:undefined:undefined":0,"s:18:4:36:Infinity":3,"s:21:6:27:Infinity":4,"s:22:26:22:Infinity":5,"s:23:8:23:Infinity":6,"s:26:8:26:Infinity":7,"b:30:6:34:Infinity:32:6:34:Infinity":1,"s:30:6:34:Infinity":8,"s:31:8:31:Infinity":9,"b:32:6:34:Infinity:undefined:undefined:undefined:undefined":2,"s:32:6:34:Infinity":10,"s:33:8:33:Infinity":11,"s:35:6:35:Infinity":12,"b:35:22:35:43:35:43:35:76":3,"s:38:17:38:Infinity":13,"b:39:4:41:Infinity:undefined:undefined:undefined:undefined":4,"s:39:4:41:Infinity":14,"b:39:8:39:24:39:24:39:52":5,"s:40:6:40:Infinity":15,"s:42:4:42:Infinity":16,"b:42:20:42:36:42:36:42:68":6,"f:48:10:48:17":1,"s:49:16:66:Infinity":17,"s:68:17:68:Infinity":18,"b:70:4:78:Infinity:undefined:undefined:undefined:undefined":7,"s:70:4:78:Infinity":19,"b:72:6:76:Infinity:74:6:76:Infinity":8,"s:72:6:76:Infinity":20,"s:73:8:73:Infinity":21,"b:74:6:76:Infinity:undefined:undefined:undefined:undefined":9,"s:74:6:76:Infinity":22,"s:75:8:75:Infinity":23,"s:77:6:77:Infinity":24,"b:77:22:77:38:77:38:77:71":10,"b:80:4:82:Infinity:undefined:undefined:undefined:undefined":11,"s:80:4:82:Infinity":25,"s:81:6:81:Infinity":26,"s:83:4:83:Infinity":27,"b:83:20:83:36:83:36:83:70":12,"f:89:10:89:17":2,"s:90:16:107:Infinity":28,"s:109:17:109:Infinity":29,"b:111:4:119:Infinity:undefined:undefined:undefined:undefined":13,"s:111:4:119:Infinity":30,"b:113:6:117:Infinity:115:6:117:Infinity":14,"s:113:6:117:Infinity":31,"s:114:8:114:Infinity":32,"b:115:6:117:Infinity:undefined:undefined:undefined:undefined":15,"s:115:6:117:Infinity":33,"s:116:8:116:Infinity":34,"s:118:6:118:Infinity":35,"b:118:22:118:38:118:38:118:71":16,"b:121:4:123:Infinity:undefined:undefined:undefined:undefined":17,"s:121:4:123:Infinity":36,"s:122:6:122:Infinity":37,"s:124:4:124:Infinity":38,"b:124:20:124:36:124:36:124:74":18,"f:130:10:130:17":3,"s:131:16:134:Infinity":39,"b:137:4:139:Infinity:undefined:undefined:undefined:undefined":19,"s:137:4:139:Infinity":40,"s:138:6:138:Infinity":41,"b:141:4:159:Infinity:undefined:undefined:undefined:undefined":20,"s:141:4:159:Infinity":42,"s:144:6:150:Infinity":43,"s:145:26:145:Infinity":44,"s:146:8:146:Infinity":45,"s:149:8:149:Infinity":46,"b:153:6:157:Infinity:155:6:157:Infinity":21,"s:153:6:157:Infinity":47,"s:154:8:154:Infinity":48,"b:155:6:157:Infinity:undefined:undefined:undefined:undefined":22,"s:155:6:157:Infinity":49,"s:156:8:156:Infinity":50,"s:158:6:158:Infinity":51,"b:158:22:158:43:158:43:158:76":23,"s:161:17:161:Infinity":52,"b:162:4:164:Infinity:undefined:undefined:undefined:undefined":24,"s:162:4:164:Infinity":53,"s:163:6:163:Infinity":54,"b:163:22:163:38:163:38:163:70":25}}}
,"C:\\Users\\leiff\\vscProjects\\talentbinder-monorepo\\packages\\frontend\\src\\api\\lookupAPI.ts": {"path":"C:\\Users\\leiff\\vscProjects\\talentbinder-monorepo\\packages\\frontend\\src\\api\\lookupAPI.ts","statementMap":{"0":{"start":{"line":42,"column":17},"end":{"line":42,"column":null}},"1":{"start":{"line":44,"column":25},"end":{"line":200,"column":null}},"2":{"start":{"line":49,"column":14},"end":{"line":49,"column":null}},"3":{"start":{"line":51,"column":4},"end":{"line":69,"column":null}},"4":{"start":{"line":54,"column":6},"end":{"line":60,"column":null}},"5":{"start":{"line":55,"column":26},"end":{"line":55,"column":null}},"6":{"start":{"line":56,"column":8},"end":{"line":56,"column":null}},"7":{"start":{"line":59,"column":8},"end":{"line":59,"column":null}},"8":{"start":{"line":63,"column":6},"end":{"line":67,"column":null}},"9":{"start":{"line":64,"column":8},"end":{"line":64,"column":null}},"10":{"start":{"line":65,"column":6},"end":{"line":67,"column":null}},"11":{"start":{"line":66,"column":8},"end":{"line":66,"column":null}},"12":{"start":{"line":68,"column":6},"end":{"line":68,"column":null}},"13":{"start":{"line":71,"column":17},"end":{"line":71,"column":null}},"14":{"start":{"line":72,"column":4},"end":{"line":74,"column":null}},"15":{"start":{"line":73,"column":6},"end":{"line":73,"column":null}},"16":{"start":{"line":75,"column":4},"end":{"line":75,"column":null}},"17":{"start":{"line":82,"column":14},"end":{"line":82,"column":null}},"18":{"start":{"line":84,"column":4},"end":{"line":102,"column":null}},"19":{"start":{"line":87,"column":6},"end":{"line":93,"column":null}},"20":{"start":{"line":88,"column":26},"end":{"line":88,"column":null}},"21":{"start":{"line":89,"column":8},"end":{"line":89,"column":null}},"22":{"start":{"line":92,"column":8},"end":{"line":92,"column":null}},"23":{"start":{"line":96,"column":6},"end":{"line":100,"column":null}},"24":{"start":{"line":97,"column":8},"end":{"line":97,"column":null}},"25":{"start":{"line":98,"column":6},"end":{"line":100,"column":null}},"26":{"start":{"line":99,"column":8},"end":{"line":99,"column":null}},"27":{"start":{"line":101,"column":6},"end":{"line":101,"column":null}},"28":{"start":{"line":104,"column":17},"end":{"line":104,"column":null}},"29":{"start":{"line":105,"column":4},"end":{"line":107,"column":null}},"30":{"start":{"line":106,"column":6},"end":{"line":106,"column":null}},"31":{"start":{"line":108,"column":4},"end":{"line":108,"column":null}},"32":{"start":{"line":115,"column":4},"end":{"line":115,"column":null}},"33":{"start":{"line":115,"column":27},"end":{"line":115,"column":null}},"34":{"start":{"line":117,"column":4},"end":{"line":123,"column":null}},"35":{"start":{"line":118,"column":30},"end":{"line":118,"column":null}},"36":{"start":{"line":119,"column":20},"end":{"line":119,"column":null}},"37":{"start":{"line":119,"column":48},"end":{"line":119,"column":73}},"38":{"start":{"line":120,"column":6},"end":{"line":120,"column":null}},"39":{"start":{"line":122,"column":6},"end":{"line":122,"column":null}},"40":{"start":{"line":130,"column":4},"end":{"line":130,"column":null}},"41":{"start":{"line":130,"column":19},"end":{"line":130,"column":null}},"42":{"start":{"line":132,"column":4},"end":{"line":138,"column":null}},"43":{"start":{"line":133,"column":23},"end":{"line":133,"column":null}},"44":{"start":{"line":134,"column":20},"end":{"line":134,"column":null}},"45":{"start":{"line":134,"column":41},"end":{"line":134,"column":58}},"46":{"start":{"line":135,"column":6},"end":{"line":135,"column":null}},"47":{"start":{"line":137,"column":6},"end":{"line":137,"column":null}},"48":{"start":{"line":145,"column":16},"end":{"line":145,"column":null}},"49":{"start":{"line":147,"column":4},"end":{"line":162,"column":null}},"50":{"start":{"line":149,"column":6},"end":{"line":154,"column":null}},"51":{"start":{"line":150,"column":26},"end":{"line":150,"column":null}},"52":{"start":{"line":151,"column":8},"end":{"line":151,"column":null}},"53":{"start":{"line":153,"column":8},"end":{"line":153,"column":null}},"54":{"start":{"line":156,"column":6},"end":{"line":160,"column":null}},"55":{"start":{"line":157,"column":8},"end":{"line":157,"column":null}},"56":{"start":{"line":158,"column":6},"end":{"line":160,"column":null}},"57":{"start":{"line":159,"column":8},"end":{"line":159,"column":null}},"58":{"start":{"line":161,"column":6},"end":{"line":161,"column":null}},"59":{"start":{"line":164,"column":17},"end":{"line":164,"column":null}},"60":{"start":{"line":165,"column":4},"end":{"line":167,"column":null}},"61":{"start":{"line":166,"column":6},"end":{"line":166,"column":null}},"62":{"start":{"line":168,"column":4},"end":{"line":168,"column":null}},"63":{"start":{"line":175,"column":16},"end":{"line":175,"column":null}},"64":{"start":{"line":177,"column":4},"end":{"line":192,"column":null}},"65":{"start":{"line":179,"column":6},"end":{"line":184,"column":null}},"66":{"start":{"line":180,"column":26},"end":{"line":180,"column":null}},"67":{"start":{"line":181,"column":8},"end":{"line":181,"column":null}},"68":{"start":{"line":183,"column":8},"end":{"line":183,"column":null}},"69":{"start":{"line":186,"column":6},"end":{"line":190,"column":null}},"70":{"start":{"line":187,"column":8},"end":{"line":187,"column":null}},"71":{"start":{"line":188,"column":6},"end":{"line":190,"column":null}},"72":{"start":{"line":189,"column":8},"end":{"line":189,"column":null}},"73":{"start":{"line":191,"column":6},"end":{"line":191,"column":null}},"74":{"start":{"line":194,"column":17},"end":{"line":194,"column":null}},"75":{"start":{"line":195,"column":4},"end":{"line":197,"column":null}},"76":{"start":{"line":196,"column":6},"end":{"line":196,"column":null}},"77":{"start":{"line":198,"column":4},"end":{"line":198,"column":null}}},"fnMap":{"0":{"name":"(anonymous_0)","decl":{"start":{"line":48,"column":22},"end":{"line":48,"column":61}},"loc":{"start":{"line":48,"column":61},"end":{"line":76,"column":null}},"line":48},"1":{"name":"(anonymous_1)","decl":{"start":{"line":81,"column":15},"end":{"line":81,"column":46}},"loc":{"start":{"line":81,"column":46},"end":{"line":109,"column":null}},"line":81},"2":{"name":"(anonymous_2)","decl":{"start":{"line":114,"column":25},"end":{"line":114,"column":32}},"loc":{"start":{"line":114,"column":90},"end":{"line":124,"column":null}},"line":114},"3":{"name":"(anonymous_3)","decl":{"start":{"line":119,"column":41},"end":{"line":119,"column":42}},"loc":{"start":{"line":119,"column":48},"end":{"line":119,"column":73}},"line":119},"4":{"name":"(anonymous_4)","decl":{"start":{"line":129,"column":17},"end":{"line":129,"column":24}},"loc":{"start":{"line":129,"column":74},"end":{"line":139,"column":null}},"line":129},"5":{"name":"(anonymous_5)","decl":{"start":{"line":134,"column":34},"end":{"line":134,"column":35}},"loc":{"start":{"line":134,"column":41},"end":{"line":134,"column":58}},"line":134},"6":{"name":"(anonymous_6)","decl":{"start":{"line":144,"column":16},"end":{"line":144,"column":49}},"loc":{"start":{"line":144,"column":49},"end":{"line":169,"column":null}},"line":144},"7":{"name":"(anonymous_7)","decl":{"start":{"line":174,"column":17},"end":{"line":174,"column":51}},"loc":{"start":{"line":174,"column":51},"end":{"line":199,"column":null}},"line":174}},"branchMap":{"0":{"loc":{"start":{"line":51,"column":4},"end":{"line":69,"column":null}},"type":"if","locations":[{"start":{"line":51,"column":4},"end":{"line":69,"column":null}},{"start":{},"end":{}}],"line":51},"1":{"loc":{"start":{"line":63,"column":6},"end":{"line":67,"column":null}},"type":"if","locations":[{"start":{"line":63,"column":6},"end":{"line":67,"column":null}},{"start":{"line":65,"column":6},"end":{"line":67,"column":null}}],"line":63},"2":{"loc":{"start":{"line":65,"column":6},"end":{"line":67,"column":null}},"type":"if","locations":[{"start":{"line":65,"column":6},"end":{"line":67,"column":null}},{"start":{},"end":{}}],"line":65},"3":{"loc":{"start":{"line":68,"column":22},"end":{"line":68,"column":76}},"type":"binary-expr","locations":[{"start":{"line":68,"column":22},"end":{"line":68,"column":43}},{"start":{"line":68,"column":43},"end":{"line":68,"column":76}}],"line":68},"4":{"loc":{"start":{"line":72,"column":4},"end":{"line":74,"column":null}},"type":"if","locations":[{"start":{"line":72,"column":4},"end":{"line":74,"column":null}},{"start":{},"end":{}}],"line":72},"5":{"loc":{"start":{"line":72,"column":8},"end":{"line":72,"column":61}},"type":"binary-expr","locations":[{"start":{"line":72,"column":8},"end":{"line":72,"column":24}},{"start":{"line":72,"column":24},"end":{"line":72,"column":61}}],"line":72},"6":{"loc":{"start":{"line":75,"column":20},"end":{"line":75,"column":73}},"type":"binary-expr","locations":[{"start":{"line":75,"column":20},"end":{"line":75,"column":36}},{"start":{"line":75,"column":36},"end":{"line":75,"column":73}}],"line":75},"7":{"loc":{"start":{"line":84,"column":4},"end":{"line":102,"column":null}},"type":"if","locations":[{"start":{"line":84,"column":4},"end":{"line":102,"column":null}},{"start":{},"end":{}}],"line":84},"8":{"loc":{"start":{"line":96,"column":6},"end":{"line":100,"column":null}},"type":"if","locations":[{"start":{"line":96,"column":6},"end":{"line":100,"column":null}},{"start":{"line":98,"column":6},"end":{"line":100,"column":null}}],"line":96},"9":{"loc":{"start":{"line":98,"column":6},"end":{"line":100,"column":null}},"type":"if","locations":[{"start":{"line":98,"column":6},"end":{"line":100,"column":null}},{"start":{},"end":{}}],"line":98},"10":{"loc":{"start":{"line":101,"column":22},"end":{"line":101,"column":76}},"type":"binary-expr","locations":[{"start":{"line":101,"column":22},"end":{"line":101,"column":43}},{"start":{"line":101,"column":43},"end":{"line":101,"column":76}}],"line":101},"11":{"loc":{"start":{"line":105,"column":4},"end":{"line":107,"column":null}},"type":"if","locations":[{"start":{"line":105,"column":4},"end":{"line":107,"column":null}},{"start":{},"end":{}}],"line":105},"12":{"loc":{"start":{"line":105,"column":8},"end":{"line":105,"column":54}},"type":"binary-expr","locations":[{"start":{"line":105,"column":8},"end":{"line":105,"column":24}},{"start":{"line":105,"column":24},"end":{"line":105,"column":54}}],"line":105},"13":{"loc":{"start":{"line":108,"column":20},"end":{"line":108,"column":70}},"type":"binary-expr","locations":[{"start":{"line":108,"column":20},"end":{"line":108,"column":36}},{"start":{"line":108,"column":36},"end":{"line":108,"column":70}}],"line":108},"14":{"loc":{"start":{"line":115,"column":4},"end":{"line":115,"column":null}},"type":"if","locations":[{"start":{"line":115,"column":4},"end":{"line":115,"column":null}},{"start":{},"end":{}}],"line":115},"15":{"loc":{"start":{"line":120,"column":13},"end":{"line":120,"column":null}},"type":"cond-expr","locations":[{"start":{"line":120,"column":21},"end":{"line":120,"column":34}},{"start":{"line":120,"column":34},"end":{"line":120,"column":null}}],"line":120},"16":{"loc":{"start":{"line":130,"column":4},"end":{"line":130,"column":null}},"type":"if","locations":[{"start":{"line":130,"column":4},"end":{"line":130,"column":null}},{"start":{},"end":{}}],"line":130},"17":{"loc":{"start":{"line":135,"column":13},"end":{"line":135,"column":null}},"type":"cond-expr","locations":[{"start":{"line":135,"column":21},"end":{"line":135,"column":34}},{"start":{"line":135,"column":34},"end":{"line":135,"column":null}}],"line":135},"18":{"loc":{"start":{"line":147,"column":4},"end":{"line":162,"column":null}},"type":"if","locations":[{"start":{"line":147,"column":4},"end":{"line":162,"column":null}},{"start":{},"end":{}}],"line":147},"19":{"loc":{"start":{"line":156,"column":6},"end":{"line":160,"column":null}},"type":"if","locations":[{"start":{"line":156,"column":6},"end":{"line":160,"column":null}},{"start":{"line":158,"column":6},"end":{"line":160,"column":null}}],"line":156},"20":{"loc":{"start":{"line":158,"column":6},"end":{"line":160,"column":null}},"type":"if","locations":[{"start":{"line":158,"column":6},"end":{"line":160,"column":null}},{"start":{},"end":{}}],"line":158},"21":{"loc":{"start":{"line":161,"column":22},"end":{"line":161,"column":76}},"type":"binary-expr","locations":[{"start":{"line":161,"column":22},"end":{"line":161,"column":43}},{"start":{"line":161,"column":43},"end":{"line":161,"column":76}}],"line":161},"22":{"loc":{"start":{"line":165,"column":4},"end":{"line":167,"column":null}},"type":"if","locations":[{"start":{"line":165,"column":4},"end":{"line":167,"column":null}},{"start":{},"end":{}}],"line":165},"23":{"loc":{"start":{"line":165,"column":8},"end":{"line":165,"column":55}},"type":"binary-expr","locations":[{"start":{"line":165,"column":8},"end":{"line":165,"column":24}},{"start":{"line":165,"column":24},"end":{"line":165,"column":55}}],"line":165},"24":{"loc":{"start":{"line":168,"column":20},"end":{"line":168,"column":71}},"type":"binary-expr","locations":[{"start":{"line":168,"column":20},"end":{"line":168,"column":36}},{"start":{"line":168,"column":36},"end":{"line":168,"column":71}}],"line":168},"25":{"loc":{"start":{"line":177,"column":4},"end":{"line":192,"column":null}},"type":"if","locations":[{"start":{"line":177,"column":4},"end":{"line":192,"column":null}},{"start":{},"end":{}}],"line":177},"26":{"loc":{"start":{"line":186,"column":6},"end":{"line":190,"column":null}},"type":"if","locations":[{"start":{"line":186,"column":6},"end":{"line":190,"column":null}},{"start":{"line":188,"column":6},"end":{"line":190,"column":null}}],"line":186},"27":{"loc":{"start":{"line":188,"column":6},"end":{"line":190,"column":null}},"type":"if","locations":[{"start":{"line":188,"column":6},"end":{"line":190,"column":null}},{"start":{},"end":{}}],"line":188},"28":{"loc":{"start":{"line":191,"column":22},"end":{"line":191,"column":76}},"type":"binary-expr","locations":[{"start":{"line":191,"column":22},"end":{"line":191,"column":43}},{"start":{"line":191,"column":43},"end":{"line":191,"column":76}}],"line":191},"29":{"loc":{"start":{"line":195,"column":4},"end":{"line":197,"column":null}},"type":"if","locations":[{"start":{"line":195,"column":4},"end":{"line":197,"column":null}},{"start":{},"end":{}}],"line":195},"30":{"loc":{"start":{"line":195,"column":8},"end":{"line":195,"column":56}},"type":"binary-expr","locations":[{"start":{"line":195,"column":8},"end":{"line":195,"column":24}},{"start":{"line":195,"column":24},"end":{"line":195,"column":56}}],"line":195},"31":{"loc":{"start":{"line":198,"column":20},"end":{"line":198,"column":73}},"type":"binary-expr","locations":[{"start":{"line":198,"column":20},"end":{"line":198,"column":36}},{"start":{"line":198,"column":36},"end":{"line":198,"column":73}}],"line":198}},"s":{"0":1,"1":1,"2":0,"3":0,"4":0,"5":0,"6":0,"7":0,"8":0,"9":0,"10":0,"11":0,"12":0,"13":0,"14":0,"15":0,"16":0,"17":0,"18":0,"19":0,"20":0,"21":0,"22":0,"23":0,"24":0,"25":0,"26":0,"27":0,"28":0,"29":0,"30":0,"31":0,"32":0,"33":0,"34":0,"35":0,"36":0,"37":0,"38":0,"39":0,"40":0,"41":0,"42":0,"43":0,"44":0,"45":0,"46":0,"47":0,"48":0,"49":0,"50":0,"51":0,"52":0,"53":0,"54":0,"55":0,"56":0,"57":0,"58":0,"59":0,"60":0,"61":0,"62":0,"63":0,"64":0,"65":0,"66":0,"67":0,"68":0,"69":0,"70":0,"71":0,"72":0,"73":0,"74":0,"75":0,"76":0,"77":0},"f":{"0":0,"1":0,"2":0,"3":0,"4":0,"5":0,"6":0,"7":0},"b":{"0":[0,0],"1":[0,0],"2":[0,0],"3":[0,0],"4":[0,0],"5":[0,0],"6":[0,0],"7":[0,0],"8":[0,0],"9":[0,0],"10":[0,0],"11":[0,0],"12":[0,0],"13":[0,0],"14":[0,0],"15":[0,0],"16":[0,0],"17":[0,0],"18":[0,0],"19":[0,0],"20":[0,0],"21":[0,0],"22":[0,0],"23":[0,0],"24":[0,0],"25":[0,0],"26":[0,0],"27":[0,0],"28":[0,0],"29":[0,0],"30":[0,0],"31":[0,0]},"meta":{"lastBranch":32,"lastFunction":8,"lastStatement":78,"seen":{"s:42:17:42:Infinity":0,"s:44:25:200:Infinity":1,"f:48:22:48:61":0,"s:49:14:49:Infinity":2,"b:51:4:69:Infinity:undefined:undefined:undefined:undefined":0,"s:51:4:69:Infinity":3,"s:54:6:60:Infinity":4,"s:55:26:55:Infinity":5,"s:56:8:56:Infinity":6,"s:59:8:59:Infinity":7,"b:63:6:67:Infinity:65:6:67:Infinity":1,"s:63:6:67:Infinity":8,"s:64:8:64:Infinity":9,"b:65:6:67:Infinity:undefined:undefined:undefined:undefined":2,"s:65:6:67:Infinity":10,"s:66:8:66:Infinity":11,"s:68:6:68:Infinity":12,"b:68:22:68:43:68:43:68:76":3,"s:71:17:71:Infinity":13,"b:72:4:74:Infinity:undefined:undefined:undefined:undefined":4,"s:72:4:74:Infinity":14,"b:72:8:72:24:72:24:72:61":5,"s:73:6:73:Infinity":15,"s:75:4:75:Infinity":16,"b:75:20:75:36:75:36:75:73":6,"f:81:15:81:46":1,"s:82:14:82:Infinity":17,"b:84:4:102:Infinity:undefined:undefined:undefined:undefined":7,"s:84:4:102:Infinity":18,"s:87:6:93:Infinity":19,"s:88:26:88:Infinity":20,"s:89:8:89:Infinity":21,"s:92:8:92:Infinity":22,"b:96:6:100:Infinity:98:6:100:Infinity":8,"s:96:6:100:Infinity":23,"s:97:8:97:Infinity":24,"b:98:6:100:Infinity:undefined:undefined:undefined:undefined":9,"s:98:6:100:Infinity":25,"s:99:8:99:Infinity":26,"s:101:6:101:Infinity":27,"b:101:22:101:43:101:43:101:76":10,"s:104:17:104:Infinity":28,"b:105:4:107:Infinity:undefined:undefined:undefined:undefined":11,"s:105:4:107:Infinity":29,"b:105:8:105:24:105:24:105:54":12,"s:106:6:106:Infinity":30,"s:108:4:108:Infinity":31,"b:108:20:108:36:108:36:108:70":13,"f:114:25:114:32":2,"b:115:4:115:Infinity:undefined:undefined:undefined:undefined":14,"s:115:4:115:Infinity":32,"s:115:27:115:Infinity":33,"s:117:4:123:Infinity":34,"s:118:30:118:Infinity":35,"s:119:20:119:Infinity":36,"f:119:41:119:42":3,"s:119:48:119:73":37,"s:120:6:120:Infinity":38,"b:120:21:120:34:120:34:120:Infinity":15,"s:122:6:122:Infinity":39,"f:129:17:129:24":4,"b:130:4:130:Infinity:undefined:undefined:undefined:undefined":16,"s:130:4:130:Infinity":40,"s:130:19:130:Infinity":41,"s:132:4:138:Infinity":42,"s:133:23:133:Infinity":43,"s:134:20:134:Infinity":44,"f:134:34:134:35":5,"s:134:41:134:58":45,"s:135:6:135:Infinity":46,"b:135:21:135:34:135:34:135:Infinity":17,"s:137:6:137:Infinity":47,"f:144:16:144:49":6,"s:145:16:145:Infinity":48,"b:147:4:162:Infinity:undefined:undefined:undefined:undefined":18,"s:147:4:162:Infinity":49,"s:149:6:154:Infinity":50,"s:150:26:150:Infinity":51,"s:151:8:151:Infinity":52,"s:153:8:153:Infinity":53,"b:156:6:160:Infinity:158:6:160:Infinity":19,"s:156:6:160:Infinity":54,"s:157:8:157:Infinity":55,"b:158:6:160:Infinity:undefined:undefined:undefined:undefined":20,"s:158:6:160:Infinity":56,"s:159:8:159:Infinity":57,"s:161:6:161:Infinity":58,"b:161:22:161:43:161:43:161:76":21,"s:164:17:164:Infinity":59,"b:165:4:167:Infinity:undefined:undefined:undefined:undefined":22,"s:165:4:167:Infinity":60,"b:165:8:165:24:165:24:165:55":23,"s:166:6:166:Infinity":61,"s:168:4:168:Infinity":62,"b:168:20:168:36:168:36:168:71":24,"f:174:17:174:51":7,"s:175:16:175:Infinity":63,"b:177:4:192:Infinity:undefined:undefined:undefined:undefined":25,"s:177:4:192:Infinity":64,"s:179:6:184:Infinity":65,"s:180:26:180:Infinity":66,"s:181:8:181:Infinity":67,"s:183:8:183:Infinity":68,"b:186:6:190:Infinity:188:6:190:Infinity":26,"s:186:6:190:Infinity":69,"s:187:8:187:Infinity":70,"b:188:6:190:Infinity:undefined:undefined:undefined:undefined":27,"s:188:6:190:Infinity":71,"s:189:8:189:Infinity":72,"s:191:6:191:Infinity":73,"b:191:22:191:43:191:43:191:76":28,"s:194:17:194:Infinity":74,"b:195:4:197:Infinity:undefined:undefined:undefined:undefined":29,"s:195:4:197:Infinity":75,"b:195:8:195:24:195:24:195:56":30,"s:196:6:196:Infinity":76,"s:198:4:198:Infinity":77,"b:198:20:198:36:198:36:198:73":31}}}
,"C:\\Users\\leiff\\vscProjects\\talentbinder-monorepo\\packages\\frontend\\src\\api\\recruitersAPI.ts": {"path":"C:\\Users\\leiff\\vscProjects\\talentbinder-monorepo\\packages\\frontend\\src\\api\\recruitersAPI.ts","statementMap":{"0":{"start":{"line":3,"column":17},"end":{"line":3,"column":null}},"1":{"start":{"line":5,"column":29},"end":{"line":211,"column":null}},"2":{"start":{"line":7,"column":4},"end":{"line":22,"column":null}},"3":{"start":{"line":8,"column":18},"end":{"line":8,"column":null}},"4":{"start":{"line":9,"column":6},"end":{"line":12,"column":null}},"5":{"start":{"line":10,"column":8},"end":{"line":10,"column":null}},"6":{"start":{"line":11,"column":8},"end":{"line":11,"column":null}},"7":{"start":{"line":13,"column":19},"end":{"line":13,"column":null}},"8":{"start":{"line":15,"column":6},"end":{"line":15,"column":null}},"9":{"start":{"line":15,"column":31},"end":{"line":15,"column":null}},"10":{"start":{"line":17,"column":6},"end":{"line":17,"column":null}},"11":{"start":{"line":17,"column":57},"end":{"line":17,"column":null}},"12":{"start":{"line":18,"column":6},"end":{"line":18,"column":null}},"13":{"start":{"line":20,"column":6},"end":{"line":20,"column":null}},"14":{"start":{"line":21,"column":6},"end":{"line":21,"column":null}},"15":{"start":{"line":29,"column":4},"end":{"line":48,"column":null}},"16":{"start":{"line":30,"column":18},"end":{"line":32,"column":null}},"17":{"start":{"line":34,"column":6},"end":{"line":37,"column":null}},"18":{"start":{"line":35,"column":8},"end":{"line":35,"column":null}},"19":{"start":{"line":36,"column":8},"end":{"line":36,"column":null}},"20":{"start":{"line":39,"column":19},"end":{"line":39,"column":null}},"21":{"start":{"line":40,"column":6},"end":{"line":42,"column":null}},"22":{"start":{"line":41,"column":8},"end":{"line":41,"column":null}},"23":{"start":{"line":43,"column":6},"end":{"line":43,"column":null}},"24":{"start":{"line":44,"column":6},"end":{"line":44,"column":null}},"25":{"start":{"line":46,"column":6},"end":{"line":46,"column":null}},"26":{"start":{"line":47,"column":6},"end":{"line":47,"column":null}},"27":{"start":{"line":55,"column":4},"end":{"line":77,"column":null}},"28":{"start":{"line":56,"column":18},"end":{"line":58,"column":null}},"29":{"start":{"line":60,"column":6},"end":{"line":63,"column":null}},"30":{"start":{"line":61,"column":8},"end":{"line":61,"column":null}},"31":{"start":{"line":62,"column":8},"end":{"line":62,"column":null}},"32":{"start":{"line":65,"column":19},"end":{"line":65,"column":null}},"33":{"start":{"line":66,"column":6},"end":{"line":71,"column":null}},"34":{"start":{"line":67,"column":8},"end":{"line":70,"column":null}},"35":{"start":{"line":72,"column":6},"end":{"line":72,"column":null}},"36":{"start":{"line":73,"column":6},"end":{"line":73,"column":null}},"37":{"start":{"line":75,"column":6},"end":{"line":75,"column":null}},"38":{"start":{"line":76,"column":6},"end":{"line":76,"column":null}},"39":{"start":{"line":84,"column":4},"end":{"line":105,"column":null}},"40":{"start":{"line":85,"column":18},"end":{"line":90,"column":null}},"41":{"start":{"line":92,"column":6},"end":{"line":95,"column":null}},"42":{"start":{"line":93,"column":24},"end":{"line":93,"column":null}},"43":{"start":{"line":93,"column":54},"end":{"line":93,"column":57}},"44":{"start":{"line":94,"column":8},"end":{"line":94,"column":null}},"45":{"start":{"line":97,"column":19},"end":{"line":97,"column":null}},"46":{"start":{"line":98,"column":6},"end":{"line":100,"column":null}},"47":{"start":{"line":99,"column":8},"end":{"line":99,"column":null}},"48":{"start":{"line":101,"column":6},"end":{"line":101,"column":null}},"49":{"start":{"line":103,"column":6},"end":{"line":103,"column":null}},"50":{"start":{"line":104,"column":6},"end":{"line":104,"column":null}},"51":{"start":{"line":112,"column":4},"end":{"line":143,"column":null}},"52":{"start":{"line":113,"column":18},"end":{"line":116,"column":null}},"53":{"start":{"line":119,"column":6},"end":{"line":121,"column":null}},"54":{"start":{"line":120,"column":8},"end":{"line":120,"column":null}},"55":{"start":{"line":123,"column":6},"end":{"line":133,"column":null}},"56":{"start":{"line":124,"column":26},"end":{"line":124,"column":null}},"57":{"start":{"line":125,"column":27},"end":{"line":125,"column":null}},"58":{"start":{"line":126,"column":8},"end":{"line":131,"column":null}},"59":{"start":{"line":127,"column":26},"end":{"line":127,"column":null}},"60":{"start":{"line":128,"column":10},"end":{"line":128,"column":null}},"61":{"start":{"line":132,"column":8},"end":{"line":132,"column":null}},"62":{"start":{"line":135,"column":19},"end":{"line":135,"column":null}},"63":{"start":{"line":136,"column":6},"end":{"line":138,"column":null}},"64":{"start":{"line":137,"column":8},"end":{"line":137,"column":null}},"65":{"start":{"line":139,"column":6},"end":{"line":139,"column":null}},"66":{"start":{"line":141,"column":6},"end":{"line":141,"column":null}},"67":{"start":{"line":142,"column":6},"end":{"line":142,"column":null}},"68":{"start":{"line":150,"column":4},"end":{"line":171,"column":null}},"69":{"start":{"line":151,"column":18},"end":{"line":156,"column":null}},"70":{"start":{"line":158,"column":6},"end":{"line":161,"column":null}},"71":{"start":{"line":159,"column":24},"end":{"line":159,"column":null}},"72":{"start":{"line":159,"column":54},"end":{"line":159,"column":57}},"73":{"start":{"line":160,"column":8},"end":{"line":160,"column":null}},"74":{"start":{"line":163,"column":19},"end":{"line":163,"column":null}},"75":{"start":{"line":164,"column":6},"end":{"line":166,"column":null}},"76":{"start":{"line":165,"column":8},"end":{"line":165,"column":null}},"77":{"start":{"line":167,"column":6},"end":{"line":167,"column":null}},"78":{"start":{"line":169,"column":6},"end":{"line":169,"column":null}},"79":{"start":{"line":170,"column":6},"end":{"line":170,"column":null}},"80":{"start":{"line":178,"column":4},"end":{"line":209,"column":null}},"81":{"start":{"line":179,"column":18},"end":{"line":182,"column":null}},"82":{"start":{"line":185,"column":6},"end":{"line":187,"column":null}},"83":{"start":{"line":186,"column":8},"end":{"line":186,"column":null}},"84":{"start":{"line":189,"column":6},"end":{"line":199,"column":null}},"85":{"start":{"line":190,"column":26},"end":{"line":190,"column":null}},"86":{"start":{"line":191,"column":27},"end":{"line":191,"column":null}},"87":{"start":{"line":192,"column":8},"end":{"line":197,"column":null}},"88":{"start":{"line":193,"column":26},"end":{"line":193,"column":null}},"89":{"start":{"line":194,"column":10},"end":{"line":194,"column":null}},"90":{"start":{"line":198,"column":8},"end":{"line":198,"column":null}},"91":{"start":{"line":201,"column":19},"end":{"line":201,"column":null}},"92":{"start":{"line":202,"column":6},"end":{"line":204,"column":null}},"93":{"start":{"line":203,"column":8},"end":{"line":203,"column":null}},"94":{"start":{"line":205,"column":6},"end":{"line":205,"column":null}},"95":{"start":{"line":207,"column":6},"end":{"line":207,"column":null}},"96":{"start":{"line":208,"column":6},"end":{"line":208,"column":null}}},"fnMap":{"0":{"name":"(anonymous_0)","decl":{"start":{"line":6,"column":18},"end":{"line":6,"column":30}},"loc":{"start":{"line":6,"column":30},"end":{"line":23,"column":null}},"line":6},"1":{"name":"(anonymous_1)","decl":{"start":{"line":28,"column":22},"end":{"line":28,"column":29}},"loc":{"start":{"line":28,"column":49},"end":{"line":49,"column":null}},"line":28},"2":{"name":"(anonymous_2)","decl":{"start":{"line":54,"column":25},"end":{"line":54,"column":32}},"loc":{"start":{"line":54,"column":52},"end":{"line":78,"column":null}},"line":54},"3":{"name":"(anonymous_3)","decl":{"start":{"line":83,"column":23},"end":{"line":83,"column":30}},"loc":{"start":{"line":83,"column":71},"end":{"line":106,"column":null}},"line":83},"4":{"name":"(anonymous_4)","decl":{"start":{"line":93,"column":47},"end":{"line":93,"column":54}},"loc":{"start":{"line":93,"column":54},"end":{"line":93,"column":57}},"line":93},"5":{"name":"(anonymous_5)","decl":{"start":{"line":111,"column":28},"end":{"line":111,"column":35}},"loc":{"start":{"line":111,"column":76},"end":{"line":144,"column":null}},"line":111},"6":{"name":"(anonymous_6)","decl":{"start":{"line":149,"column":23},"end":{"line":149,"column":30}},"loc":{"start":{"line":149,"column":71},"end":{"line":172,"column":null}},"line":149},"7":{"name":"(anonymous_7)","decl":{"start":{"line":159,"column":47},"end":{"line":159,"column":54}},"loc":{"start":{"line":159,"column":54},"end":{"line":159,"column":57}},"line":159},"8":{"name":"(anonymous_8)","decl":{"start":{"line":177,"column":28},"end":{"line":177,"column":35}},"loc":{"start":{"line":177,"column":76},"end":{"line":210,"column":null}},"line":177}},"branchMap":{"0":{"loc":{"start":{"line":9,"column":6},"end":{"line":12,"column":null}},"type":"if","locations":[{"start":{"line":9,"column":6},"end":{"line":12,"column":null}},{"start":{},"end":{}}],"line":9},"1":{"loc":{"start":{"line":15,"column":6},"end":{"line":15,"column":null}},"type":"if","locations":[{"start":{"line":15,"column":6},"end":{"line":15,"column":null}},{"start":{},"end":{}}],"line":15},"2":{"loc":{"start":{"line":17,"column":6},"end":{"line":17,"column":null}},"type":"if","locations":[{"start":{"line":17,"column":6},"end":{"line":17,"column":null}},{"start":{},"end":{}}],"line":17},"3":{"loc":{"start":{"line":17,"column":10},"end":{"line":17,"column":57}},"type":"binary-expr","locations":[{"start":{"line":17,"column":10},"end":{"line":17,"column":27}},{"start":{"line":17,"column":27},"end":{"line":17,"column":57}}],"line":17},"4":{"loc":{"start":{"line":34,"column":6},"end":{"line":37,"column":null}},"type":"if","locations":[{"start":{"line":34,"column":6},"end":{"line":37,"column":null}},{"start":{},"end":{}}],"line":34},"5":{"loc":{"start":{"line":40,"column":6},"end":{"line":42,"column":null}},"type":"if","locations":[{"start":{"line":40,"column":6},"end":{"line":42,"column":null}},{"start":{},"end":{}}],"line":40},"6":{"loc":{"start":{"line":41,"column":15},"end":{"line":41,"column":null}},"type":"binary-expr","locations":[{"start":{"line":41,"column":15},"end":{"line":41,"column":34}},{"start":{"line":41,"column":34},"end":{"line":41,"column":null}}],"line":41},"7":{"loc":{"start":{"line":60,"column":6},"end":{"line":63,"column":null}},"type":"if","locations":[{"start":{"line":60,"column":6},"end":{"line":63,"column":null}},{"start":{},"end":{}}],"line":60},"8":{"loc":{"start":{"line":66,"column":6},"end":{"line":71,"column":null}},"type":"if","locations":[{"start":{"line":66,"column":6},"end":{"line":71,"column":null}},{"start":{},"end":{}}],"line":66},"9":{"loc":{"start":{"line":68,"column":17},"end":{"line":68,"column":null}},"type":"binary-expr","locations":[{"start":{"line":68,"column":17},"end":{"line":68,"column":31}},{"start":{"line":68,"column":31},"end":{"line":68,"column":null}}],"line":68},"10":{"loc":{"start":{"line":69,"column":25},"end":{"line":69,"column":null}},"type":"binary-expr","locations":[{"start":{"line":69,"column":25},"end":{"line":69,"column":47}},{"start":{"line":69,"column":47},"end":{"line":69,"column":null}}],"line":69},"11":{"loc":{"start":{"line":92,"column":6},"end":{"line":95,"column":null}},"type":"if","locations":[{"start":{"line":92,"column":6},"end":{"line":95,"column":null}},{"start":{},"end":{}}],"line":92},"12":{"loc":{"start":{"line":94,"column":24},"end":{"line":94,"column":76}},"type":"binary-expr","locations":[{"start":{"line":94,"column":24},"end":{"line":94,"column":43}},{"start":{"line":94,"column":43},"end":{"line":94,"column":76}}],"line":94},"13":{"loc":{"start":{"line":98,"column":6},"end":{"line":100,"column":null}},"type":"if","locations":[{"start":{"line":98,"column":6},"end":{"line":100,"column":null}},{"start":{},"end":{}}],"line":98},"14":{"loc":{"start":{"line":101,"column":22},"end":{"line":101,"column":77}},"type":"binary-expr","locations":[{"start":{"line":101,"column":22},"end":{"line":101,"column":38}},{"start":{"line":101,"column":38},"end":{"line":101,"column":77}}],"line":101},"15":{"loc":{"start":{"line":119,"column":6},"end":{"line":121,"column":null}},"type":"if","locations":[{"start":{"line":119,"column":6},"end":{"line":121,"column":null}},{"start":{},"end":{}}],"line":119},"16":{"loc":{"start":{"line":123,"column":6},"end":{"line":133,"column":null}},"type":"if","locations":[{"start":{"line":123,"column":6},"end":{"line":133,"column":null}},{"start":{},"end":{}}],"line":123},"17":{"loc":{"start":{"line":128,"column":25},"end":{"line":128,"column":null}},"type":"binary-expr","locations":[{"start":{"line":128,"column":25},"end":{"line":128,"column":44}},{"start":{"line":128,"column":44},"end":{"line":128,"column":null}}],"line":128},"18":{"loc":{"start":{"line":136,"column":6},"end":{"line":138,"column":null}},"type":"if","locations":[{"start":{"line":136,"column":6},"end":{"line":138,"column":null}},{"start":{},"end":{}}],"line":136},"19":{"loc":{"start":{"line":139,"column":22},"end":{"line":139,"column":76}},"type":"binary-expr","locations":[{"start":{"line":139,"column":22},"end":{"line":139,"column":38}},{"start":{"line":139,"column":38},"end":{"line":139,"column":76}}],"line":139},"20":{"loc":{"start":{"line":158,"column":6},"end":{"line":161,"column":null}},"type":"if","locations":[{"start":{"line":158,"column":6},"end":{"line":161,"column":null}},{"start":{},"end":{}}],"line":158},"21":{"loc":{"start":{"line":160,"column":24},"end":{"line":160,"column":76}},"type":"binary-expr","locations":[{"start":{"line":160,"column":24},"end":{"line":160,"column":43}},{"start":{"line":160,"column":43},"end":{"line":160,"column":76}}],"line":160},"22":{"loc":{"start":{"line":164,"column":6},"end":{"line":166,"column":null}},"type":"if","locations":[{"start":{"line":164,"column":6},"end":{"line":166,"column":null}},{"start":{},"end":{}}],"line":164},"23":{"loc":{"start":{"line":167,"column":22},"end":{"line":167,"column":77}},"type":"binary-expr","locations":[{"start":{"line":167,"column":22},"end":{"line":167,"column":38}},{"start":{"line":167,"column":38},"end":{"line":167,"column":77}}],"line":167},"24":{"loc":{"start":{"line":185,"column":6},"end":{"line":187,"column":null}},"type":"if","locations":[{"start":{"line":185,"column":6},"end":{"line":187,"column":null}},{"start":{},"end":{}}],"line":185},"25":{"loc":{"start":{"line":189,"column":6},"end":{"line":199,"column":null}},"type":"if","locations":[{"start":{"line":189,"column":6},"end":{"line":199,"column":null}},{"start":{},"end":{}}],"line":189},"26":{"loc":{"start":{"line":194,"column":25},"end":{"line":194,"column":null}},"type":"binary-expr","locations":[{"start":{"line":194,"column":25},"end":{"line":194,"column":44}},{"start":{"line":194,"column":44},"end":{"line":194,"column":null}}],"line":194},"27":{"loc":{"start":{"line":202,"column":6},"end":{"line":204,"column":null}},"type":"if","locations":[{"start":{"line":202,"column":6},"end":{"line":204,"column":null}},{"start":{},"end":{}}],"line":202},"28":{"loc":{"start":{"line":205,"column":22},"end":{"line":205,"column":76}},"type":"binary-expr","locations":[{"start":{"line":205,"column":22},"end":{"line":205,"column":38}},{"start":{"line":205,"column":38},"end":{"line":205,"column":76}}],"line":205}},"s":{"0":2,"1":2,"2":0,"3":0,"4":0,"5":0,"6":0,"7":0,"8":0,"9":0,"10":0,"11":0,"12":0,"13":0,"14":0,"15":0,"16":0,"17":0,"18":0,"19":0,"20":0,"21":0,"22":0,"23":0,"24":0,"25":0,"26":0,"27":0,"28":0,"29":0,"30":0,"31":0,"32":0,"33":0,"34":0,"35":0,"36":0,"37":0,"38":0,"39":0,"40":0,"41":0,"42":0,"43":0,"44":0,"45":0,"46":0,"47":0,"48":0,"49":0,"50":0,"51":0,"52":0,"53":0,"54":0,"55":0,"56":0,"57":0,"58":0,"59":0,"60":0,"61":0,"62":0,"63":0,"64":0,"65":0,"66":0,"67":0,"68":0,"69":0,"70":0,"71":0,"72":0,"73":0,"74":0,"75":0,"76":0,"77":0,"78":0,"79":0,"80":0,"81":0,"82":0,"83":0,"84":0,"85":0,"86":0,"87":0,"88":0,"89":0,"90":0,"91":0,"92":0,"93":0,"94":0,"95":0,"96":0},"f":{"0":0,"1":0,"2":0,"3":0,"4":0,"5":0,"6":0,"7":0,"8":0},"b":{"0":[0,0],"1":[0,0],"2":[0,0],"3":[0,0],"4":[0,0],"5":[0,0],"6":[0,0],"7":[0,0],"8":[0,0],"9":[0,0],"10":[0,0],"11":[0,0],"12":[0,0],"13":[0,0],"14":[0,0],"15":[0,0],"16":[0,0],"17":[0,0],"18":[0,0],"19":[0,0],"20":[0,0],"21":[0,0],"22":[0,0],"23":[0,0],"24":[0,0],"25":[0,0],"26":[0,0],"27":[0,0],"28":[0,0]},"meta":{"lastBranch":29,"lastFunction":9,"lastStatement":97,"seen":{"s:3:17:3:Infinity":0,"s:5:29:211:Infinity":1,"f:6:18:6:30":0,"s:7:4:22:Infinity":2,"s:8:18:8:Infinity":3,"b:9:6:12:Infinity:undefined:undefined:undefined:undefined":0,"s:9:6:12:Infinity":4,"s:10:8:10:Infinity":5,"s:11:8:11:Infinity":6,"s:13:19:13:Infinity":7,"b:15:6:15:Infinity:undefined:undefined:undefined:undefined":1,"s:15:6:15:Infinity":8,"s:15:31:15:Infinity":9,"b:17:6:17:Infinity:undefined:undefined:undefined:undefined":2,"s:17:6:17:Infinity":10,"b:17:10:17:27:17:27:17:57":3,"s:17:57:17:Infinity":11,"s:18:6:18:Infinity":12,"s:20:6:20:Infinity":13,"s:21:6:21:Infinity":14,"f:28:22:28:29":1,"s:29:4:48:Infinity":15,"s:30:18:32:Infinity":16,"b:34:6:37:Infinity:undefined:undefined:undefined:undefined":4,"s:34:6:37:Infinity":17,"s:35:8:35:Infinity":18,"s:36:8:36:Infinity":19,"s:39:19:39:Infinity":20,"b:40:6:42:Infinity:undefined:undefined:undefined:undefined":5,"s:40:6:42:Infinity":21,"s:41:8:41:Infinity":22,"b:41:15:41:34:41:34:41:Infinity":6,"s:43:6:43:Infinity":23,"s:44:6:44:Infinity":24,"s:46:6:46:Infinity":25,"s:47:6:47:Infinity":26,"f:54:25:54:32":2,"s:55:4:77:Infinity":27,"s:56:18:58:Infinity":28,"b:60:6:63:Infinity:undefined:undefined:undefined:undefined":7,"s:60:6:63:Infinity":29,"s:61:8:61:Infinity":30,"s:62:8:62:Infinity":31,"s:65:19:65:Infinity":32,"b:66:6:71:Infinity:undefined:undefined:undefined:undefined":8,"s:66:6:71:Infinity":33,"s:67:8:70:Infinity":34,"b:68:17:68:31:68:31:68:Infinity":9,"b:69:25:69:47:69:47:69:Infinity":10,"s:72:6:72:Infinity":35,"s:73:6:73:Infinity":36,"s:75:6:75:Infinity":37,"s:76:6:76:Infinity":38,"f:83:23:83:30":3,"s:84:4:105:Infinity":39,"s:85:18:90:Infinity":40,"b:92:6:95:Infinity:undefined:undefined:undefined:undefined":11,"s:92:6:95:Infinity":41,"s:93:24:93:Infinity":42,"f:93:47:93:54":4,"s:93:54:93:57":43,"s:94:8:94:Infinity":44,"b:94:24:94:43:94:43:94:76":12,"s:97:19:97:Infinity":45,"b:98:6:100:Infinity:undefined:undefined:undefined:undefined":13,"s:98:6:100:Infinity":46,"s:99:8:99:Infinity":47,"s:101:6:101:Infinity":48,"b:101:22:101:38:101:38:101:77":14,"s:103:6:103:Infinity":49,"s:104:6:104:Infinity":50,"f:111:28:111:35":5,"s:112:4:143:Infinity":51,"s:113:18:116:Infinity":52,"b:119:6:121:Infinity:undefined:undefined:undefined:undefined":15,"s:119:6:121:Infinity":53,"s:120:8:120:Infinity":54,"b:123:6:133:Infinity:undefined:undefined:undefined:undefined":16,"s:123:6:133:Infinity":55,"s:124:26:124:Infinity":56,"s:125:27:125:Infinity":57,"s:126:8:131:Infinity":58,"s:127:26:127:Infinity":59,"s:128:10:128:Infinity":60,"b:128:25:128:44:128:44:128:Infinity":17,"s:132:8:132:Infinity":61,"s:135:19:135:Infinity":62,"b:136:6:138:Infinity:undefined:undefined:undefined:undefined":18,"s:136:6:138:Infinity":63,"s:137:8:137:Infinity":64,"s:139:6:139:Infinity":65,"b:139:22:139:38:139:38:139:76":19,"s:141:6:141:Infinity":66,"s:142:6:142:Infinity":67,"f:149:23:149:30":6,"s:150:4:171:Infinity":68,"s:151:18:156:Infinity":69,"b:158:6:161:Infinity:undefined:undefined:undefined:undefined":20,"s:158:6:161:Infinity":70,"s:159:24:159:Infinity":71,"f:159:47:159:54":7,"s:159:54:159:57":72,"s:160:8:160:Infinity":73,"b:160:24:160:43:160:43:160:76":21,"s:163:19:163:Infinity":74,"b:164:6:166:Infinity:undefined:undefined:undefined:undefined":22,"s:164:6:166:Infinity":75,"s:165:8:165:Infinity":76,"s:167:6:167:Infinity":77,"b:167:22:167:38:167:38:167:77":23,"s:169:6:169:Infinity":78,"s:170:6:170:Infinity":79,"f:177:28:177:35":8,"s:178:4:209:Infinity":80,"s:179:18:182:Infinity":81,"b:185:6:187:Infinity:undefined:undefined:undefined:undefined":24,"s:185:6:187:Infinity":82,"s:186:8:186:Infinity":83,"b:189:6:199:Infinity:undefined:undefined:undefined:undefined":25,"s:189:6:199:Infinity":84,"s:190:26:190:Infinity":85,"s:191:27:191:Infinity":86,"s:192:8:197:Infinity":87,"s:193:26:193:Infinity":88,"s:194:10:194:Infinity":89,"b:194:25:194:44:194:44:194:Infinity":26,"s:198:8:198:Infinity":90,"s:201:19:201:Infinity":91,"b:202:6:204:Infinity:undefined:undefined:undefined:undefined":27,"s:202:6:204:Infinity":92,"s:203:8:203:Infinity":93,"s:205:6:205:Infinity":94,"b:205:22:205:38:205:38:205:76":28,"s:207:6:207:Infinity":95,"s:208:6:208:Infinity":96}}}
,"C:\\Users\\leiff\\vscProjects\\talentbinder-monorepo\\packages\\frontend\\src\\components\\CandidateCard\\CandidateCard.scss": {"path":"C:\\Users\\leiff\\vscProjects\\talentbinder-monorepo\\packages\\frontend\\src\\components\\CandidateCard\\CandidateCard.scss","statementMap":{},"fnMap":{},"branchMap":{},"s":{},"f":{},"b":{},"meta":{"lastBranch":0,"lastFunction":0,"lastStatement":0,"seen":{}}}
,"C:\\Users\\leiff\\vscProjects\\talentbinder-monorepo\\packages\\frontend\\src\\components\\CandidateCard\\CandidateCard.tsx": {"path":"C:\\Users\\leiff\\vscProjects\\talentbinder-monorepo\\packages\\frontend\\src\\components\\CandidateCard\\CandidateCard.tsx","statementMap":{"0":{"start":{"line":6,"column":22},"end":{"line":84,"column":null}},"1":{"start":{"line":7,"column":21},"end":{"line":7,"column":null}},"2":{"start":{"line":8,"column":23},"end":{"line":8,"column":null}},"3":{"start":{"line":9,"column":50},"end":{"line":9,"column":null}},"4":{"start":{"line":12,"column":2},"end":{"line":18,"column":null}},"5":{"start":{"line":13,"column":4},"end":{"line":17,"column":null}},"6":{"start":{"line":14,"column":6},"end":{"line":14,"column":null}},"7":{"start":{"line":14,"column":65},"end":{"line":14,"column":73}},"8":{"start":{"line":16,"column":6},"end":{"line":16,"column":null}},"9":{"start":{"line":20,"column":2},"end":{"line":82,"column":null}},"10":{"start":{"line":21,"column":89},"end":{"line":21,"column":null}},"11":{"start":{"line":46,"column":16},"end":{"line":46,"column":null}},"12":{"start":{"line":47,"column":16},"end":{"line":47,"column":null}}},"fnMap":{"0":{"name":"(anonymous_0)","decl":{"start":{"line":6,"column":22},"end":{"line":6,"column":23}},"loc":{"start":{"line":6,"column":86},"end":{"line":84,"column":null}},"line":6},"1":{"name":"(anonymous_1)","decl":{"start":{"line":12,"column":12},"end":{"line":12,"column":18}},"loc":{"start":{"line":12,"column":18},"end":{"line":18,"column":5}},"line":12},"2":{"name":"(anonymous_2)","decl":{"start":{"line":14,"column":58},"end":{"line":14,"column":65}},"loc":{"start":{"line":14,"column":65},"end":{"line":14,"column":73}},"line":14},"3":{"name":"(anonymous_3)","decl":{"start":{"line":21,"column":83},"end":{"line":21,"column":89}},"loc":{"start":{"line":21,"column":89},"end":{"line":21,"column":null}},"line":21},"4":{"name":"(anonymous_4)","decl":{"start":{"line":45,"column":23},"end":{"line":45,"column":24}},"loc":{"start":{"line":45,"column":30},"end":{"line":48,"column":null}},"line":45}},"branchMap":{"0":{"loc":{"start":{"line":13,"column":4},"end":{"line":17,"column":null}},"type":"if","locations":[{"start":{"line":13,"column":4},"end":{"line":17,"column":null}},{"start":{"line":15,"column":11},"end":{"line":17,"column":null}}],"line":13},"1":{"loc":{"start":{"line":13,"column":8},"end":{"line":13,"column":75}},"type":"binary-expr","locations":[{"start":{"line":13,"column":8},"end":{"line":13,"column":37}},{"start":{"line":13,"column":37},"end":{"line":13,"column":75}}],"line":13},"2":{"loc":{"start":{"line":21,"column":38},"end":{"line":21,"column":70}},"type":"cond-expr","locations":[{"start":{"line":21,"column":53},"end":{"line":21,"column":68}},{"start":{"line":21,"column":68},"end":{"line":21,"column":70}}],"line":21},"3":{"loc":{"start":{"line":29,"column":15},"end":{"line":33,"column":null}},"type":"binary-expr","locations":[{"start":{"line":29,"column":15},"end":{"line":29,"column":null}},{"start":{"line":30,"column":16},"end":{"line":33,"column":null}}],"line":29},"4":{"loc":{"start":{"line":35,"column":15},"end":{"line":38,"column":null}},"type":"binary-expr","locations":[{"start":{"line":35,"column":15},"end":{"line":35,"column":null}},{"start":{"line":36,"column":16},"end":{"line":38,"column":null}}],"line":35},"5":{"loc":{"start":{"line":42,"column":11},"end":{"line":52,"column":null}},"type":"binary-expr","locations":[{"start":{"line":42,"column":11},"end":{"line":42,"column":null}},{"start":{"line":43,"column":12},"end":{"line":52,"column":null}}],"line":42},"6":{"loc":{"start":{"line":74,"column":9},"end":{"line":79,"column":null}},"type":"binary-expr","locations":[{"start":{"line":74,"column":9},"end":{"line":74,"column":null}},{"start":{"line":75,"column":10},"end":{"line":79,"column":null}}],"line":74}},"s":{"0":1,"1":10,"2":10,"3":10,"4":10,"5":5,"6":5,"7":5,"8":0,"9":10,"10":1,"11":0,"12":0},"f":{"0":10,"1":5,"2":5,"3":1,"4":0},"b":{"0":[5,0],"1":[5,5],"2":[0,10],"3":[10,0],"4":[10,0],"5":[10,2],"6":[10,10]},"meta":{"lastBranch":7,"lastFunction":5,"lastStatement":13,"seen":{"s:6:22:84:Infinity":0,"f:6:22:6:23":0,"s:7:21:7:Infinity":1,"s:8:23:8:Infinity":2,"s:9:50:9:Infinity":3,"s:12:2:18:Infinity":4,"f:12:12:12:18":1,"b:13:4:17:Infinity:15:11:17:Infinity":0,"s:13:4:17:Infinity":5,"b:13:8:13:37:13:37:13:75":1,"s:14:6:14:Infinity":6,"f:14:58:14:65":2,"s:14:65:14:73":7,"s:16:6:16:Infinity":8,"s:20:2:82:Infinity":9,"b:21:53:21:68:21:68:21:70":2,"f:21:83:21:89":3,"s:21:89:21:Infinity":10,"b:29:15:29:Infinity:30:16:33:Infinity":3,"b:35:15:35:Infinity:36:16:38:Infinity":4,"b:42:11:42:Infinity:43:12:52:Infinity":5,"f:45:23:45:24":4,"s:46:16:46:Infinity":11,"s:47:16:47:Infinity":12,"b:74:9:74:Infinity:75:10:79:Infinity":6}}}
,"C:\\Users\\leiff\\vscProjects\\talentbinder-monorepo\\packages\\frontend\\src\\components\\EventCard\\EventCard.scss": {"path":"C:\\Users\\leiff\\vscProjects\\talentbinder-monorepo\\packages\\frontend\\src\\components\\EventCard\\EventCard.scss","statementMap":{},"fnMap":{},"branchMap":{},"s":{},"f":{},"b":{},"meta":{"lastBranch":0,"lastFunction":0,"lastStatement":0,"seen":{}}}
,"C:\\Users\\leiff\\vscProjects\\talentbinder-monorepo\\packages\\frontend\\src\\components\\EventCard\\EventCard.tsx": {"path":"C:\\Users\\leiff\\vscProjects\\talentbinder-monorepo\\packages\\frontend\\src\\components\\EventCard\\EventCard.tsx","statementMap":{"0":{"start":{"line":36,"column":18},"end":{"line":345,"column":null}},"1":{"start":{"line":37,"column":10},"end":{"line":37,"column":null}},"2":{"start":{"line":40,"column":26},"end":{"line":50,"column":null}},"3":{"start":{"line":53,"column":22},"end":{"line":53,"column":null}},"4":{"start":{"line":54,"column":27},"end":{"line":54,"column":null}},"5":{"start":{"line":55,"column":25},"end":{"line":55,"column":null}},"6":{"start":{"line":58,"column":23},"end":{"line":60,"column":null}},"7":{"start":{"line":62,"column":10},"end":{"line":86,"column":null}},"8":{"start":{"line":63,"column":8},"end":{"line":85,"column":null}},"9":{"start":{"line":64,"column":34},"end":{"line":64,"column":null}},"10":{"start":{"line":65,"column":12},"end":{"line":65,"column":null}},"11":{"start":{"line":67,"column":18},"end":{"line":75,"column":null}},"12":{"start":{"line":68,"column":16},"end":{"line":68,"column":null}},"13":{"start":{"line":69,"column":16},"end":{"line":74,"column":null}},"14":{"start":{"line":77,"column":12},"end":{"line":77,"column":null}},"15":{"start":{"line":79,"column":12},"end":{"line":82,"column":null}},"16":{"start":{"line":79,"column":30},"end":{"line":82,"column":14}},"17":{"start":{"line":84,"column":12},"end":{"line":84,"column":null}},"18":{"start":{"line":89,"column":4},"end":{"line":115,"column":null}},"19":{"start":{"line":90,"column":33},"end":{"line":112,"column":null}},"20":{"start":{"line":91,"column":12},"end":{"line":111,"column":null}},"21":{"start":{"line":92,"column":36},"end":{"line":92,"column":null}},"22":{"start":{"line":93,"column":36},"end":{"line":93,"column":null}},"23":{"start":{"line":94,"column":37},"end":{"line":94,"column":null}},"24":{"start":{"line":96,"column":16},"end":{"line":102,"column":null}},"25":{"start":{"line":96,"column":34},"end":{"line":102,"column":18}},"26":{"start":{"line":105,"column":16},"end":{"line":107,"column":null}},"27":{"start":{"line":106,"column":20},"end":{"line":106,"column":null}},"28":{"start":{"line":109,"column":16},"end":{"line":109,"column":null}},"29":{"start":{"line":110,"column":16},"end":{"line":110,"column":null}},"30":{"start":{"line":110,"column":34},"end":{"line":110,"column":67}},"31":{"start":{"line":114,"column":8},"end":{"line":114,"column":null}},"32":{"start":{"line":117,"column":10},"end":{"line":139,"column":null}},"33":{"start":{"line":118,"column":8},"end":{"line":118,"column":null}},"34":{"start":{"line":118,"column":26},"end":{"line":118,"column":53}},"35":{"start":{"line":119,"column":8},"end":{"line":138,"column":null}},"36":{"start":{"line":120,"column":34},"end":{"line":120,"column":null}},"37":{"start":{"line":121,"column":34},"end":{"line":121,"column":null}},"38":{"start":{"line":121,"column":70},"end":{"line":121,"column":83}},"39":{"start":{"line":122,"column":30},"end":{"line":122,"column":null}},"40":{"start":{"line":122,"column":56},"end":{"line":122,"column":85}},"41":{"start":{"line":124,"column":12},"end":{"line":124,"column":null}},"42":{"start":{"line":126,"column":12},"end":{"line":130,"column":null}},"43":{"start":{"line":126,"column":30},"end":{"line":130,"column":14}},"44":{"start":{"line":132,"column":12},"end":{"line":132,"column":null}},"45":{"start":{"line":133,"column":12},"end":{"line":137,"column":null}},"46":{"start":{"line":133,"column":30},"end":{"line":137,"column":14}},"47":{"start":{"line":141,"column":10},"end":{"line":144,"column":null}},"48":{"start":{"line":142,"column":8},"end":{"line":142,"column":null}},"49":{"start":{"line":143,"column":8},"end":{"line":143,"column":null}},"50":{"start":{"line":143,"column":26},"end":{"line":143,"column":62}},"51":{"start":{"line":146,"column":10},"end":{"line":157,"column":null}},"52":{"start":{"line":147,"column":8},"end":{"line":156,"column":null}},"53":{"start":{"line":148,"column":12},"end":{"line":148,"column":null}},"54":{"start":{"line":149,"column":12},"end":{"line":149,"column":null}},"55":
[...]
lumn":null}},"6":{"start":{"line":24,"column":2},"end":{"line":24,"column":null}},"7":{"start":{"line":24,"column":24},"end":{"line":24,"column":null}},"8":{"start":{"line":27,"column":2},"end":{"line":53,"column":null}},"9":{"start":{"line":28,"column":4},"end":{"line":52,"column":null}},"10":{"start":{"line":29,"column":23},"end":{"line":31,"column":null}},"11":{"start":{"line":33,"column":6},"end":{"line":36,"column":null}},"12":{"start":{"line":34,"column":8},"end":{"line":34,"column":null}},"13":{"start":{"line":35,"column":8},"end":{"line":35,"column":null}},"14":{"start":{"line":38,"column":19},"end":{"line":38,"column":null}},"15":{"start":{"line":39,"column":6},"end":{"line":42,"column":null}},"16":{"start":{"line":40,"column":8},"end":{"line":40,"column":null}},"17":{"start":{"line":41,"column":8},"end":{"line":41,"column":null}},"18":{"start":{"line":44,"column":6},"end":{"line":44,"column":null}},"19":{"start":{"line":45,"column":6},"end":{"line":45,"column":null}},"20":{"start":{"line":47,"column":6},"end":{"line":47,"column":null}},"21":{"start":{"line":48,"column":6},"end":{"line":48,"column":null}},"22":{"start":{"line":49,"column":6},"end":{"line":49,"column":null}},"23":{"start":{"line":51,"column":6},"end":{"line":51,"column":null}},"24":{"start":{"line":55,"column":2},"end":{"line":55,"column":null}},"25":{"start":{"line":62,"column":2},"end":{"line":62,"column":null}},"26":{"start":{"line":63,"column":2},"end":{"line":63,"column":null}},"27":{"start":{"line":70,"column":2},"end":{"line":70,"column":null}},"28":{"start":{"line":74,"column":19},"end":{"line":74,"column":null}},"29":{"start":{"line":75,"column":2},"end":{"line":75,"column":null}},"30":{"start":{"line":75,"column":17},"end":{"line":75,"column":null}},"31":{"start":{"line":77,"column":2},"end":{"line":77,"column":null}},"32":{"start":{"line":77,"column":24},"end":{"line":77,"column":null}},"33":{"start":{"line":79,"column":2},"end":{"line":79,"column":null}},"34":{"start":{"line":83,"column":19},"end":{"line":83,"column":null}},"35":{"start":{"line":84,"column":2},"end":{"line":84,"column":null}},"36":{"start":{"line":88,"column":19},"end":{"line":88,"column":null}},"37":{"start":{"line":89,"column":2},"end":{"line":89,"column":null}},"38":{"start":{"line":93,"column":19},"end":{"line":93,"column":null}},"39":{"start":{"line":94,"column":2},"end":{"line":94,"column":null}},"40":{"start":{"line":98,"column":19},"end":{"line":98,"column":null}},"41":{"start":{"line":99,"column":2},"end":{"line":99,"column":null}}},"fnMap":{"0":{"name":"getUserData","decl":{"start":{"line":19,"column":22},"end":{"line":19,"column":62}},"loc":{"start":{"line":19,"column":62},"end":{"line":56,"column":null}},"line":19},"1":{"name":"(anonymous_1)","decl":{"start":{"line":27,"column":22},"end":{"line":27,"column":34}},"loc":{"start":{"line":27,"column":34},"end":{"line":53,"column":5}},"line":27},"2":{"name":"clearUserCache","decl":{"start":{"line":61,"column":16},"end":{"line":61,"column":39}},"loc":{"start":{"line":61,"column":39},"end":{"line":64,"column":null}},"line":61},"3":{"name":"setCachedUser","decl":{"start":{"line":69,"column":16},"end":{"line":69,"column":30}},"loc":{"start":{"line":69,"column":52},"end":{"line":71,"column":null}},"line":69},"4":{"name":"isOwnerOfEvent","decl":{"start":{"line":73,"column":22},"end":{"line":73,"column":37}},"loc":{"start":{"line":73,"column":79},"end":{"line":80,"column":null}},"line":73},"5":{"name":"getAdminStatus","decl":{"start":{"line":82,"column":22},"end":{"line":82,"column":57}},"loc":{"start":{"line":82,"column":57},"end":{"line":85,"column":null}},"line":82},"6":{"name":"getAccountId","decl":{"start":{"line":87,"column":22},"end":{"line":87,"column":61}},"loc":{"start":{"line":87,"column":61},"end":{"line":90,"column":null}},"line":87},"7":{"name":"getAccountEmail","decl":{"start":{"line":92,"column":22},"end":{"line":92,"column":64}},"loc":{"start":{"line":92,"column":64},"end":{"line":95,"column":null}},"line":92},"8":{"name":"getAccountRole","decl":{"start":{"line":97,"column":22},"end":{"line":97,"column":63}},"loc":{"start":{"line":97,"column":63},"end":{"line":100,"column":null}},"line":97}},"branchMap":{"0":{"loc":{"start":{"line":2,"column":17},"end":{"line":2,"column":null}},"type":"cond-expr","locations":[{"start":{"line":2,"column":27},"end":{"line":2,"column":46}},{"start":{"line":2,"column":46},"end":{"line":2,"column":null}}],"line":2},"1":{"loc":{"start":{"line":21,"column":2},"end":{"line":21,"column":null}},"type":"if","locations":[{"start":{"line":21,"column":2},"end":{"line":21,"column":null}},{"start":{},"end":{}}],"line":21},"2":{"loc":{"start":{"line":24,"column":2},"end":{"line":24,"column":null}},"type":"if","locations":[{"start":{"line":24,"column":2},"end":{"line":24,"column":null}},{"start":{},"end":{}}],"line":24},"3":{"loc":{"start":{"line":33,"column":6},"end":{"line":36,"column":null}},"type":"if","locations":[{"start":{"line":33,"column":6},"end":{"line":36,"column":null}},{"start":{},"end":{}}],"line":33},"4":{"loc":{"start":{"line":39,"column":6},"end":{"line":42,"column":null}},"type":"if","locations":[{"start":{"line":39,"column":6},"end":{"line":42,"column":null}},{"start":{},"end":{}}],"line":39},"5":{"loc":{"start":{"line":39,"column":10},"end":{"line":39,"column":37}},"type":"binary-expr","locations":[{"start":{"line":39,"column":10},"end":{"line":39,"column":26}},{"start":{"line":39,"column":26},"end":{"line":39,"column":37}}],"line":39},"6":{"loc":{"start":{"line":75,"column":2},"end":{"line":75,"column":null}},"type":"if","locations":[{"start":{"line":75,"column":2},"end":{"line":75,"column":null}},{"start":{},"end":{}}],"line":75},"7":{"loc":{"start":{"line":77,"column":2},"end":{"line":77,"column":null}},"type":"if","locations":[{"start":{"line":77,"column":2},"end":{"line":77,"column":null}},{"start":{},"end":{}}],"line":77},"8":{"loc":{"start":{"line":89,"column":9},"end":{"line":89,"column":null}},"type":"binary-expr","locations":[{"start":{"line":89,"column":9},"end":{"line":89,"column":25}},{"start":{"line":89,"column":25},"end":{"line":89,"column":null}}],"line":89},"9":{"loc":{"start":{"line":94,"column":9},"end":{"line":94,"column":null}},"type":"binary-expr","locations":[{"start":{"line":94,"column":9},"end":{"line":94,"column":28}},{"start":{"line":94,"column":28},"end":{"line":94,"column":null}}],"line":94},"10":{"loc":{"start":{"line":99,"column":9},"end":{"line":99,"column":null}},"type":"binary-expr","locations":[{"start":{"line":99,"column":9},"end":{"line":99,"column":27}},{"start":{"line":99,"column":27},"end":{"line":99,"column":null}}],"line":99}},"s":{"0":1,"1":1,"2":1,"3":1,"4":9,"5":0,"6":9,"7":7,"8":2,"9":2,"10":2,"11":0,"12":0,"13":0,"14":0,"15":0,"16":0,"17":0,"18":0,"19":0,"20":1,"21":1,"22":1,"23":1,"24":2,"25":0,"26":0,"27":0,"28":3,"29":0,"30":0,"31":0,"32":0,"33":0,"34":3,"35":3,"36":3,"37":3,"38":0,"39":0,"40":0,"41":0},"f":{"0":9,"1":2,"2":0,"3":0,"4":3,"5":3,"6":3,"7":0,"8":0},"b":{"0":[1,0],"1":[0,9],"2":[7,2],"3":[0,0],"4":[0,0],"5":[0,0],"6":[0,0],"7":[0,0],"8":[3,3],"9":[0,0],"10":[0,0]},"meta":{"lastBranch":11,"lastFunction":9,"lastStatement":42,"seen":{"s:1:16:1:Infinity":0,"s:2:17:2:Infinity":1,"b:2:27:2:46:2:46:2:Infinity":0,"s:13:34:13:Infinity":2,"s:14:56:14:Infinity":3,"f:19:22:19:62":0,"b:21:2:21:Infinity:undefined:undefined:undefined:undefined":1,"s:21:2:21:Infinity":4,"s:21:18:21:Infinity":5,"b:24:2:24:Infinity:undefined:undefined:undefined:undefined":2,"s:24:2:24:Infinity":6,"s:24:24:24:Infinity":7,"s:27:2:53:Infinity":8,"f:27:22:27:34":1,"s:28:4:52:Infinity":9,"s:29:23:31:Infinity":10,"b:33:6:36:Infinity:undefined:undefined:undefined:undefined":3,"s:33:6:36:Infinity":11,"s:34:8:34:Infinity":12,"s:35:8:35:Infinity":13,"s:38:19:38:Infinity":14,"b:39:6:42:Infinity:undefined:undefined:undefined:undefined":4,"s:39:6:42:Infinity":15,"b:39:10:39:26:39:26:39:37":5,"s:40:8:40:Infinity":16,"s:41:8:41:Infinity":17,"s:44:6:44:Infinity":18,"s:45:6:45:Infinity":19,"s:47:6:47:Infinity":20,"s:48:6:48:Infinity":21,"s:49:6:49:Infinity":22,"s:51:6:51:Infinity":23,"s:55:2:55:Infinity":24,"f:61:16:61:39":2,"s:62:2:62:Infinity":25,"s:63:2:63:Infinity":26,"f:69:16:69:30":3,"s:70:2:70:Infinity":27,"f:73:22:73:37":4,"s:74:19:74:Infinity":28,"b:75:2:75:Infinity:undefined:undefined:undefined:undefined":6,"s:75:2:75:Infinity":29,"s:75:17:75:Infinity":30,"b:77:2:77:Infinity:undefined:undefined:undefined:undefined":7,"s:77:2:77:Infinity":31,"s:77:24:77:Infinity":32,"s:79:2:79:Infinity":33,"f:82:22:82:57":5,"s:83:19:83:Infinity":34,"s:84:2:84:Infinity":35,"f:87:22:87:61":6,"s:88:19:88:Infinity":36,"s:89:2:89:Infinity":37,"b:89:9:89:25:89:25:89:Infinity":8,"f:92:22:92:64":7,"s:93:19:93:Infinity":38,"s:94:2:94:Infinity":39,"b:94:9:94:28:94:28:94:Infinity":9,"f:97:22:97:63":8,"s:98:19:98:Infinity":40,"s:99:2:99:Infinity":41,"b:99:9:99:27:99:27:99:Infinity":10}}}
,"C:\\Users\\leiff\\vscProjects\\talentbinder-monorepo\\packages\\frontend\\src\\utils\\formatSyntax.ts": {"path":"C:\\Users\\leiff\\vscProjects\\talentbinder-monorepo\\packages\\frontend\\src\\utils\\formatSyntax.ts","statementMap":{"0":{"start":{"line":15,"column":2},"end":{"line":15,"column":null}},"1":{"start":{"line":15,"column":15},"end":{"line":15,"column":null}},"2":{"start":{"line":18,"column":16},"end":{"line":18,"column":null}},"3":{"start":{"line":19,"column":2},"end":{"line":19,"column":null}},"4":{"start":{"line":31,"column":2},"end":{"line":31,"column":null}},"5":{"start":{"line":31,"column":15},"end":{"line":31,"column":null}},"6":{"start":{"line":34,"column":16},"end":{"line":34,"column":null}},"7":{"start":{"line":35,"column":2},"end":{"line":35,"column":null}},"8":{"start":{"line":48,"column":2},"end":{"line":48,"column":null}},"9":{"start":{"line":48,"column":20},"end":{"line":48,"column":null}},"10":{"start":{"line":50,"column":2},"end":{"line":55,"column":null}},"11":{"start":{"line":51,"column":17},"end":{"line":51,"column":null}},"12":{"start":{"line":52,"column":4},"end":{"line":52,"column":null}},"13":{"start":{"line":54,"column":4},"end":{"line":54,"column":null}},"14":{"start":{"line":69,"column":2},"end":{"line":69,"column":null}},"15":{"start":{"line":69,"column":15},"end":{"line":69,"column":null}},"16":{"start":{"line":71,"column":18},"end":{"line":71,"column":null}},"17":{"start":{"line":72,"column":2},"end":{"line":72,"column":null}},"18":{"start":{"line":72,"column":16},"end":{"line":72,"column":null}},"19":{"start":{"line":75,"column":27},"end":{"line":75,"column":null}},"20":{"start":{"line":76,"column":15},"end":{"line":76,"column":null}},"21":{"start":{"line":77,"column":2},"end":{"line":77,"column":null}},"22":{"start":{"line":79,"column":2},"end":{"line":82,"column":null}},"23":{"start":{"line":96,"column":2},"end":{"line":96,"column":null}},"24":{"start":{"line":96,"column":15},"end":{"line":96,"column":null}},"25":{"start":{"line":98,"column":15},"end":{"line":98,"column":null}},"26":{"start":{"line":99,"column":2},"end":{"line":99,"column":null}},"27":{"start":{"line":99,"column":29},"end":{"line":99,"column":null}},"28":{"start":{"line":101,"column":2},"end":{"line":101,"column":null}},"29":{"start":{"line":117,"column":2},"end":{"line":117,"column":null}},"30":{"start":{"line":117,"column":20},"end":{"line":117,"column":null}},"31":{"start":{"line":119,"column":15},"end":{"line":119,"column":null}},"32":{"start":{"line":120,"column":2},"end":{"line":120,"column":null}},"33":{"start":{"line":120,"column":13},"end":{"line":120,"column":null}},"34":{"start":{"line":122,"column":2},"end":{"line":128,"column":null}},"35":{"start":{"line":141,"column":2},"end":{"line":141,"column":null}},"36":{"start":{"line":141,"column":22},"end":{"line":141,"column":null}},"37":{"start":{"line":143,"column":2},"end":{"line":149,"column":null}},"38":{"start":{"line":144,"column":24},"end":{"line":144,"column":null}},"39":{"start":{"line":145,"column":20},"end":{"line":145,"column":null}},"40":{"start":{"line":146,"column":4},"end":{"line":146,"column":null}},"41":{"start":{"line":148,"column":4},"end":{"line":148,"column":null}}},"fnMap":{"0":{"name":"formatTimeForInput","decl":{"start":{"line":14,"column":16},"end":{"line":14,"column":35}},"loc":{"start":{"line":14,"column":78},"end":{"line":20,"column":null}},"line":14},"1":{"name":"formatDateForInput","decl":{"start":{"line":30,"column":16},"end":{"line":30,"column":35}},"loc":{"start":{"line":30,"column":78},"end":{"line":36,"column":null}},"line":30},"2":{"name":"formatTimestampToDate","decl":{"start":{"line":47,"column":16},"end":{"line":47,"column":38}},"loc":{"start":{"line":47,"column":91},"end":{"line":56,"column":null}},"line":47},"3":{"name":"formatTimeForDisplay","decl":{"start":{"line":68,"column":16},"end":{"line":68,"column":37}},"loc":{"start":{"line":68,"column":106},"end":{"line":83,"column":null}},"line":68},"4":{"name":"formatDateForDisplay","decl":{"start":{"line":95,"column":16},"end":{"line":95,"column":37}},"loc":{"start":{"line":95,"column":106},"end":{"line":102,"column":null}},"line":95},"5":{"name":"formatTimestampForDisplay","decl":{"start":{"line":113,"column":16},"end":{"line":113,"column":null}},"loc":{"start":{"line":116,"column":10},"end":{"line":129,"column":null}},"line":116},"6":{"name":"combineDateTime","decl":{"start":{"line":140,"column":16},"end":{"line":140,"column":32}},"loc":{"start":{"line":140,"column":68},"end":{"line":150,"column":null}},"line":140}},"branchMap":{"0":{"loc":{"start":{"line":15,"column":2},"end":{"line":15,"column":null}},"type":"if","locations":[{"start":{"line":15,"column":2},"end":{"line":15,"column":null}},{"start":{},"end":{}}],"line":15},"1":{"loc":{"start":{"line":19,"column":9},"end":{"line":19,"column":null}},"type":"cond-expr","locations":[{"start":{"line":19,"column":17},"end":{"line":19,"column":45}},{"start":{"line":19,"column":45},"end":{"line":19,"column":null}}],"line":19},"2":{"loc":{"start":{"line":31,"column":2},"end":{"line":31,"column":null}},"type":"if","locations":[{"start":{"line":31,"column":2},"end":{"line":31,"column":null}},{"start":{},"end":{}}],"line":31},"3":{"loc":{"start":{"line":35,"column":9},"end":{"line":35,"column":null}},"type":"cond-expr","locations":[{"start":{"line":35,"column":17},"end":{"line":35,"column":28}},{"start":{"line":35,"column":28},"end":{"line":35,"column":null}}],"line":35},"4":{"loc":{"start":{"line":48,"column":2},"end":{"line":48,"column":null}},"type":"if","locations":[{"start":{"line":48,"column":2},"end":{"line":48,"column":null}},{"start":{},"end":{}}],"line":48},"5":{"loc":{"start":{"line":52,"column":11},"end":{"line":52,"column":null}},"type":"cond-expr","locations":[{"start":{"line":52,"column":35},"end":{"line":52,"column":42}},{"start":{"line":52,"column":42},"end":{"line":52,"column":null}}],"line":52},"6":{"loc":{"start":{"line":68,"column":72},"end":{"line":68,"column":106}},"type":"default-arg","locations":[{"start":{"line":68,"column":89},"end":{"line":68,"column":106}}],"line":68},"7":{"loc":{"start":{"line":69,"column":2},"end":{"line":69,"column":null}},"type":"if","locations":[{"start":{"line":69,"column":2},"end":{"line":69,"column":null}},{"start":{},"end":{}}],"line":69},"8":{"loc":{"start":{"line":72,"column":2},"end":{"line":72,"column":null}},"type":"if","locations":[{"start":{"line":72,"column":2},"end":{"line":72,"column":null}},{"start":{},"end":{}}],"line":72},"9":{"loc":{"start":{"line":95,"column":72},"end":{"line":95,"column":106}},"type":"default-arg","locations":[{"start":{"line":95,"column":89},"end":{"line":95,"column":106}}],"line":95},"10":{"loc":{"start":{"line":96,"column":2},"end":{"line":96,"column":null}},"type":"if","locations":[{"start":{"line":96,"column":2},"end":{"line":96,"column":null}},{"start":{},"end":{}}],"line":96},"11":{"loc":{"start":{"line":99,"column":2},"end":{"line":99,"column":null}},"type":"if","locations":[{"start":{"line":99,"column":2},"end":{"line":99,"column":null}},{"start":{},"end":{}}],"line":99},"12":{"loc":{"start":{"line":115,"column":2},"end":{"line":115,"column":null}},"type":"default-arg","locations":[{"start":{"line":115,"column":19},"end":{"line":115,"column":null}}],"line":115},"13":{"loc":{"start":{"line":117,"column":2},"end":{"line":117,"column":null}},"type":"if","locations":[{"start":{"line":117,"column":2},"end":{"line":117,"column":null}},{"start":{},"end":{}}],"line":117},"14":{"loc":{"start":{"line":120,"column":2},"end":{"line":120,"column":null}},"type":"if","locations":[{"start":{"line":120,"column":2},"end":{"line":120,"column":null}},{"start":{},"end":{}}],"line":120},"15":{"loc":{"start":{"line":141,"column":2},"end":{"line":141,"column":null}},"type":"if","locations":[{"start":{"line":141,"column":2},"end":{"line":141,"column":null}},{"start":{},"end":{}}],"line":141},"16":{"loc":{"start":{"line":141,"column":6},"end":{"line":141,"column":22}},"type":"binary-expr","locations":[{"start":{"line":141,"column":6},"end":{"line":141,"column":15}},{"start":{"line":141,"column":15},"end":{"line":141,"column":22}}],"line":141},"17":{"loc":{"start":{"line":146,"column":11},"end":{"line":146,"column":null}},"type":"cond-expr","locations":[{"start":{"line":146,"column":38},"end":{"line":146,"column":43}},{"start":{"line":146,"column":43},"end":{"line":146,"column":null}}],"line":146}},"s":{"0":6,"1":0,"2":6,"3":6,"4":0,"5":0,"6":0,"7":0,"8":0,"9":0,"10":0,"11":0,"12":0,"13":0,"14":6,"15":0,"16":6,"17":6,"18":0,"19":6,"20":6,"21":6,"22":6,"23":6,"24":0,"25":6,"26":6,"27":0,"28":6,"29":0,"30":0,"31":0,"32":0,"33":0,"34":0,"35":0,"36":0,"37":0,"38":0,"39":0,"40":0,"41":0},"f":{"0":6,"1":0,"2":0,"3":6,"4":6,"5":0,"6":0},"b":{"0":[0,6],"1":[6,0],"2":[0,0],"3":[0,0],"4":[0,0],"5":[0,0],"6":[6],"7":[0,6],"8":[0,6],"9":[6],"10":[0,6],"11":[0,6],"12":[0],"13":[0,0],"14":[0,0],"15":[0,0],"16":[0,0],"17":[0,0]},"meta":{"lastBranch":18,"lastFunction":7,"lastStatement":42,"seen":{"f:14:16:14:35":0,"b:15:2:15:Infinity:undefined:undefined:undefined:undefined":0,"s:15:2:15:Infinity":0,"s:15:15:15:Infinity":1,"s:18:16:18:Infinity":2,"s:19:2:19:Infinity":3,"b:19:17:19:45:19:45:19:Infinity":1,"f:30:16:30:35":1,"b:31:2:31:Infinity:undefined:undefined:undefined:undefined":2,"s:31:2:31:Infinity":4,"s:31:15:31:Infinity":5,"s:34:16:34:Infinity":6,"s:35:2:35:Infinity":7,"b:35:17:35:28:35:28:35:Infinity":3,"f:47:16:47:38":2,"b:48:2:48:Infinity:undefined:undefined:undefined:undefined":4,"s:48:2:48:Infinity":8,"s:48:20:48:Infinity":9,"s:50:2:55:Infinity":10,"s:51:17:51:Infinity":11,"s:52:4:52:Infinity":12,"b:52:35:52:42:52:42:52:Infinity":5,"s:54:4:54:Infinity":13,"f:68:16:68:37":3,"b:68:89:68:106":6,"b:69:2:69:Infinity:undefined:undefined:undefined:undefined":7,"s:69:2:69:Infinity":14,"s:69:15:69:Infinity":15,"s:71:18:71:Infinity":16,"b:72:2:72:Infinity:undefined:undefined:undefined:undefined":8,"s:72:2:72:Infinity":17,"s:72:16:72:Infinity":18,"s:75:27:75:Infinity":19,"s:76:15:76:Infinity":20,"s:77:2:77:Infinity":21,"s:79:2:82:Infinity":22,"f:95:16:95:37":4,"b:95:89:95:106":9,"b:96:2:96:Infinity:undefined:undefined:undefined:undefined":10,"s:96:2:96:Infinity":23,"s:96:15:96:Infinity":24,"s:98:15:98:Infinity":25,"b:99:2:99:Infinity:undefined:undefined:undefined:undefined":11,"s:99:2:99:Infinity":26,"s:99:29:99:Infinity":27,"s:101:2:101:Infinity":28,"f:113:16:113:Infinity":5,"b:115:19:115:Infinity":12,"b:117:2:117:Infinity:undefined:undefined:undefined:undefined":13,"s:117:2:117:Infinity":29,"s:117:20:117:Infinity":30,"s:119:15:119:Infinity":31,"b:120:2:120:Infinity:undefined:undefined:undefined:undefined":14,"s:120:2:120:Infinity":32,"s:120:13:120:Infinity":33,"s:122:2:128:Infinity":34,"f:140:16:140:32":6,"b:141:2:141:Infinity:undefined:undefined:undefined:undefined":15,"s:141:2:141:Infinity":35,"b:141:6:141:15:141:15:141:22":16,"s:141:22:141:Infinity":36,"s:143:2:149:Infinity":37,"s:144:24:144:Infinity":38,"s:145:20:145:Infinity":39,"s:146:4:146:Infinity":40,"b:146:38:146:43:146:43:146:Infinity":17,"s:148:4:148:Infinity":41}}}
}
