TN:
SF:src\api\candidatesAPI.ts
FN:15,(anonymous_0)
FN:54,(anonymous_1)
FN:91,(anonymous_2)
FN:126,(anonymous_3)
FNF:4
FNH:0
FNDA:0,(anonymous_0)
FNDA:0,(anonymous_1)
FNDA:0,(anonymous_2)
FNDA:0,(anonymous_3)
DA:9,3
DA:11,3
DA:16,0
DA:17,0
DA:18,0
DA:19,0
DA:21,0
DA:22,0
DA:29,0
DA:31,0
DA:32,0
DA:35,0
DA:37,0
DA:40,0
DA:42,0
DA:43,0
DA:45,0
DA:46,0
DA:48,0
DA:55,0
DA:70,0
DA:72,0
DA:74,0
DA:75,0
DA:76,0
DA:77,0
DA:79,0
DA:82,0
DA:83,0
DA:85,0
DA:92,0
DA:106,0
DA:108,0
DA:110,0
DA:111,0
DA:112,0
DA:113,0
DA:115,0
DA:118,0
DA:119,0
DA:127,0
DA:133,0
DA:134,0
DA:137,0
DA:140,0
DA:141,0
DA:142,0
DA:145,0
DA:149,0
DA:150,0
DA:151,0
DA:152,0
DA:154,0
DA:157,0
DA:158,0
DA:159,0
LF:56
LH:2
BRDA:15,0,0,0
BRDA:15,1,0,0
BRDA:15,2,0,0
BRDA:17,3,0,0
BRDA:17,3,1,0
BRDA:18,4,0,0
BRDA:18,4,1,0
BRDA:19,5,0,0
BRDA:19,5,1,0
BRDA:29,6,0,0
BRDA:29,6,1,0
BRDA:37,7,0,0
BRDA:37,7,1,0
BRDA:43,8,0,0
BRDA:43,8,1,0
BRDA:45,9,0,0
BRDA:45,9,1,0
BRDA:45,10,0,0
BRDA:45,10,1,0
BRDA:48,11,0,0
BRDA:48,11,1,0
BRDA:72,12,0,0
BRDA:72,12,1,0
BRDA:74,13,0,0
BRDA:74,13,1,0
BRDA:76,14,0,0
BRDA:76,14,1,0
BRDA:79,15,0,0
BRDA:79,15,1,0
BRDA:82,16,0,0
BRDA:82,16,1,0
BRDA:85,17,0,0
BRDA:85,17,1,0
BRDA:108,18,0,0
BRDA:108,18,1,0
BRDA:110,19,0,0
BRDA:110,19,1,0
BRDA:112,20,0,0
BRDA:112,20,1,0
BRDA:115,21,0,0
BRDA:115,21,1,0
BRDA:118,22,0,0
BRDA:118,22,1,0
BRDA:119,23,0,0
BRDA:119,23,1,0
BRDA:133,24,0,0
BRDA:133,24,1,0
BRDA:137,25,0,0
BRDA:137,25,1,0
BRDA:149,26,0,0
BRDA:149,26,1,0
BRDA:151,27,0,0
BRDA:151,27,1,0
BRDA:154,28,0,0
BRDA:154,28,1,0
BRDA:158,29,0,0
BRDA:158,29,1,0
BRDA:159,30,0,0
BRDA:159,30,1,0
BRF:59
BRH:0
end_of_record
TN:
SF:src\api\eventsAPI.ts
FN:15,(anonymous_0)
FN:48,(anonymous_1)
FN:89,(anonymous_2)
FN:130,(anonymous_3)
FNF:4
FNH:1
FNDA:3,(anonymous_0)
FNDA:0,(anonymous_1)
FNDA:0,(anonymous_2)
FNDA:0,(anonymous_3)
DA:9,1
DA:11,1
DA:16,3
DA:18,0
DA:21,0
DA:22,0
DA:23,0
DA:26,0
DA:30,0
DA:31,0
DA:32,0
DA:33,0
DA:35,0
DA:38,0
DA:39,0
DA:40,0
DA:42,0
DA:49,0
DA:68,0
DA:70,0
DA:72,0
DA:73,0
DA:74,0
DA:75,0
DA:77,0
DA:80,0
DA:81,0
DA:83,0
DA:90,0
DA:109,0
DA:111,0
DA:113,0
DA:114,0
DA:115,0
DA:116,0
DA:118,0
DA:121,0
DA:122,0
DA:124,0
DA:131,0
DA:137,0
DA:138,0
DA:141,0
DA:144,0
DA:145,0
DA:146,0
DA:149,0
DA:153,0
DA:154,0
DA:155,0
DA:156,0
DA:158,0
DA:161,0
DA:162,0
DA:163,0
LF:55
LH:3
BRDA:18,0,0,0
BRDA:18,0,1,0
BRDA:30,1,0,0
BRDA:30,1,1,0
BRDA:32,2,0,0
BRDA:32,2,1,0
BRDA:35,3,0,0
BRDA:35,3,1,0
BRDA:39,4,0,0
BRDA:39,4,1,0
BRDA:39,5,0,0
BRDA:39,5,1,0
BRDA:42,6,0,0
BRDA:42,6,1,0
BRDA:70,7,0,0
BRDA:70,7,1,0
BRDA:72,8,0,0
BRDA:72,8,1,0
BRDA:74,9,0,0
BRDA:74,9,1,0
BRDA:77,10,0,0
BRDA:77,10,1,0
BRDA:80,11,0,0
BRDA:80,11,1,0
BRDA:83,12,0,0
BRDA:83,12,1,0
BRDA:111,13,0,0
BRDA:111,13,1,0
BRDA:113,14,0,0
BRDA:113,14,1,0
BRDA:115,15,0,0
BRDA:115,15,1,0
BRDA:118,16,0,0
BRDA:118,16,1,0
BRDA:121,17,0,0
BRDA:121,17,1,0
BRDA:124,18,0,0
BRDA:124,18,1,0
BRDA:137,19,0,0
BRDA:137,19,1,0
BRDA:141,20,0,0
BRDA:141,20,1,0
BRDA:153,21,0,0
BRDA:153,21,1,0
BRDA:155,22,0,0
BRDA:155,22,1,0
BRDA:158,23,0,0
BRDA:158,23,1,0
BRDA:162,24,0,0
BRDA:162,24,1,0
BRDA:163,25,0,0
BRDA:163,25,1,0
BRF:52
BRH:0
end_of_record
TN:
SF:src\api\lookupAPI.ts
FN:48,(anonymous_0)
FN:81,(anonymous_1)
FN:114,(anonymous_2)
FN:119,(anonymous_3)
FN:129,(anonymous_4)
FN:134,(anonymous_5)
FN:144,(anonymous_6)
FN:174,(anonymous_7)
FNF:8
FNH:0
FNDA:0,(anonymous_0)
FNDA:0,(anonymous_1)
FNDA:0,(anonymous_2)
FNDA:0,(anonymous_3)
FNDA:0,(anonymous_4)
FNDA:0,(anonymous_5)
FNDA:0,(anonymous_6)
FNDA:0,(anonymous_7)
DA:42,1
DA:44,1
DA:49,0
DA:51,0
DA:54,0
DA:55,0
DA:56,0
DA:59,0
DA:63,0
DA:64,0
DA:65,0
DA:66,0
DA:68,0
DA:71,0
DA:72,0
DA:73,0
DA:75,0
DA:82,0
DA:84,0
DA:87,0
DA:88,0
DA:89,0
DA:92,0
DA:96,0
DA:97,0
DA:98,0
DA:99,0
DA:101,0
DA:104,0
DA:105,0
DA:106,0
DA:108,0
DA:115,0
DA:117,0
DA:118,0
DA:119,0
DA:120,0
DA:122,0
DA:130,0
DA:132,0
DA:133,0
DA:134,0
DA:135,0
DA:137,0
DA:145,0
DA:147,0
DA:149,0
DA:150,0
DA:151,0
DA:153,0
DA:156,0
DA:157,0
DA:158,0
DA:159,0
DA:161,0
DA:164,0
DA:165,0
DA:166,0
DA:168,0
DA:175,0
DA:177,0
DA:179,0
DA:180,0
DA:181,0
DA:183,0
DA:186,0
DA:187,0
DA:188,0
DA:189,0
DA:191,0
DA:194,0
DA:195,0
DA:196,0
DA:198,0
LF:74
LH:2
BRDA:51,0,0,0
BRDA:51,0,1,0
BRDA:63,1,0,0
BRDA:63,1,1,0
BRDA:65,2,0,0
BRDA:65,2,1,0
BRDA:68,3,0,0
BRDA:68,3,1,0
BRDA:72,4,0,0
BRDA:72,4,1,0
BRDA:72,5,0,0
BRDA:72,5,1,0
BRDA:75,6,0,0
BRDA:75,6,1,0
BRDA:84,7,0,0
BRDA:84,7,1,0
BRDA:96,8,0,0
BRDA:96,8,1,0
BRDA:98,9,0,0
BRDA:98,9,1,0
BRDA:101,10,0,0
BRDA:101,10,1,0
BRDA:105,11,0,0
BRDA:105,11,1,0
BRDA:105,12,0,0
BRDA:105,12,1,0
BRDA:108,13,0,0
BRDA:108,13,1,0
BRDA:115,14,0,0
BRDA:115,14,1,0
BRDA:120,15,0,0
BRDA:120,15,1,0
BRDA:130,16,0,0
BRDA:130,16,1,0
BRDA:135,17,0,0
BRDA:135,17,1,0
BRDA:147,18,0,0
BRDA:147,18,1,0
BRDA:156,19,0,0
BRDA:156,19,1,0
BRDA:158,20,0,0
BRDA:158,20,1,0
BRDA:161,21,0,0
BRDA:161,21,1,0
BRDA:165,22,0,0
BRDA:165,22,1,0
BRDA:165,23,0,0
BRDA:165,23,1,0
BRDA:168,24,0,0
BRDA:168,24,1,0
BRDA:177,25,0,0
BRDA:177,25,1,0
BRDA:186,26,0,0
BRDA:186,26,1,0
BRDA:188,27,0,0
BRDA:188,27,1,0
BRDA:191,28,0,0
BRDA:191,28,1,0
BRDA:195,29,0,0
BRDA:195,29,1,0
BRDA:195,30,0,0
BRDA:195,30,1,0
BRDA:198,31,0,0
BRDA:198,31,1,0
BRF:64
BRH:0
end_of_record
TN:
SF:src\api\recruitersAPI.ts
FN:6,(anonymous_0)
FN:28,(anonymous_1)
FN:54,(anonymous_2)
FN:83,(anonymous_3)
FN:93,(anonymous_4)
FN:111,(anonymous_5)
FN:149,(anonymous_6)
FN:159,(anonymous_7)
FN:177,(anonymous_8)
FNF:9
FNH:0
FNDA:0,(anonymous_0)
FNDA:0,(anonymous_1)
FNDA:0,(anonymous_2)
FNDA:0,(anonymous_3)
FNDA:0,(anonymous_4)
FNDA:0,(anonymous_5)
FNDA:0,(anonymous_6)
FNDA:0,(anonymous_7)
FNDA:0,(anonymous_8)
DA:3,2
DA:5,2
DA:7,0
DA:8,0
DA:9,0
DA:10,0
DA:11,0
DA:13,0
DA:15,0
DA:17,0
DA:18,0
DA:20,0
DA:21,0
DA:29,0
DA:30,0
DA:34,0
DA:35,0
DA:36,0
DA:39,0
DA:40,0
DA:41,0
DA:43,0
DA:44,0
DA:46,0
DA:47,0
DA:55,0
DA:56,0
DA:60,0
DA:61,0
DA:62,0
DA:65,0
DA:66,0
DA:67,0
DA:72,0
DA:73,0
DA:75,0
DA:76,0
DA:84,0
DA:85,0
DA:92,0
DA:93,0
DA:94,0
DA:97,0
DA:98,0
DA:99,0
DA:101,0
DA:103,0
DA:104,0
DA:112,0
DA:113,0
DA:119,0
DA:120,0
DA:123,0
DA:124,0
DA:125,0
DA:126,0
DA:127,0
DA:128,0
DA:132,0
DA:135,0
DA:136,0
DA:137,0
DA:139,0
DA:141,0
DA:142,0
DA:150,0
DA:151,0
DA:158,0
DA:159,0
DA:160,0
DA:163,0
DA:164,0
DA:165,0
DA:167,0
DA:169,0
DA:170,0
DA:178,0
DA:179,0
DA:185,0
DA:186,0
DA:189,0
DA:190,0
DA:191,0
DA:192,0
DA:193,0
DA:194,0
DA:198,0
DA:201,0
DA:202,0
DA:203,0
DA:205,0
DA:207,0
DA:208,0
LF:93
LH:2
BRDA:9,0,0,0
BRDA:9,0,1,0
BRDA:15,1,0,0
BRDA:15,1,1,0
BRDA:17,2,0,0
BRDA:17,2,1,0
BRDA:17,3,0,0
BRDA:17,3,1,0
BRDA:34,4,0,0
BRDA:34,4,1,0
BRDA:40,5,0,0
BRDA:40,5,1,0
BRDA:41,6,0,0
BRDA:41,6,1,0
BRDA:60,7,0,0
BRDA:60,7,1,0
BRDA:66,8,0,0
BRDA:66,8,1,0
BRDA:68,9,0,0
BRDA:68,9,1,0
BRDA:69,10,0,0
BRDA:69,10,1,0
BRDA:92,11,0,0
BRDA:92,11,1,0
BRDA:94,12,0,0
BRDA:94,12,1,0
BRDA:98,13,0,0
BRDA:98,13,1,0
BRDA:101,14,0,0
BRDA:101,14,1,0
BRDA:119,15,0,0
BRDA:119,15,1,0
BRDA:123,16,0,0
BRDA:123,16,1,0
BRDA:128,17,0,0
BRDA:128,17,1,0
BRDA:136,18,0,0
BRDA:136,18,1,0
BRDA:139,19,0,0
BRDA:139,19,1,0
BRDA:158,20,0,0
BRDA:158,20,1,0
BRDA:160,21,0,0
BRDA:160,21,1,0
BRDA:164,22,0,0
BRDA:164,22,1,0
BRDA:167,23,0,0
BRDA:167,23,1,0
BRDA:185,24,0,0
BRDA:185,24,1,0
BRDA:189,25,0,0
BRDA:189,25,1,0
BRDA:194,26,0,0
BRDA:194,26,1,0
BRDA:202,27,0,0
BRDA:202,27,1,0
BRDA:205,28,0,0
BRDA:205,28,1,0
BRF:58
BRH:0
end_of_record
TN:
SF:src\components\CandidateCard\CandidateCard.scss
FNF:0
FNH:0
LF:0
LH:0
BRF:0
BRH:0
end_of_record
TN:
SF:src\components\CandidateCard\CandidateCard.tsx
FN:6,(anonymous_0)
FN:12,(anonymous_1)
FN:14,(anonymous_2)
FN:21,(anonymous_3)
FN:45,(anonymous_4)
FNF:5
FNH:4
FNDA:10,(anonymous_0)
FNDA:5,(anonymous_1)
FNDA:5,(anonymous_2)
FNDA:1,(anonymous_3)
FNDA:0,(anonymous_4)
DA:6,1
DA:7,10
DA:8,10
DA:9,10
DA:12,10
DA:13,5
DA:14,5
DA:16,0
DA:20,10
DA:21,1
DA:46,0
DA:47,0
LF:12
LH:9
BRDA:13,0,0,5
BRDA:13,0,1,0
BRDA:13,1,0,5
BRDA:13,1,1,5
BRDA:21,2,0,0
BRDA:21,2,1,10
BRDA:29,3,0,10
BRDA:29,3,1,0
BRDA:35,4,0,10
BRDA:35,4,1,0
BRDA:42,5,0,10
BRDA:42,5,1,2
BRDA:74,6,0,10
BRDA:74,6,1,10
BRF:14
BRH:10
end_of_record
TN:
SF:src\components\EventCard\EventCard.scss
FNF:0
FNH:0
LF:0
LH:0
BRF:0
BRH:0
end_of_record
TN:
SF:src\components\EventCard\EventCard.tsx
FN:36,(anonymous_0)
FN:62,(anonymous_1)
FN:67,(anonymous_2)
FN:79,(anonymous_3)
FN:89,(anonymous_4)
FN:90,(anonymous_5)
FN:96,(anonymous_6)
FN:110,(anonymous_7)
FN:117,(anonymous_8)
FN:118,(anonymous_9)
FN:121,(anonymous_10)
FN:122,(anonymous_11)
FN:126,(anonymous_12)
FN:133,(anonymous_13)
FN:141,(anonymous_14)
FN:143,(anonymous_15)
FN:146,(anonymous_16)
FN:150,(anonymous_17)
FN:159,(anonymous_18)
FN:160,(anonymous_19)
FN:167,(anonymous_20)
FN:168,(anonymous_21)
FN:186,(anonymous_22)
FN:198,(anonymous_23)
FN:209,(anonymous_24)
FN:278,(anonymous_25)
FN:316,(anonymous_26)
FN:320,(anonymous_27)
FNF:28
FNH:3
FNDA:3,(anonymous_0)
FNDA:0,(anonymous_1)
FNDA:0,(anonymous_2)
FNDA:0,(anonymous_3)
FNDA:3,(anonymous_4)
FNDA:3,(anonymous_5)
FNDA:0,(anonymous_6)
FNDA:0,(anonymous_7)
FNDA:0,(anonymous_8)
FNDA:0,(anonymous_9)
FNDA:0,(anonymous_10)
FNDA:0,(anonymous_11)
FNDA:0,(anonymous_12)
FNDA:0,(anonymous_13)
FNDA:0,(anonymous_14)
FNDA:0,(anonymous_15)
FNDA:0,(anonymous_16)
FNDA:0,(anonymous_17)
FNDA:0,(anonymous_18)
FNDA:0,(anonymous_19)
FNDA:0,(anonymous_20)
FNDA:0,(anonymous_21)
FNDA:0,(anonymous_22)
FNDA:0,(anonymous_23)
FNDA:0,(anonymous_24)
FNDA:0,(anonymous_25)
FNDA:0,(anonymous_26)
FNDA:0,(anonymous_27)
DA:36,2
DA:37,3
DA:40,3
DA:53,3
DA:54,3
DA:55,3
DA:58,3
DA:62,3
DA:63,0
DA:64,0
DA:65,0
DA:67,0
DA:68,0
DA:69,0
DA:77,0
DA:79,0
DA:84,0
DA:89,3
DA:90,3
DA:91,3
DA:92,3
DA:93,3
DA:94,0
DA:96,3
DA:105,3
DA:106,0
DA:109,0
DA:110,0
DA:114,3
DA:117,3
DA:118,0
DA:119,0
DA:120,0
DA:121,0
DA:122,0
DA:124,0
DA:126,0
DA:132,0
DA:133,0
DA:141,3
DA:142,0
DA:143,0
DA:146,3
DA:147,0
DA:148,0
DA:149,0
DA:150,0
DA:151,0
DA:152,0
DA:155,0
DA:159,3
DA:160,0
DA:167,3
DA:168,0
DA:174,3
DA:187,0
DA:188,0
DA:199,0
DA:200,0
DA:210,0
DA:211,0
DA:279,0
DA:317,0
DA:320,0
LF:64
LH:22
BRDA:36,0,0,3
BRDA:36,1,0,3
BRDA:53,2,0,3
BRDA:53,2,1,0
BRDA:54,3,0,3
BRDA:54,3,1,0
BRDA:55,4,0,3
BRDA:55,4,1,0
BRDA:58,5,0,3
BRDA:58,5,1,0
BRDA:58,6,0,3
BRDA:58,6,1,3
BRDA:67,7,0,0
BRDA:67,7,1,0
BRDA:70,8,0,0
BRDA:70,8,1,0
BRDA:71,9,0,0
BRDA:71,9,1,0
BRDA:72,10,0,0
BRDA:72,10,1,0
BRDA:94,11,0,0
BRDA:94,11,1,0
BRDA:94,11,2,0
BRDA:94,11,3,0
BRDA:100,12,0,0
BRDA:100,12,1,0
BRDA:105,13,0,0
BRDA:105,13,1,3
BRDA:105,14,0,3
BRDA:105,14,1,0
BRDA:151,15,0,0
BRDA:151,15,1,0
BRDA:180,16,0,3
BRDA:180,16,1,3
BRDA:183,17,0,3
BRDA:183,17,1,0
BRDA:183,17,2,0
BRDA:195,18,0,3
BRDA:195,18,1,3
BRDA:195,18,2,0
BRDA:239,19,0,3
BRDA:239,19,1,0
BRDA:251,20,0,3
BRDA:251,20,1,0
BRDA:265,21,0,3
BRDA:265,21,1,0
BRDA:265,21,2,0
BRDA:265,21,3,0
BRDA:273,22,0,0
BRDA:273,22,1,0
BRDA:276,23,0,0
BRDA:276,23,1,0
BRDA:289,24,0,3
BRDA:289,24,1,0
BRDA:289,24,2,0
BRDA:289,24,3,0
BRDA:301,25,0,3
BRDA:301,25,1,0
BRDA:301,25,2,0
BRDA:301,25,3,0
BRDA:313,26,0,0
BRDA:313,26,1,0
BRDA:315,27,0,0
BRDA:315,27,1,0
BRF:64
BRH:20
end_of_record
TN:
SF:src\components\EventCreationPage\EventCreationPage.scss
FNF:0
FNH:0
LF:0
LH:0
BRF:0
BRH:0
end_of_record
TN:
SF:src\components\EventCreationPage\EventCreationPage.tsx
FN:23,(anonymous_0)
FN:49,(anonymous_1)
FN:50,(anonymous_2)
FN:69,(anonymous_3)
FN:87,(anonymous_4)
FN:98,(anonymous_5)
FN:108,(anonymous_6)
FN:110,(anonymous_7)
FN:114,(anonymous_8)
FN:116,(anonymous_9)
FN:127,(anonymous_10)
FN:131,(anonymous_11)
FN:132,(anonymous_12)
FN:140,(anonymous_13)
FN:153,(anonymous_14)
FN:154,(anonymous_15)
FN:157,(anonymous_16)
FN:159,(anonymous_17)
FN:163,(anonymous_18)
FN:164,(anonymous_19)
FN:170,(anonymous_20)
FN:171,(anonymous_21)
FN:174,(anonymous_22)
FN:227,(anonymous_23)
FN:230,(anonymous_24)
FN:258,(anonymous_25)
FN:271,(anonymous_26)
FN:285,(anonymous_27)
FN:289,(anonymous_28)
FN:311,(anonymous_29)
FN:330,(anonymous_30)
FN:343,(anonymous_31)
FN:356,(anonymous_32)
FN:365,(anonymous_33)
FN:377,(anonymous_34)
FN:378,(anonymous_35)
FN:401,(anonymous_36)
FN:412,(anonymous_37)
FN:422,(anonymous_38)
FN:432,(anonymous_39)
FN:444,(anonymous_40)
FN:451,(anonymous_41)
FNF:42
FNH:0
FNDA:0,(anonymous_0)
FNDA:0,(anonymous_1)
FNDA:0,(anonymous_2)
FNDA:0,(anonymous_3)
FNDA:0,(anonymous_4)
FNDA:0,(anonymous_5)
FNDA:0,(anonymous_6)
FNDA:0,(anonymous_7)
FNDA:0,(anonymous_8)
FNDA:0,(anonymous_9)
FNDA:0,(anonymous_10)
FNDA:0,(anonymous_11)
FNDA:0,(anonymous_12)
FNDA:0,(anonymous_13)
FNDA:0,(anonymous_14)
FNDA:0,(anonymous_15)
FNDA:0,(anonymous_16)
FNDA:0,(anonymous_17)
FNDA:0,(anonymous_18)
FNDA:0,(anonymous_19)
FNDA:0,(anonymous_20)
FNDA:0,(anonymous_21)
FNDA:0,(anonymous_22)
FNDA:0,(anonymous_23)
FNDA:0,(anonymous_24)
FNDA:0,(anonymous_25)
FNDA:0,(anonymous_26)
FNDA:0,(anonymous_27)
FNDA:0,(anonymous_28)
FNDA:0,(anonymous_29)
FNDA:0,(anonymous_30)
FNDA:0,(anonymous_31)
FNDA:0,(anonymous_32)
FNDA:0,(anonymous_33)
FNDA:0,(anonymous_34)
FNDA:0,(anonymous_35)
FNDA:0,(anonymous_36)
FNDA:0,(anonymous_37)
FNDA:0,(anonymous_38)
FNDA:0,(anonymous_39)
FNDA:0,(anonymous_40)
FNDA:0,(anonymous_41)
DA:23,1
DA:24,0
DA:25,0
DA:26,0
DA:27,0
DA:28,0
DA:31,0
DA:32,0
DA:34,0
DA:49,0
DA:50,0
DA:51,0
DA:52,0
DA:53,0
DA:57,0
DA:58,0
DA:60,0
DA:62,0
DA:65,0
DA:69,0
DA:70,0
DA:71,0
DA:86,0
DA:87,0
DA:97,0
DA:98,0
DA:108,0
DA:109,0
DA:110,0
DA:111,0
DA:113,0
DA:114,0
DA:115,0
DA:116,0
DA:127,0
DA:131,0
DA:132,0
DA:140,0
DA:141,0
DA:153,0
DA:154,0
DA:157,0
DA:158,0
DA:159,0
DA:163,0
DA:164,0
DA:165,0
DA:167,0
DA:170,0
DA:171,0
DA:174,0
DA:175,0
DA:177,0
DA:179,0
DA:180,0
DA:181,0
DA:183,0
DA:186,0
DA:187,0
DA:189,0
DA:191,0
DA:193,0
DA:197,0
DA:227,0
DA:231,0
DA:258,0
DA:271,0
DA:285,0
DA:290,0
DA:311,0
DA:330,0
DA:343,0
DA:357,0
DA:365,0
DA:377,0
DA:379,0
DA:380,0
DA:381,0
DA:402,0
DA:412,0
DA:422,0
DA:432,0
DA:444,0
DA:451,0
LF:84
LH:1
BRDA:70,0,0,0
BRDA:70,0,1,0
BRDA:72,1,0,0
BRDA:72,1,1,0
BRDA:73,2,0,0
BRDA:73,2,1,0
BRDA:74,3,0,0
BRDA:74,3,1,0
BRDA:75,4,0,0
BRDA:75,4,1,0
BRDA:76,5,0,0
BRDA:76,5,1,0
BRDA:77,6,0,0
BRDA:77,6,1,0
BRDA:78,7,0,0
BRDA:78,7,1,0
BRDA:79,8,0,0
BRDA:79,8,1,0
BRDA:80,9,0,0
BRDA:80,9,1,0
BRDA:81,10,0,0
BRDA:81,10,1,0
BRDA:82,11,0,0
BRDA:82,11,1,0
BRDA:86,12,0,0
BRDA:86,12,1,0
BRDA:86,13,0,0
BRDA:86,13,1,0
BRDA:88,14,0,0
BRDA:88,14,1,0
BRDA:89,15,0,0
BRDA:89,15,1,0
BRDA:90,16,0,0
BRDA:90,16,1,0
BRDA:91,17,0,0
BRDA:91,17,1,0
BRDA:92,18,0,0
BRDA:92,18,1,0
BRDA:97,19,0,0
BRDA:97,19,1,0
BRDA:97,20,0,0
BRDA:97,20,1,0
BRDA:109,21,0,0
BRDA:109,21,1,0
BRDA:115,22,0,0
BRDA:115,22,1,0
BRDA:120,23,0,0
BRDA:120,23,1,0
BRDA:123,24,0,0
BRDA:123,24,1,0
BRDA:124,25,0,0
BRDA:124,25,1,0
BRDA:135,26,0,0
BRDA:135,26,1,0
BRDA:136,27,0,0
BRDA:136,27,1,0
BRDA:154,28,0,0
BRDA:154,28,1,0
BRDA:158,29,0,0
BRDA:158,29,1,0
BRDA:164,30,0,0
BRDA:164,30,1,0
BRDA:180,31,0,0
BRDA:180,31,1,0
BRDA:186,32,0,0
BRDA:186,32,1,0
BRDA:205,33,0,0
BRDA:205,33,1,0
BRDA:211,34,0,0
BRDA:211,34,1,0
BRDA:226,35,0,0
BRDA:226,35,1,0
BRDA:241,36,0,0
BRDA:241,36,1,0
BRDA:284,37,0,0
BRDA:284,37,1,0
BRDA:285,38,0,0
BRDA:285,38,1,0
BRDA:310,39,0,0
BRDA:310,39,1,0
BRDA:318,40,0,0
BRDA:318,40,1,0
BRDA:379,41,0,0
BRDA:379,41,1,0
BRDA:379,42,0,0
BRDA:379,42,1,0
BRDA:467,43,0,0
BRDA:467,43,1,0
BRDA:467,44,0,0
BRDA:467,44,1,0
BRF:90
BRH:0
end_of_record
TN:
SF:src\components\EventList\EventList.tsx
FN:18,(anonymous_0)
FN:25,handleEditEvent
FN:31,(anonymous_2)
FN:32,(anonymous_3)
FN:35,fetchEventsData
FN:41,(anonymous_5)
FN:64,(anonymous_6)
FN:65,loadEvents
FN:121,(anonymous_8)
FN:141,(anonymous_9)
FN:149,(anonymous_10)
FNF:11
FNH:4
FNDA:5,(anonymous_0)
FNDA:0,handleEditEvent
FNDA:0,(anonymous_2)
FNDA:0,(anonymous_3)
FNDA:3,fetchEventsData
FNDA:0,(anonymous_5)
FNDA:3,(anonymous_6)
FNDA:3,loadEvents
FNDA:0,(anonymous_8)
FNDA:0,(anonymous_9)
FNDA:0,(anonymous_10)
DA:18,1
DA:20,5
DA:21,5
DA:22,5
DA:23,5
DA:26,0
DA:27,0
DA:31,5
DA:32,0
DA:36,3
DA:37,3
DA:40,0
DA:42,0
DA:43,0
DA:44,0
DA:49,0
DA:50,0
DA:58,0
DA:60,3
DA:64,5
DA:66,3
DA:67,3
DA:68,3
DA:69,3
DA:70,0
DA:72,3
DA:74,3
DA:77,3
DA:80,5
DA:81,3
DA:91,2
DA:92,2
DA:105,0
DA:106,0
DA:120,0
DA:122,0
DA:127,5
DA:128,0
DA:141,0
DA:142,0
DA:143,0
DA:147,0
DA:150,0
LF:43
LH:22
BRDA:18,0,0,5
BRDA:26,1,0,0
BRDA:26,1,1,0
BRDA:80,2,0,3
BRDA:80,2,1,2
BRDA:91,3,0,2
BRDA:91,3,1,0
BRDA:105,4,0,0
BRDA:105,4,1,0
BRDA:120,5,0,0
BRDA:120,5,1,0
BRDA:122,6,0,0
BRDA:122,6,1,0
BRDA:127,7,0,0
BRDA:127,7,1,5
BRDA:127,8,0,5
BRDA:127,8,1,0
BRDA:142,9,0,0
BRDA:142,9,1,0
BRDA:156,10,0,0
BRDA:156,10,1,0
BRF:21
BRH:6
end_of_record
TN:
SF:src\components\Header\Header.scss
FNF:0
FNH:0
LF:0
LH:0
BRF:0
BRH:0
end_of_record
TN:
SF:src\components\Header\Header.tsx
FN:7,(anonymous_0)
FN:10,(anonymous_1)
FN:15,(anonymous_2)
FN:16,(anonymous_3)
FN:25,(anonymous_4)
FN:60,(anonymous_5)
FNF:6
FNH:4
FNDA:12,(anonymous_0)
FNDA:24,(anonymous_1)
FNDA:6,(anonymous_2)
FNDA:6,(anonymous_3)
FNDA:0,(anonymous_4)
FNDA:0,(anonymous_5)
DA:7,2
DA:8,12
DA:9,12
DA:10,24
DA:11,12
DA:12,12
DA:13,12
DA:15,12
DA:16,6
DA:17,6
DA:18,6
DA:19,6
DA:20,6
DA:22,6
DA:25,12
DA:26,0
DA:28,0
DA:30,0
DA:31,0
DA:36,0
DA:37,0
DA:40,0
DA:42,0
DA:43,0
DA:44,0
DA:48,12
DA:60,0
LF:27
LH:16
BRDA:20,0,0,6
BRDA:20,0,1,0
BRDA:26,1,0,0
BRDA:26,1,1,0
BRDA:36,2,0,0
BRDA:36,2,1,0
BRDA:54,3,0,0
BRDA:54,3,1,12
BRDA:59,4,0,12
BRDA:59,4,1,0
BRDA:67,5,0,0
BRDA:67,5,1,12
BRDA:70,6,0,6
BRDA:70,6,1,6
BRDA:73,7,0,12
BRDA:73,7,1,0
BRDA:75,8,0,0
BRDA:75,8,1,0
BRDA:78,9,0,0
BRDA:78,9,1,0
BRF:20
BRH:7
end_of_record
TN:
SF:src\components\InfoModal\InfoModal.scss
FNF:0
FNH:0
LF:0
LH:0
BRF:0
BRH:0
end_of_record
TN:
SF:src\components\InfoModal\InfoModal.tsx
FN:43,(anonymous_0)
FN:52,(anonymous_1)
FN:59,(anonymous_2)
FN:80,(anonymous_3)
FN:88,(anonymous_4)
FN:91,(anonymous_5)
FN:101,(anonymous_6)
FN:113,(anonymous_7)
FN:126,(anonymous_8)
FN:197,(anonymous_9)
FN:212,(anonymous_10)
FN:233,(anonymous_11)
FN:237,(anonymous_12)
FN:249,(anonymous_13)
FN:262,(anonymous_14)
FNF:15
FNH:0
FNDA:0,(anonymous_0)
FNDA:0,(anonymous_1)
FNDA:0,(anonymous_2)
FNDA:0,(anonymous_3)
FNDA:0,(anonymous_4)
FNDA:0,(anonymous_5)
FNDA:0,(anonymous_6)
FNDA:0,(anonymous_7)
FNDA:0,(anonymous_8)
FNDA:0,(anonymous_9)
FNDA:0,(anonymous_10)
FNDA:0,(anonymous_11)
FNDA:0,(anonymous_12)
FNDA:0,(anonymous_13)
FNDA:0,(anonymous_14)
DA:43,1
DA:44,0
DA:45,0
DA:46,0
DA:47,0
DA:48,0
DA:49,0
DA:50,0
DA:52,0
DA:53,0
DA:54,0
DA:55,0
DA:59,0
DA:60,0
DA:61,0
DA:62,0
DA:63,0
DA:64,0
DA:65,0
DA:67,0
DA:68,0
DA:70,0
DA:71,0
DA:72,0
DA:74,0
DA:75,0
DA:76,0
DA:80,0
DA:81,0
DA:83,0
DA:84,0
DA:85,0
DA:88,0
DA:89,0
DA:91,0
DA:92,0
DA:94,0
DA:96,0
DA:97,0
DA:101,0
DA:102,0
DA:104,0
DA:105,0
DA:106,0
DA:107,0
DA:109,0
DA:113,0
DA:114,0
DA:116,0
DA:118,0
DA:119,0
DA:120,0
DA:122,0
DA:126,0
DA:127,0
DA:128,0
DA:131,0
DA:133,0
DA:198,0
DA:212,0
DA:234,0
DA:237,0
DA:249,0
DA:263,0
LF:64
LH:1
BRDA:50,0,0,0
BRDA:50,0,1,0
BRDA:53,1,0,0
BRDA:53,1,1,0
BRDA:53,2,0,0
BRDA:53,2,1,0
BRDA:88,3,0,0
BRDA:88,3,1,0
BRDA:102,4,0,0
BRDA:102,4,1,0
BRDA:114,5,0,0
BRDA:114,5,1,0
BRDA:116,6,0,0
BRDA:116,6,1,0
BRDA:131,7,0,0
BRDA:131,7,1,0
BRDA:135,8,0,0
BRDA:135,8,1,0
BRDA:143,9,0,0
BRDA:143,9,1,0
BRDA:145,10,0,0
BRDA:145,10,1,0
BRDA:158,11,0,0
BRDA:158,11,1,0
BRDA:165,12,0,0
BRDA:165,12,1,0
BRDA:174,13,0,0
BRDA:174,13,1,0
BRDA:191,14,0,0
BRDA:191,14,1,0
BRDA:193,15,0,0
BRDA:193,15,1,0
BRDA:195,16,0,0
BRDA:195,16,1,0
BRDA:195,17,0,0
BRDA:195,17,1,0
BRDA:224,18,0,0
BRDA:224,18,1,0
BRDA:232,19,0,0
BRDA:232,19,1,0
BRDA:272,20,0,0
BRDA:272,20,1,0
BRF:42
BRH:0
end_of_record
TN:
SF:src\components\MessageBanner\MessageBanner.scss
FNF:0
FNH:0
LF:0
LH:0
BRF:0
BRH:0
end_of_record
TN:
SF:src\components\MessageBanner\MessageBanner.tsx
FN:17,(anonymous_0)
FN:20,(anonymous_1)
FN:24,(anonymous_2)
FN:29,(anonymous_3)
FN:39,(anonymous_4)
FNF:5
FNH:2
FNDA:3,(anonymous_0)
FNDA:3,(anonymous_1)
FNDA:0,(anonymous_2)
FNDA:0,(anonymous_3)
FNDA:0,(anonymous_4)
DA:17,1
DA:18,3
DA:20,3
DA:21,3
DA:22,0
DA:24,0
DA:25,0
DA:26,0
DA:29,0
DA:31,3
DA:35,3
DA:36,3
DA:39,0
DA:40,0
DA:41,0
DA:44,0
LF:16
LH:7
BRDA:21,0,0,0
BRDA:21,0,1,3
BRDA:26,1,0,0
BRDA:26,1,1,0
BRDA:35,2,0,3
BRDA:35,2,1,0
BRDA:35,3,0,3
BRDA:35,3,1,0
BRDA:41,4,0,0
BRDA:41,4,1,0
BRDA:48,5,0,0
BRDA:48,5,1,0
BRDA:49,6,0,3
BRDA:49,6,1,0
BRDA:50,7,0,3
BRDA:50,7,1,0
BRDA:51,8,0,3
BRDA:51,8,1,0
BRF:18
BRH:6
end_of_record
TN:
SF:src\config\api.ts
FN:6,(anonymous_0)
FNF:1
FNH:1
FNDA:3,(anonymous_0)
DA:6,3
DA:7,3
DA:9,3
DA:11,3
DA:15,0
DA:18,3
LF:6
LH:5
BRDA:9,0,0,3
BRDA:9,0,1,0
BRF:2
BRH:1
end_of_record
TN:
SF:src\pages\Events\Events.scss
FNF:0
FNH:0
LF:0
LH:0
BRF:0
BRH:0
end_of_record
TN:
SF:src\pages\Events\Events.tsx
FN:11,(anonymous_0)
FN:19,(anonymous_1)
FN:24,(anonymous_2)
FN:29,(anonymous_3)
FN:31,(anonymous_4)
FN:34,(anonymous_5)
FN:44,(anonymous_6)
FN:57,(anonymous_7)
FN:67,(anonymous_8)
FN:81,(anonymous_9)
FN:88,(anonymous_10)
FNF:11
FNH:1
FNDA:3,(anonymous_0)
FNDA:0,(anonymous_1)
FNDA:0,(anonymous_2)
FNDA:0,(anonymous_3)
FNDA:0,(anonymous_4)
FNDA:0,(anonymous_5)
FNDA:0,(anonymous_6)
FNDA:0,(anonymous_7)
FNDA:0,(anonymous_8)
FNDA:0,(anonymous_9)
FNDA:0,(anonymous_10)
DA:11,1
DA:12,3
DA:13,3
DA:14,3
DA:15,3
DA:16,3
DA:17,3
DA:19,3
DA:20,0
DA:21,0
DA:24,3
DA:25,0
DA:26,0
DA:29,3
DA:30,0
DA:31,0
DA:34,3
DA:35,0
DA:36,0
DA:40,3
DA:41,0
DA:44,0
DA:54,3
DA:57,0
DA:67,0
DA:81,0
DA:88,0
LF:27
LH:13
BRDA:30,0,0,0
BRDA:30,0,1,0
BRDA:40,1,0,0
BRDA:40,1,1,3
BRDA:58,2,0,0
BRDA:58,2,1,3
BRDA:84,3,0,3
BRDA:84,3,1,0
BRF:8
BRH:3
end_of_record
TN:
SF:src\utils\auth.ts
FN:19,getUserData
FN:27,(anonymous_1)
FN:61,clearUserCache
FN:69,setCachedUser
FN:73,isOwnerOfEvent
FN:82,getAdminStatus
FN:87,getAccountId
FN:92,getAccountEmail
FN:97,getAccountRole
FNF:9
FNH:5
FNDA:9,getUserData
FNDA:2,(anonymous_1)
FNDA:0,clearUserCache
FNDA:0,setCachedUser
FNDA:3,isOwnerOfEvent
FNDA:3,getAdminStatus
FNDA:3,getAccountId
FNDA:0,getAccountEmail
FNDA:0,getAccountRole
DA:1,1
DA:2,1
DA:13,1
DA:14,1
DA:21,9
DA:24,9
DA:27,2
DA:28,2
DA:29,2
DA:33,0
DA:34,0
DA:35,0
DA:38,0
DA:39,0
DA:40,0
DA:41,0
DA:44,0
DA:45,0
DA:47,1
DA:48,1
DA:49,1
DA:51,1
DA:55,2
DA:62,0
DA:63,0
DA:70,0
DA:74,3
DA:75,0
DA:77,0
DA:79,0
DA:83,3
DA:84,3
DA:88,3
DA:89,3
DA:93,0
DA:94,0
DA:98,0
DA:99,0
LF:38
LH:19
BRDA:2,0,0,1
BRDA:2,0,1,0
BRDA:21,1,0,0
BRDA:21,1,1,9
BRDA:24,2,0,7
BRDA:24,2,1,2
BRDA:33,3,0,0
BRDA:33,3,1,0
BRDA:39,4,0,0
BRDA:39,4,1,0
BRDA:39,5,0,0
BRDA:39,5,1,0
BRDA:75,6,0,0
BRDA:75,6,1,0
BRDA:77,7,0,0
BRDA:77,7,1,0
BRDA:89,8,0,3
BRDA:89,8,1,3
BRDA:94,9,0,0
BRDA:94,9,1,0
BRDA:99,10,0,0
BRDA:99,10,1,0
BRF:22
BRH:6
end_of_record
TN:
SF:src\utils\formatSyntax.ts
FN:14,formatTimeForInput
FN:30,formatDateForInput
FN:47,formatTimestampToDate
FN:68,formatTimeForDisplay
FN:95,formatDateForDisplay
FN:113,formatTimestampForDisplay
FN:140,combineDateTime
FNF:7
FNH:3
FNDA:6,formatTimeForInput
FNDA:0,formatDateForInput
FNDA:0,formatTimestampToDate
FNDA:6,formatTimeForDisplay
FNDA:6,formatDateForDisplay
FNDA:0,formatTimestampForDisplay
FNDA:0,combineDateTime
DA:15,6
DA:18,6
DA:19,6
DA:31,0
DA:34,0
DA:35,0
DA:48,0
DA:50,0
DA:51,0
DA:52,0
DA:54,0
DA:69,6
DA:71,6
DA:72,6
DA:75,6
DA:76,6
DA:77,6
DA:79,6
DA:96,6
DA:98,6
DA:99,6
DA:101,6
DA:117,0
DA:119,0
DA:120,0
DA:122,0
DA:141,0
DA:143,0
DA:144,0
DA:145,0
DA:146,0
DA:148,0
LF:32
LH:14
BRDA:15,0,0,0
BRDA:15,0,1,6
BRDA:19,1,0,6
BRDA:19,1,1,0
BRDA:31,2,0,0
BRDA:31,2,1,0
BRDA:35,3,0,0
BRDA:35,3,1,0
BRDA:48,4,0,0
BRDA:48,4,1,0
BRDA:52,5,0,0
BRDA:52,5,1,0
BRDA:68,6,0,6
BRDA:69,7,0,0
BRDA:69,7,1,6
BRDA:72,8,0,0
BRDA:72,8,1,6
BRDA:95,9,0,6
BRDA:96,10,0,0
BRDA:96,10,1,6
BRDA:99,11,0,0
BRDA:99,11,1,6
BRDA:115,12,0,0
BRDA:117,13,0,0
BRDA:117,13,1,0
BRDA:120,14,0,0
BRDA:120,14,1,0
BRDA:141,15,0,0
BRDA:141,15,1,0
BRDA:141,16,0,0
BRDA:141,16,1,0
BRDA:146,17,0,0
BRDA:146,17,1,0
BRF:33
BRH:8
end_of_record
