<?xml version="1.0" ?>
<!DOCTYPE coverage SYSTEM "http://cobertura.sourceforge.net/xml/coverage-04.dtd">
<coverage lines-valid="693" lines-covered="184" line-rate="0.2655" branches-valid="330" branches-covered="64" branch-rate="0.19390000000000002" timestamp="1763636560747" complexity="0" version="0.1">
  <sources>
    <source>C:\Users\leiff\vscProjects\talentbinder-monorepo\packages\backend</source>
  </sources>
  <packages>
    <package name="config" line-rate="0" branch-rate="0">
      <classes>
        <class name="db.ts" filename="src\config\db.ts" line-rate="0" branch-rate="0">
          <methods>
            <method name="(anonymous_0)" hits="0" signature="()V">
              <lines>
                <line number="6" hits="0"/>
              </lines>
            </method>
            <method name="getPool" hits="0" signature="()V">
              <lines>
                <line number="24" hits="0"/>
              </lines>
            </method>
            <method name="(anonymous_2)" hits="0" signature="()V">
              <lines>
                <line number="65" hits="0"/>
              </lines>
            </method>
            <method name="(anonymous_3)" hits="0" signature="()V">
              <lines>
                <line number="69" hits="0"/>
              </lines>
            </method>
            <method name="(anonymous_4)" hits="0" signature="()V">
              <lines>
                <line number="78" hits="0"/>
              </lines>
            </method>
          </methods>
          <lines>
            <line number="3" hits="0" branch="false"/>
            <line number="5" hits="0" branch="false"/>
            <line number="6" hits="0" branch="false"/>
            <line number="8" hits="0" branch="false"/>
            <line number="25" hits="0" branch="true" condition-coverage="0% (0/2)"/>
            <line number="26" hits="0" branch="false"/>
            <line number="30" hits="0" branch="true" condition-coverage="0% (0/2)"/>
            <line number="46" hits="0" branch="false"/>
            <line number="57" hits="0" branch="false"/>
            <line number="65" hits="0" branch="false"/>
            <line number="66" hits="0" branch="false"/>
            <line number="69" hits="0" branch="false"/>
            <line number="70" hits="0" branch="false"/>
            <line number="73" hits="0" branch="false"/>
            <line number="77" hits="0" branch="false"/>
            <line number="79" hits="0" branch="false"/>
          </lines>
        </class>
        <class name="ldap.ts" filename="src\config\ldap.ts" line-rate="0" branch-rate="0">
          <methods>
            <method name="entryToObject" hits="0" signature="()V">
              <lines>
                <line number="64" hits="0"/>
              </lines>
            </method>
            <method name="(anonymous_1)" hits="0" signature="()V">
              <lines>
                <line number="66" hits="0"/>
              </lines>
            </method>
            <method name="_createAdminClient" hits="0" signature="()V">
              <lines>
                <line number="80" hits="0"/>
              </lines>
            </method>
            <method name="(anonymous_3)" hits="0" signature="()V">
              <lines>
                <line number="92" hits="0"/>
              </lines>
            </method>
            <method name="(anonymous_4)" hits="0" signature="()V">
              <lines>
                <line number="93" hits="0"/>
              </lines>
            </method>
            <method name="(anonymous_5)" hits="0" signature="()V">
              <lines>
                <line number="99" hits="0"/>
              </lines>
            </method>
            <method name="getUidByEmail" hits="0" signature="()V">
              <lines>
                <line number="119" hits="0"/>
              </lines>
            </method>
            <method name="(anonymous_7)" hits="0" signature="()V">
              <lines>
                <line number="131" hits="0"/>
              </lines>
            </method>
            <method name="(anonymous_8)" hits="0" signature="()V">
              <lines>
                <line number="132" hits="0"/>
              </lines>
            </method>
            <method name="(anonymous_9)" hits="0" signature="()V">
              <lines>
                <line number="139" hits="0"/>
              </lines>
            </method>
            <method name="(anonymous_10)" hits="0" signature="()V">
              <lines>
                <line number="145" hits="0"/>
              </lines>
            </method>
            <method name="validateUser" hits="0" signature="()V">
              <lines>
                <line number="168" hits="0"/>
              </lines>
            </method>
            <method name="(anonymous_12)" hits="0" signature="()V">
              <lines>
                <line number="179" hits="0"/>
              </lines>
            </method>
            <method name="(anonymous_13)" hits="0" signature="()V">
              <lines>
                <line number="184" hits="0"/>
              </lines>
            </method>
            <method name="(anonymous_14)" hits="0" signature="()V">
              <lines>
                <line number="185" hits="0"/>
              </lines>
            </method>
            <method name="getAllDataByUid" hits="0" signature="()V">
              <lines>
                <line number="207" hits="0"/>
              </lines>
            </method>
            <method name="(anonymous_16)" hits="0" signature="()V">
              <lines>
                <line number="219" hits="0"/>
              </lines>
            </method>
            <method name="(anonymous_17)" hits="0" signature="()V">
              <lines>
                <line number="220" hits="0"/>
              </lines>
            </method>
            <method name="(anonymous_18)" hits="0" signature="()V">
              <lines>
                <line number="227" hits="0"/>
              </lines>
            </method>
            <method name="(anonymous_19)" hits="0" signature="()V">
              <lines>
                <line number="236" hits="0"/>
              </lines>
            </method>
            <method name="authenticateLdapUser" hits="0" signature="()V">
              <lines>
                <line number="260" hits="0"/>
              </lines>
            </method>
            <method name="isLdapServerReachable" hits="0" signature="()V">
              <lines>
                <line number="302" hits="0"/>
              </lines>
            </method>
            <method name="(anonymous_22)" hits="0" signature="()V">
              <lines>
                <line number="303" hits="0"/>
              </lines>
            </method>
            <method name="(anonymous_23)" hits="0" signature="()V">
              <lines>
                <line number="317" hits="0"/>
              </lines>
            </method>
            <method name="(anonymous_24)" hits="0" signature="()V">
              <lines>
                <line number="326" hits="0"/>
              </lines>
            </method>
            <method name="(anonymous_25)" hits="0" signature="()V">
              <lines>
                <line number="335" hits="0"/>
              </lines>
            </method>
          </methods>
          <lines>
            <line number="42" hits="0" branch="false"/>
            <line number="53" hits="0" branch="false"/>
            <line number="65" hits="0" branch="false"/>
            <line number="66" hits="0" branch="false"/>
            <line number="67" hits="0" branch="true" condition-coverage="0% (0/4)"/>
            <line number="68" hits="0" branch="true" condition-coverage="0% (0/2)"/>
            <line number="71" hits="0" branch="false"/>
            <line number="81" hits="0" branch="true" condition-coverage="0% (0/4)"/>
            <line number="82" hits="0" branch="false"/>
            <line number="83" hits="0" branch="false"/>
            <line number="86" hits="0" branch="false"/>
            <line number="92" hits="0" branch="false"/>
            <line number="93" hits="0" branch="false"/>
            <line number="94" hits="0" branch="false"/>
            <line number="95" hits="0" branch="false"/>
            <line number="96" hits="0" branch="false"/>
            <line number="99" hits="0" branch="false"/>
            <line number="100" hits="0" branch="true" condition-coverage="0% (0/2)"/>
            <line number="101" hits="0" branch="false"/>
            <line number="102" hits="0" branch="false"/>
            <line number="103" hits="0" branch="false"/>
            <line number="105" hits="0" branch="false"/>
            <line number="106" hits="0" branch="false"/>
            <line number="120" hits="0" branch="false"/>
            <line number="122" hits="0" branch="false"/>
            <line number="123" hits="0" branch="false"/>
            <line number="129" hits="0" branch="false"/>
            <line number="131" hits="0" branch="false"/>
            <line number="132" hits="0" branch="false"/>
            <line number="133" hits="0" branch="true" condition-coverage="0% (0/2)"/>
            <line number="134" hits="0" branch="false"/>
            <line number="137" hits="0" branch="false"/>
            <line number="139" hits="0" branch="false"/>
            <line number="140" hits="0" branch="false"/>
            <line number="141" hits="0" branch="false"/>
            <line number="142" hits="0" branch="false"/>
            <line number="145" hits="0" branch="false"/>
            <line number="146" hits="0" branch="true" condition-coverage="0% (0/2)"/>
            <line number="147" hits="0" branch="false"/>
            <line number="149" hits="0" branch="false"/>
            <line number="153" hits="0" branch="false"/>
            <line number="157" hits="0" branch="false"/>
            <line number="169" hits="0" branch="false"/>
            <line number="171" hits="0" branch="false"/>
            <line number="173" hits="0" branch="false"/>
            <line number="179" hits="0" branch="false"/>
            <line number="180" hits="0" branch="false"/>
            <line number="183" hits="0" branch="false"/>
            <line number="184" hits="0" branch="false"/>
            <line number="185" hits="0" branch="false"/>
            <line number="186" hits="0" branch="true" condition-coverage="0% (0/2)"/>
            <line number="187" hits="0" branch="false"/>
            <line number="188" hits="0" branch="false"/>
            <line number="190" hits="0" branch="false"/>
            <line number="191" hits="0" branch="false"/>
            <line number="196" hits="0" branch="false"/>
            <line number="208" hits="0" branch="false"/>
            <line number="210" hits="0" branch="false"/>
            <line number="211" hits="0" branch="false"/>
            <line number="217" hits="0" branch="false"/>
            <line number="219" hits="0" branch="false"/>
            <line number="220" hits="0" branch="false"/>
            <line number="221" hits="0" branch="true" condition-coverage="0% (0/2)"/>
            <line number="222" hits="0" branch="false"/>
            <line number="225" hits="0" branch="false"/>
            <line number="227" hits="0" branch="false"/>
            <line number="228" hits="0" branch="false"/>
            <line number="229" hits="0" branch="false"/>
            <line number="236" hits="0" branch="false"/>
            <line number="237" hits="0" branch="true" condition-coverage="0% (0/2)"/>
            <line number="238" hits="0" branch="false"/>
            <line number="240" hits="0" branch="false"/>
            <line number="244" hits="0" branch="false"/>
            <line number="248" hits="0" branch="false"/>
            <line number="261" hits="0" branch="false"/>
            <line number="262" hits="0" branch="false"/>
            <line number="265" hits="0" branch="false"/>
            <line number="266" hits="0" branch="false"/>
            <line number="269" hits="0" branch="false"/>
            <line number="270" hits="0" branch="true" condition-coverage="0% (0/2)"/>
            <line number="271" hits="0" branch="false"/>
            <line number="272" hits="0" branch="false"/>
            <line number="274" hits="0" branch="false"/>
            <line number="277" hits="0" branch="false"/>
            <line number="278" hits="0" branch="false"/>
            <line number="281" hits="0" branch="false"/>
            <line number="292" hits="0" branch="false"/>
            <line number="293" hits="0" branch="false"/>
            <line number="303" hits="0" branch="false"/>
            <line number="304" hits="0" branch="false"/>
            <line number="310" hits="0" branch="false"/>
            <line number="312" hits="0" branch="true" condition-coverage="0% (0/4)"/>
            <line number="313" hits="0" branch="false"/>
            <line number="314" hits="0" branch="false"/>
            <line number="317" hits="0" branch="false"/>
            <line number="318" hits="0" branch="true" condition-coverage="0% (0/2)"/>
            <line number="319" hits="0" branch="false"/>
            <line number="320" hits="0" branch="false"/>
            <line number="321" hits="0" branch="false"/>
            <line number="322" hits="0" branch="false"/>
            <line number="326" hits="0" branch="false"/>
            <line number="327" hits="0" branch="true" condition-coverage="0% (0/2)"/>
            <line number="328" hits="0" branch="false"/>
            <line number="329" hits="0" branch="false"/>
            <line number="330" hits="0" branch="false"/>
            <line number="331" hits="0" branch="false"/>
            <line number="335" hits="0" branch="false"/>
            <line number="336" hits="0" branch="true" condition-coverage="0% (0/2)"/>
            <line number="337" hits="0" branch="false"/>
            <line number="338" hits="0" branch="false"/>
            <line number="339" hits="0" branch="false"/>
            <line number="340" hits="0" branch="false"/>
          </lines>
        </class>
      </classes>
    </package>
    <package name="middleware" line-rate="0.7142000000000001" branch-rate="0.7777">
      <classes>
        <class name="auth.ts" filename="src\middleware\auth.ts" line-rate="1" branch-rate="1">
          <methods>
            <method name="authRequired" hits="18" signature="()V">
              <lines>
                <line number="18" hits="18"/>
              </lines>
            </method>
            <method name="checkAdmin" hits="4" signature="()V">
              <lines>
                <line number="33" hits="4"/>
              </lines>
            </method>
          </methods>
          <lines>
            <line number="5" hits="4" branch="false"/>
            <line number="18" hits="4" branch="false"/>
            <line number="19" hits="18" branch="false"/>
            <line number="21" hits="18" branch="true" condition-coverage="100% (2/2)"/>
            <line number="22" hits="4" branch="false"/>
            <line number="25" hits="14" branch="false"/>
            <line number="26" hits="14" branch="false"/>
            <line number="27" hits="11" branch="false"/>
            <line number="29" hits="3" branch="false"/>
            <line number="33" hits="4" branch="false"/>
            <line number="34" hits="4" branch="true" condition-coverage="100% (4/4)"/>
            <line number="35" hits="2" branch="false"/>
            <line number="37" hits="2" branch="false"/>
          </lines>
        </class>
        <class name="logging.ts" filename="src\middleware\logging.ts" line-rate="0.46659999999999996" branch-rate="0.3333">
          <methods>
            <method name="requestLogger" hits="0" signature="()V">
              <lines>
                <line number="4" hits="0"/>
              </lines>
            </method>
            <method name="(anonymous_1)" hits="0" signature="()V">
              <lines>
                <line number="9" hits="0"/>
              </lines>
            </method>
            <method name="auditLog" hits="1" signature="()V">
              <lines>
                <line number="18" hits="1"/>
              </lines>
            </method>
          </methods>
          <lines>
            <line number="1" hits="2" branch="false"/>
            <line number="4" hits="2" branch="false"/>
            <line number="5" hits="0" branch="false"/>
            <line number="6" hits="0" branch="false"/>
            <line number="8" hits="0" branch="false"/>
            <line number="9" hits="0" branch="false"/>
            <line number="10" hits="0" branch="false"/>
            <line number="11" hits="0" branch="false"/>
            <line number="12" hits="0" branch="false"/>
            <line number="15" hits="0" branch="false"/>
            <line number="18" hits="2" branch="false"/>
            <line number="25" hits="1" branch="false"/>
            <line number="26" hits="1" branch="false"/>
            <line number="32" hits="1" branch="false"/>
            <line number="36" hits="2" branch="false"/>
          </lines>
        </class>
      </classes>
    </package>
    <package name="routes" line-rate="0.27140000000000003" branch-rate="0.21989999999999998">
      <classes>
        <class name="account.ts" filename="src\routes\account.ts" line-rate="0" branch-rate="0">
          <methods>
            <method name="(anonymous_0)" hits="0" signature="()V">
              <lines>
                <line number="10" hits="0"/>
              </lines>
            </method>
            <method name="(anonymous_1)" hits="0" signature="()V">
              <lines>
                <line number="33" hits="0"/>
              </lines>
            </method>
          </methods>
          <lines>
            <line number="8" hits="0" branch="false"/>
            <line number="10" hits="0" branch="false"/>
            <line number="11" hits="0" branch="false"/>
            <line number="12" hits="0" branch="false"/>
            <line number="25" hits="0" branch="false"/>
            <line number="26" hits="0" branch="false"/>
            <line number="28" hits="0" branch="false"/>
            <line number="29" hits="0" branch="false"/>
            <line number="33" hits="0" branch="false"/>
            <line number="34" hits="0" branch="false"/>
            <line number="36" hits="0" branch="true" condition-coverage="0% (0/2)"/>
            <line number="37" hits="0" branch="false"/>
            <line number="40" hits="0" branch="false"/>
            <line number="41" hits="0" branch="false"/>
            <line number="45" hits="0" branch="false"/>
            <line number="47" hits="0" branch="false"/>
            <line number="52" hits="0" branch="true" condition-coverage="0% (0/2)"/>
            <line number="53" hits="0" branch="false"/>
            <line number="56" hits="0" branch="false"/>
            <line number="66" hits="0" branch="false"/>
            <line number="68" hits="0" branch="false"/>
            <line number="69" hits="0" branch="false"/>
          </lines>
        </class>
        <class name="auth.ts" filename="src\routes\auth.ts" line-rate="0.35609999999999997" branch-rate="0.19640000000000002">
          <methods>
            <method name="initLdapFunctions" hits="0" signature="()V">
              <lines>
                <line number="36" hits="0"/>
              </lines>
            </method>
            <method name="(anonymous_11)" hits="0" signature="()V">
              <lines>
                <line number="39" hits="0"/>
              </lines>
            </method>
            <method name="getOrCreateUser" hits="0" signature="()V">
              <lines>
                <line number="49" hits="0"/>
              </lines>
            </method>
            <method name="(anonymous_13)" hits="0" signature="()V">
              <lines>
                <line number="50" hits="0"/>
              </lines>
            </method>
            <method name="createAuthToken" hits="0" signature="()V">
              <lines>
                <line number="54" hits="0"/>
              </lines>
            </method>
            <method name="(anonymous_15)" hits="0" signature="()V">
              <lines>
                <line number="68" hits="0"/>
              </lines>
            </method>
            <method name="(anonymous_16)" hits="3" signature="()V">
              <lines>
                <line number="74" hits="3"/>
              </lines>
            </method>
            <method name="(anonymous_17)" hits="1" signature="()V">
              <lines>
                <line number="181" hits="1"/>
              </lines>
            </method>
            <method name="(anonymous_18)" hits="0" signature="()V">
              <lines>
                <line number="192" hits="0"/>
              </lines>
            </method>
          </methods>
          <lines>
            <line number="1" hits="1" branch="false"/>
            <line number="2" hits="1" branch="false"/>
            <line number="3" hits="1" branch="false"/>
            <line number="4" hits="1" branch="false"/>
            <line number="5" hits="1" branch="false"/>
            <line number="7" hits="1" branch="true" condition-coverage="50% (1/2)"/>
            <line number="8" hits="1" branch="true" condition-coverage="100% (2/2)"/>
            <line number="9" hits="1" branch="true" condition-coverage="50% (2/4)"/>
            <line number="10" hits="1" branch="true" condition-coverage="50% (1/2)"/>
            <line number="12" hits="1" branch="false"/>
            <line number="33" hits="1" branch="false"/>
            <line number="34" hits="1" branch="false"/>
            <line number="37" hits="0" branch="true" condition-coverage="0% (0/2)"/>
            <line number="38" hits="0" branch="false"/>
            <line number="39" hits="0" branch="false"/>
            <line number="40" hits="0" branch="false"/>
            <line number="42" hits="0" branch="false"/>
            <line number="45" hits="0" branch="false"/>
            <line number="50" hits="0" branch="false"/>
            <line number="51" hits="0" branch="false"/>
            <line number="55" hits="0" branch="true" condition-coverage="0% (0/2)"/>
            <line number="57" hits="0" branch="false"/>
            <line number="65" hits="0" branch="false"/>
            <line number="68" hits="1" branch="false"/>
            <line number="69" hits="0" branch="false"/>
            <line number="70" hits="0" branch="true" condition-coverage="0% (0/2)"/>
            <line number="71" hits="0" branch="false"/>
            <line number="74" hits="1" branch="false"/>
            <line number="75" hits="3" branch="false"/>
            <line number="77" hits="3" branch="false"/>
            <line number="79" hits="3" branch="true" condition-coverage="100% (4/4)"/>
            <line number="80" hits="1" branch="false"/>
            <line number="83" hits="2" branch="true" condition-coverage="50% (1/2)"/>
            <line number="84" hits="2" branch="false"/>
            <line number="87" hits="0" branch="false"/>
            <line number="91" hits="0" branch="true" condition-coverage="0% (0/2)"/>
            <line number="92" hits="0" branch="false"/>
            <line number="94" hits="0" branch="true" condition-coverage="0% (0/4)"/>
            <line number="95" hits="0" branch="false"/>
            <line number="101" hits="0" branch="false"/>
            <line number="102" hits="0" branch="false"/>
            <line number="104" hits="0" branch="true" condition-coverage="0% (0/2)"/>
            <line number="105" hits="0" branch="false"/>
            <line number="108" hits="0" branch="false"/>
            <line number="109" hits="0" branch="false"/>
            <line number="116" hits="0" branch="true" condition-coverage="0% (0/2)"/>
            <line number="117" hits="0" branch="false"/>
            <line number="119" hits="0" branch="false"/>
            <line number="124" hits="0" branch="true" condition-coverage="0% (0/2)"/>
            <line number="125" hits="0" branch="false"/>
            <line number="128" hits="0" branch="false"/>
            <line number="130" hits="0" branch="true" condition-coverage="0% (0/2)"/>
            <line number="131" hits="0" branch="false"/>
            <line number="137" hits="0" branch="true" condition-coverage="0% (0/2)"/>
            <line number="138" hits="0" branch="false"/>
            <line number="141" hits="0" branch="false"/>
            <line number="142" hits="0" branch="false"/>
            <line number="143" hits="0" branch="false"/>
            <line number="151" hits="0" branch="false"/>
            <line number="155" hits="0" branch="false"/>
            <line number="157" hits="0" branch="false"/>
            <line number="164" hits="0" branch="false"/>
            <line number="176" hits="0" branch="false"/>
            <line number="177" hits="0" branch="false"/>
            <line number="181" hits="1" branch="false"/>
            <line number="182" hits="1" branch="false"/>
            <line number="188" hits="1" branch="false"/>
            <line number="189" hits="1" branch="false"/>
            <line number="192" hits="1" branch="false"/>
            <line number="193" hits="0" branch="false"/>
            <line number="195" hits="0" branch="true" condition-coverage="0% (0/6)"/>
            <line number="197" hits="0" branch="false"/>
            <line number="209" hits="1" branch="false"/>
          </lines>
        </class>
        <class name="candidates.ts" filename="src\routes\candidates.ts" line-rate="0.439" branch-rate="0.25420000000000004">
          <methods>
            <method name="(anonymous_1)" hits="3" signature="()V">
              <lines>
                <line number="10" hits="3"/>
              </lines>
            </method>
            <method name="(anonymous_2)" hits="1" signature="()V">
              <lines>
                <line number="73" hits="1"/>
              </lines>
            </method>
            <method name="(anonymous_3)" hits="2" signature="()V">
              <lines>
                <line number="104" hits="2"/>
              </lines>
            </method>
            <method name="(anonymous_4)" hits="0" signature="()V">
              <lines>
                <line number="172" hits="0"/>
              </lines>
            </method>
            <method name="(anonymous_5)" hits="1" signature="()V">
              <lines>
                <line number="248" hits="1"/>
              </lines>
            </method>
          </methods>
          <lines>
            <line number="1" hits="1" branch="false"/>
            <line number="2" hits="1" branch="false"/>
            <line number="3" hits="1" branch="false"/>
            <line number="4" hits="1" branch="false"/>
            <line number="5" hits="1" branch="false"/>
            <line number="8" hits="1" branch="false"/>
            <line number="10" hits="1" branch="false"/>
            <line number="11" hits="3" branch="false"/>
            <line number="14" hits="3" branch="false"/>
            <line number="15" hits="3" branch="false"/>
            <line number="16" hits="3" branch="false"/>
            <line number="18" hits="0" branch="false"/>
            <line number="21" hits="3" branch="false"/>
            <line number="38" hits="3" branch="false"/>
            <line number="39" hits="3" branch="false"/>
            <line number="41" hits="3" branch="true" condition-coverage="100% (4/4)"/>
            <line number="42" hits="1" branch="false"/>
            <line number="43" hits="1" branch="false"/>
            <line number="44" hits="1" branch="false"/>
            <line number="47" hits="3" branch="true" condition-coverage="100% (2/2)"/>
            <line number="48" hits="1" branch="false"/>
            <line number="51" hits="3" branch="false"/>
            <line number="52" hits="3" branch="true" condition-coverage="50% (1/2)"/>
            <line number="53" hits="0" branch="true" condition-coverage="0% (0/4)"/>
            <line number="55" hits="0" branch="false"/>
            <line number="56" hits="0" branch="false"/>
            <line number="58" hits="0" branch="false"/>
            <line number="59" hits="0" branch="false"/>
            <line number="62" hits="0" branch="false"/>
            <line number="63" hits="0" branch="false"/>
            <line number="66" hits="3" branch="false"/>
            <line number="68" hits="3" branch="false"/>
            <line number="69" hits="3" branch="false"/>
            <line number="72" hits="2" branch="false"/>
            <line number="73" hits="2" branch="false"/>
            <line number="74" hits="1" branch="false"/>
            <line number="75" hits="1" branch="true" condition-coverage="50% (1/2)"/>
            <line number="76" hits="1" branch="false"/>
            <line number="87" hits="1" branch="true" condition-coverage="50% (1/2)"/>
            <line number="88" hits="1" branch="false"/>
            <line number="96" hits="2" branch="false"/>
            <line number="97" hits="2" branch="false"/>
            <line number="99" hits="1" branch="false"/>
            <line number="100" hits="1" branch="false"/>
            <line number="104" hits="1" branch="false"/>
            <line number="105" hits="2" branch="false"/>
            <line number="106" hits="2" branch="false"/>
            <line number="107" hits="2" branch="false"/>
            <line number="108" hits="2" branch="false"/>
            <line number="110" hits="2" branch="true" condition-coverage="100% (4/4)"/>
            <line number="111" hits="1" branch="false"/>
            <line number="114" hits="1" branch="true" condition-coverage="40% (2/5)"/>
            <line number="115" hits="1" branch="false"/>
            <line number="118" hits="0" branch="false"/>
            <line number="119" hits="0" branch="false"/>
            <line number="121" hits="0" branch="false"/>
            <line number="127" hits="0" branch="false"/>
            <line number="130" hits="0" branch="true" condition-coverage="0% (0/4)"/>
            <line number="131" hits="0" branch="false"/>
            <line number="132" hits="0" branch="false"/>
            <line number="138" hits="0" branch="true" condition-coverage="0% (0/2)"/>
            <line number="139" hits="0" branch="false"/>
            <line number="146" hits="0" branch="false"/>
            <line number="148" hits="0" branch="false"/>
            <line number="155" hits="0" branch="false"/>
            <line number="161" hits="0" branch="false"/>
            <line number="162" hits="0" branch="false"/>
            <line number="163" hits="0" branch="false"/>
            <line number="164" hits="0" branch="false"/>
            <line number="165" hits="0" branch="true" condition-coverage="0% (0/2)"/>
            <line number="166" hits="0" branch="false"/>
            <line number="168" hits="0" branch="false"/>
            <line number="172" hits="1" branch="false"/>
            <line number="173" hits="0" branch="false"/>
            <line number="174" hits="0" branch="false"/>
            <line number="175" hits="0" branch="false"/>
            <line number="177" hits="0" branch="false"/>
            <line number="178" hits="0" branch="false"/>
            <line number="179" hits="0" branch="false"/>
            <line number="181" hits="0" branch="true" condition-coverage="0% (0/2)"/>
            <line number="182" hits="0" branch="false"/>
            <line number="183" hits="0" branch="false"/>
            <line number="185" hits="0" branch="true" condition-coverage="0% (0/2)"/>
            <line number="186" hits="0" branch="false"/>
            <line number="187" hits="0" branch="false"/>
            <line number="189" hits="0" branch="true" condition-coverage="0% (0/2)"/>
            <line number="190" hits="0" branch="false"/>
            <line number="191" hits="0" branch="false"/>
            <line number="193" hits="0" branch="true" condition-coverage="0% (0/2)"/>
            <line number="194" hits="0" branch="false"/>
            <line number="195" hits="0" branch="false"/>
            <line number="198" hits="0" branch="true" condition-coverage="0% (0/2)"/>
            <line number="199" hits="0" branch="false"/>
            <line number="202" hits="0" branch="false"/>
            <line number="204" hits="0" branch="false"/>
            <line number="205" hits="0" branch="false"/>
            <line number="210" hits="0" branch="true" condition-coverage="0% (0/2)"/>
            <line number="211" hits="0" branch="false"/>
            <line number="214" hits="0" branch="false"/>
            <line number="220" hits="0" branch="true" condition-coverage="0% (0/2)"/>
            <line number="221" hits="0" branch="false"/>
            <line number="222" hits="0" branch="false"/>
            <line number="223" hits="0" branch="false"/>
            <line number="228" hits="0" branch="true" condition-coverage="0% (0/2)"/>
            <line number="229" hits="0" branch="false"/>
            <line number="230" hits="0" branch="true" condition-coverage="0% (0/2)"/>
            <line number="231" hits="0" branch="false"/>
            <line number="238" hits="0" branch="false"/>
            <line number="240" hits="0" branch="false"/>
            <line number="241" hits="0" branch="true" condition-coverage="0% (0/2)"/>
            <line number="242" hits="0" branch="false"/>
            <line number="244" hits="0" branch="false"/>
            <line number="248" hits="1" branch="false"/>
            <line number="249" hits="1" branch="false"/>
            <line number="251" hits="1" branch="false"/>
            <line number="252" hits="1" branch="false"/>
            <line number="257" hits="1" branch="true" condition-coverage="0% (0/2)"/>
            <line number="258" hits="0" branch="false"/>
            <line number="261" hits="0" branch="false"/>
            <line number="265" hits="0" branch="false"/>
            <line number="267" hits="1" branch="false"/>
            <line number="268" hits="1" branch="false"/>
            <line number="272" hits="1" branch="false"/>
          </lines>
        </class>
        <class name="events.ts" filename="src\routes\events.ts" line-rate="0.3056" branch-rate="0.2647">
          <methods>
            <method name="(anonymous_1)" hits="2" signature="()V">
              <lines>
                <line number="10" hits="2"/>
              </lines>
            </method>
            <method name="(anonymous_2)" hits="2" signature="()V">
              <lines>
                <line number="51" hits="2"/>
              </lines>
            </method>
            <method name="(anonymous_3)" hits="1" signature="()V">
              <lines>
                <line number="127" hits="1"/>
              </lines>
            </method>
            <method name="(anonymous_4)" hits="1" signature="()V">
              <lines>
                <line number="172" hits="1"/>
              </lines>
            </method>
            <method name="(anonymous_5)" hits="0" signature="()V">
              <lines>
                <line number="250" hits="0"/>
              </lines>
            </method>
            <method name="(anonymous_6)" hits="0" signature="()V">
              <lines>
                <line number="281" hits="0"/>
              </lines>
            </method>
            <method name="(anonymous_7)" hits="0" signature="()V">
              <lines>
                <line number="323" hits="0"/>
              </lines>
            </method>
            <method name="(anonymous_8)" hits="0" signature="()V">
              <lines>
                <line number="352" hits="0"/>
              </lines>
            </method>
            <method name="(anonymous_9)" hits="0" signature="()V">
              <lines>
                <line number="388" hits="0"/>
              </lines>
            </method>
            <method name="(anonymous_10)" hits="0" signature="()V">
              <lines>
                <line number="441" hits="0"/>
              </lines>
            </method>
            <method name="(anonymous_11)" hits="0" signature="()V">
              <lines>
                <line number="477" hits="0"/>
              </lines>
            </method>
            <method name="(anonymous_12)" hits="0" signature="()V">
              <lines>
                <line number="541" hits="0"/>
              </lines>
            </method>
            <method name="(anonymous_13)" hits="0" signature="()V">
              <lines>
                <line number="589" hits="0"/>
              </lines>
            </method>
            <method name="(anonymous_14)" hits="0" signature="()V">
              <lines>
                <line number="633" hits="0"/>
              </lines>
            </method>
            <method name="(anonymous_15)" hits="0" signature="()V">
              <lines>
                <line number="703" hits="0"/>
              </lines>
            </method>
          </methods>
          <lines>
            <line number="1" hits="1" branch="false"/>
            <line number="2" hits="1" branch="false"/>
            <line number="3" hits="1" branch="false"/>
            <line number="4" hits="1" branch="false"/>
            <line number="5" hits="1" branch="false"/>
            <line number="8" hits="1" branch="false"/>
            <line number="10" hits="1" branch="false"/>
            <line number="11" hits="2" branch="false"/>
            <line number="12" hits="2" branch="false"/>
            <line number="41" hits="1" branch="false"/>
            <line number="46" hits="1" branch="false"/>
            <line number="47" hits="1" branch="false"/>
            <line number="51" hits="1" branch="false"/>
            <line number="52" hits="2" branch="false"/>
            <line number="53" hits="2" branch="false"/>
            <line number="55" hits="2" branch="true" condition-coverage="100% (6/6)"/>
            <line number="56" hits="1" branch="false"/>
            <line number="69" hits="1" branch="false"/>
            <line number="71" hits="1" branch="false"/>
            <line number="73" hits="1" branch="false"/>
            <line number="75" hits="1" branch="false"/>
            <line number="82" hits="1" branch="true" condition-coverage="75% (3/4)"/>
            <line number="83" hits="0" branch="false"/>
            <line number="86" hits="1" branch="false"/>
            <line number="89" hits="1" branch="false"/>
            <line number="96" hits="1" branch="true" condition-coverage="75% (3/4)"/>
            <line number="98" hits="0" branch="false"/>
            <line number="99" hits="0" branch="false"/>
            <line number="102" hits="1" branch="false"/>
            <line number="112" hits="1" branch="false"/>
            <line number="120" hits="1" branch="false"/>
            <line number="122" hits="0" branch="false"/>
            <line number="123" hits="0" branch="false"/>
            <line number="127" hits="1" branch="false"/>
            <line number="128" hits="1" branch="false"/>
            <line number="129" hits="1" branch="false"/>
            <line number="131" hits="1" branch="false"/>
            <line number="132" hits="1" branch="false"/>
            <line number="137" hits="1" branch="true" condition-coverage="0% (0/2)"/>
            <line number="138" hits="0" branch="false"/>
            <line number="141" hits="0" branch="false"/>
            <line number="142" hits="0" branch="false"/>
            <line number="143" hits="0" branch="false"/>
            <line number="145" hits="0" branch="false"/>
            <line number="146" hits="0" branch="false"/>
            <line number="148" hits="0" branch="true" condition-coverage="0% (0/4)"/>
            <line number="149" hits="0" branch="false"/>
            <line number="155" hits="0" branch="false"/>
            <line number="157" hits="0" branch="false"/>
            <line number="162" hits="0" branch="false"/>
            <line number="167" hits="1" branch="false"/>
            <line number="168" hits="1" branch="false"/>
            <line number="172" hits="1" branch="false"/>
            <line number="173" hits="1" branch="false"/>
            <line number="174" hits="1" branch="false"/>
            <line number="176" hits="1" branch="false"/>
            <line number="177" hits="1" branch="false"/>
            <line number="182" hits="1" branch="true" condition-coverage="50% (1/2)"/>
            <line number="183" hits="0" branch="false"/>
            <line number="186" hits="1" branch="false"/>
            <line number="187" hits="1" branch="true" condition-coverage="50% (1/2)"/>
            <line number="188" hits="1" branch="false"/>
            <line number="190" hits="1" branch="true" condition-coverage="75% (3/4)"/>
            <line number="191" hits="1" branch="false"/>
            <line number="198" hits="0" branch="false"/>
            <line number="214" hits="0" branch="true" condition-coverage="0% (0/5)"/>
            <line number="215" hits="0" branch="false"/>
            <line number="225" hits="0" branch="false"/>
            <line number="235" hits="0" branch="false"/>
            <line number="243" hits="0" branch="false"/>
            <line number="245" hits="0" branch="false"/>
            <line number="246" hits="0" branch="false"/>
            <line number="250" hits="1" branch="false"/>
            <line number="251" hits="0" branch="false"/>
            <line number="253" hits="0" branch="false"/>
            <line number="254" hits="0" branch="false"/>
            <line number="266" hits="0" branch="false"/>
            <line number="268" hits="0" branch="false"/>
            <line number="273" hits="0" branch="false"/>
            <line number="274" hits="0" branch="false"/>
            <line number="281" hits="1" branch="false"/>
            <line number="282" hits="0" branch="false"/>
            <line number="283" hits="0" branch="false"/>
            <line number="285" hits="0" branch="true" condition-coverage="0% (0/2)"/>
            <line number="286" hits="0" branch="false"/>
            <line number="292" hits="0" branch="false"/>
            <line number="293" hits="0" branch="false"/>
            <line number="298" hits="0" branch="true" condition-coverage="0% (0/2)"/>
            <line number="299" hits="0" branch="false"/>
            <line number="305" hits="0" branch="false"/>
            <line number="310" hits="0" branch="false"/>
            <line number="315" hits="0" branch="false"/>
            <line number="316" hits="0" branch="false"/>
            <line number="323" hits="1" branch="false"/>
            <line number="324" hits="0" branch="false"/>
            <line number="326" hits="0" branch="false"/>
            <line number="327" hits="0" branch="false"/>
            <line number="332" hits="0" branch="true" condition-coverage="0% (0/2)"/>
            <line number="333" hits="0" branch="false"/>
            <line number="339" hits="0" branch="false"/>
            <line number="344" hits="0" branch="false"/>
            <line number="345" hits="0" branch="false"/>
            <line number="352" hits="1" branch="false"/>
            <line number="353" hits="0" branch="false"/>
            <line number="355" hits="0" branch="false"/>
            <line number="356" hits="0" branch="false"/>
            <line number="372" hits="0" branch="false"/>
            <line number="374" hits="0" branch="false"/>
            <line number="380" hits="0" branch="false"/>
            <line number="381" hits="0" branch="false"/>
            <line number="388" hits="1" branch="false"/>
            <line number="389" hits="0" branch="false"/>
            <line number="390" hits="0" branch="false"/>
            <line number="392" hits="0" branch="true" condition-coverage="0% (0/2)"/>
            <line number="393" hits="0" branch="false"/>
            <line number="399" hits="0" branch="false"/>
            <line number="400" hits="0" branch="false"/>
            <line number="405" hits="0" branch="true" condition-coverage="0% (0/2)"/>
            <line number="406" hits="0" branch="false"/>
            <line number="412" hits="0" branch="false"/>
            <line number="419" hits="0" branch="false"/>
            <line number="425" hits="0" branch="false"/>
            <line number="427" hits="0" branch="true" condition-coverage="0% (0/2)"/>
            <line number="428" hits="0" branch="false"/>
            <line number="434" hits="0" branch="false"/>
            <line number="441" hits="1" branch="false"/>
            <line number="442" hits="0" branch="false"/>
            <line number="444" hits="0" branch="false"/>
            <line number="445" hits="0" branch="false"/>
            <line number="452" hits="0" branch="true" condition-coverage="0% (0/2)"/>
            <line number="453" hits="0" branch="false"/>
            <line number="459" hits="0" branch="false"/>
            <line number="464" hits="0" branch="false"/>
            <line number="465" hits="0" branch="false"/>
            <line number="477" hits="1" branch="false"/>
            <line number="478" hits="0" branch="false"/>
            <line number="479" hits="0" branch="false"/>
            <line number="480" hits="0" branch="false"/>
            <line number="482" hits="0" branch="true" condition-coverage="0% (0/5)"/>
            <line number="483" hits="0" branch="false"/>
            <line number="489" hits="0" branch="false"/>
            <line number="491" hits="0" branch="false"/>
            <line number="497" hits="0" branch="true" condition-coverage="0% (0/2)"/>
            <line number="499" hits="0" branch="false"/>
            <line number="506" hits="0" branch="false"/>
            <line number="521" hits="0" branch="false"/>
            <line number="523" hits="0" branch="false"/>
            <line number="529" hits="0" branch="false"/>
            <line number="530" hits="0" branch="false"/>
            <line number="541" hits="1" branch="false"/>
            <line number="542" hits="0" branch="false"/>
            <line number="544" hits="0" branch="false"/>
            <line number="545" hits="0" branch="false"/>
            <line number="569" hits="0" branch="false"/>
            <line number="571" hits="0" branch="false"/>
            <line number="577" hits="0" branch="false"/>
            <line number="578" hits="0" branch="false"/>
            <line number="589" hits="1" branch="false"/>
            <line number="590" hits="0" branch="false"/>
            <line number="592" hits="0" branch="false"/>
            <line number="593" hits="0" branch="false"/>
            <line number="613" hits="0" branch="false"/>
            <line number="615" hits="0" branch="false"/>
            <line number="621" hits="0" branch="false"/>
            <line number="622" hits="0" branch="false"/>
            <line number="633" hits="1" branch="false"/>
            <line number="634" hits="0" branch="false"/>
            <line number="635" hits="0" branch="false"/>
            <line number="636" hits="0" branch="false"/>
            <line number="638" hits="0" branch="true" condition-coverage="0% (0/4)"/>
            <line number="639" hits="0" branch="false"/>
            <line number="645" hits="0" branch="false"/>
            <line number="647" hits="0" branch="false"/>
            <line number="653" hits="0" branch="true" condition-coverage="0% (0/2)"/>
            <line number="654" hits="0" branch="false"/>
            <line number="660" hits="0" branch="false"/>
            <line number="676" hits="0" branch="true" condition-coverage="0% (0/2)"/>
            <line number="677" hits="0" branch="false"/>
            <line number="683" hits="0" branch="false"/>
            <line number="685" hits="0" branch="false"/>
            <line number="691" hits="0" branch="false"/>
            <line number="692" hits="0" branch="false"/>
            <line number="703" hits="1" branch="false"/>
            <line number="704" hits="0" branch="false"/>
            <line number="705" hits="0" branch="false"/>
            <line number="707" hits="0" branch="false"/>
            <line number="708" hits="0" branch="false"/>
            <line number="715" hits="0" branch="true" condition-coverage="0% (0/2)"/>
            <line number="716" hits="0" branch="false"/>
            <line number="722" hits="0" branch="false"/>
            <line number="727" hits="0" branch="false"/>
            <line number="728" hits="0" branch="false"/>
            <line number="735" hits="1" branch="false"/>
          </lines>
        </class>
        <class name="logging.ts" filename="src\routes\logging.ts" line-rate="0" branch-rate="0">
          <methods>
            <method name="(anonymous_0)" hits="0" signature="()V">
              <lines>
                <line number="8" hits="0"/>
              </lines>
            </method>
            <method name="(anonymous_1)" hits="0" signature="()V">
              <lines>
                <line number="87" hits="0"/>
              </lines>
            </method>
            <method name="(anonymous_2)" hits="0" signature="()V">
              <lines>
                <line number="103" hits="0"/>
              </lines>
            </method>
            <method name="(anonymous_3)" hits="0" signature="()V">
              <lines>
                <line number="149" hits="0"/>
              </lines>
            </method>
          </methods>
          <lines>
            <line number="6" hits="0" branch="false"/>
            <line number="8" hits="0" branch="false"/>
            <line number="9" hits="0" branch="true" condition-coverage="0% (0/2)"/>
            <line number="11" hits="0" branch="false"/>
            <line number="12" hits="0" branch="false"/>
            <line number="13" hits="0" branch="false"/>
            <line number="15" hits="0" branch="false"/>
            <line number="16" hits="0" branch="false"/>
            <line number="30" hits="0" branch="false"/>
            <line number="31" hits="0" branch="false"/>
            <line number="32" hits="0" branch="false"/>
            <line number="34" hits="0" branch="true" condition-coverage="0% (0/2)"/>
            <line number="35" hits="0" branch="false"/>
            <line number="36" hits="0" branch="false"/>
            <line number="39" hits="0" branch="true" condition-coverage="0% (0/2)"/>
            <line number="40" hits="0" branch="false"/>
            <line number="41" hits="0" branch="false"/>
            <line number="44" hits="0" branch="true" condition-coverage="0% (0/2)"/>
            <line number="45" hits="0" branch="false"/>
            <line number="46" hits="0" branch="false"/>
            <line number="49" hits="0" branch="true" condition-coverage="0% (0/2)"/>
            <line number="50" hits="0" branch="false"/>
            <line number="51" hits="0" branch="false"/>
            <line number="54" hits="0" branch="true" condition-coverage="0% (0/2)"/>
            <line number="55" hits="0" branch="false"/>
            <line number="56" hits="0" branch="false"/>
            <line number="59" hits="0" branch="true" condition-coverage="0% (0/2)"/>
            <line number="60" hits="0" branch="false"/>
            <line number="63" hits="0" branch="false"/>
            <line number="64" hits="0" branch="false"/>
            <line number="66" hits="0" branch="false"/>
            <line number="68" hits="0" branch="false"/>
            <line number="70" hits="0" branch="false"/>
            <line number="72" hits="0" branch="false"/>
            <line number="73" hits="0" branch="false"/>
            <line number="75" hits="0" branch="false"/>
            <line number="82" hits="0" branch="false"/>
            <line number="83" hits="0" branch="false"/>
            <line number="87" hits="0" branch="false"/>
            <line number="88" hits="0" branch="false"/>
            <line number="89" hits="0" branch="false"/>
            <line number="96" hits="0" branch="false"/>
            <line number="98" hits="0" branch="false"/>
            <line number="99" hits="0" branch="false"/>
            <line number="103" hits="0" branch="false"/>
            <line number="104" hits="0" branch="false"/>
            <line number="105" hits="0" branch="true" condition-coverage="0% (0/2)"/>
            <line number="107" hits="0" branch="false"/>
            <line number="108" hits="0" branch="false"/>
            <line number="109" hits="0" branch="false"/>
            <line number="111" hits="0" branch="false"/>
            <line number="112" hits="0" branch="false"/>
            <line number="129" hits="0" branch="false"/>
            <line number="134" hits="0" branch="false"/>
            <line number="135" hits="0" branch="false"/>
            <line number="137" hits="0" branch="false"/>
            <line number="144" hits="0" branch="false"/>
            <line number="145" hits="0" branch="false"/>
            <line number="149" hits="0" branch="false"/>
            <line number="150" hits="0" branch="false"/>
            <line number="151" hits="0" branch="true" condition-coverage="0% (0/2)"/>
            <line number="153" hits="0" branch="false"/>
            <line number="154" hits="0" branch="false"/>
            <line number="155" hits="0" branch="false"/>
            <line number="157" hits="0" branch="false"/>
            <line number="158" hits="0" branch="false"/>
            <line number="175" hits="0" branch="false"/>
            <line number="180" hits="0" branch="false"/>
            <line number="181" hits="0" branch="false"/>
            <line number="183" hits="0" branch="false"/>
            <line number="190" hits="0" branch="false"/>
            <line number="191" hits="0" branch="false"/>
          </lines>
        </class>
        <class name="lookup.ts" filename="src\routes\lookup.ts" line-rate="0" branch-rate="1">
          <methods>
            <method name="(anonymous_0)" hits="0" signature="()V">
              <lines>
                <line number="9" hits="0"/>
              </lines>
            </method>
            <method name="(anonymous_1)" hits="0" signature="()V">
              <lines>
                <line number="33" hits="0"/>
              </lines>
            </method>
            <method name="(anonymous_2)" hits="0" signature="()V">
              <lines>
                <line number="56" hits="0"/>
              </lines>
            </method>
            <method name="(anonymous_3)" hits="0" signature="()V">
              <lines>
                <line number="82" hits="0"/>
              </lines>
            </method>
          </methods>
          <lines>
            <line number="7" hits="0" branch="false"/>
            <line number="9" hits="0" branch="false"/>
            <line number="10" hits="0" branch="false"/>
            <line number="11" hits="0" branch="false"/>
            <line number="21" hits="0" branch="false"/>
            <line number="23" hits="0" branch="false"/>
            <line number="28" hits="0" branch="false"/>
            <line number="29" hits="0" branch="false"/>
            <line number="33" hits="0" branch="false"/>
            <line number="34" hits="0" branch="false"/>
            <line number="35" hits="0" branch="false"/>
            <line number="44" hits="0" branch="false"/>
            <line number="46" hits="0" branch="false"/>
            <line number="51" hits="0" branch="false"/>
            <line number="52" hits="0" branch="false"/>
            <line number="56" hits="0" branch="false"/>
            <line number="57" hits="0" branch="false"/>
            <line number="58" hits="0" branch="false"/>
            <line number="70" hits="0" branch="false"/>
            <line number="72" hits="0" branch="false"/>
            <line number="77" hits="0" branch="false"/>
            <line number="78" hits="0" branch="false"/>
            <line number="82" hits="0" branch="false"/>
            <line number="83" hits="0" branch="false"/>
            <line number="84" hits="0" branch="false"/>
            <line number="104" hits="0" branch="false"/>
            <line number="106" hits="0" branch="false"/>
            <line number="111" hits="0" branch="false"/>
            <line number="112" hits="0" branch="false"/>
          </lines>
        </class>
      </classes>
    </package>
    <package name="utils" line-rate="1" branch-rate="1">
      <classes>
        <class name="auth.ts" filename="src\utils\auth.ts" line-rate="1" branch-rate="1">
          <methods>
            <method name="getOrCreateUser" hits="3" signature="()V">
              <lines>
                <line number="15" hits="3"/>
              </lines>
            </method>
            <method name="createAuthToken" hits="2" signature="()V">
              <lines>
                <line number="52" hits="2"/>
              </lines>
            </method>
          </methods>
          <lines>
            <line number="5" hits="1" branch="false"/>
            <line number="6" hits="1" branch="false"/>
            <line number="15" hits="1" branch="false"/>
            <line number="21" hits="3" branch="false"/>
            <line number="26" hits="2" branch="true" condition-coverage="100% (2/2)"/>
            <line number="27" hits="1" branch="false"/>
            <line number="28" hits="1" branch="false"/>
            <line number="29" hits="1" branch="false"/>
            <line number="37" hits="1" branch="false"/>
            <line number="38" hits="1" branch="false"/>
            <line number="43" hits="1" branch="false"/>
            <line number="44" hits="1" branch="false"/>
            <line number="52" hits="1" branch="false"/>
            <line number="53" hits="2" branch="true" condition-coverage="100% (2/2)"/>
            <line number="55" hits="1" branch="false"/>
            <line number="61" hits="1" branch="false"/>
            <line number="62" hits="1" branch="false"/>
          </lines>
        </class>
        <class name="caseUtils.ts" filename="src\utils\caseUtils.ts" line-rate="1" branch-rate="1">
          <methods>
            <method name="snakeToCamelObj" hits="10" signature="()V">
              <lines>
                <line number="2" hits="10"/>
              </lines>
            </method>
            <method name="(anonymous_1)" hits="23" signature="()V">
              <lines>
                <line number="5" hits="23"/>
              </lines>
            </method>
            <method name="snakeToCamelArray" hits="3" signature="()V">
              <lines>
                <line number="11" hits="3"/>
              </lines>
            </method>
            <method name="(anonymous_3)" hits="4" signature="()V">
              <lines>
                <line number="12" hits="4"/>
              </lines>
            </method>
          </methods>
          <lines>
            <line number="2" hits="3" branch="false"/>
            <line number="3" hits="10" branch="false"/>
            <line number="4" hits="10" branch="false"/>
            <line number="5" hits="29" branch="false"/>
            <line number="6" hits="29" branch="false"/>
            <line number="8" hits="10" branch="false"/>
            <line number="11" hits="3" branch="false"/>
            <line number="12" hits="4" branch="false"/>
          </lines>
        </class>
      </classes>
    </package>
  </packages>
</coverage>
