{"total": {"lines":{"total":693,"covered":184,"skipped":0,"pct":26.55},"statements":{"total":699,"covered":187,"skipped":0,"pct":26.75},"functions":{"total":81,"covered":19,"skipped":0,"pct":23.45},"branches":{"total":330,"covered":64,"skipped":0,"pct":19.39},"branchesTrue":{"total":0,"covered":0,"skipped":0,"pct":100}}
,"C:\\Users\\leiff\\vscProjects\\talentbinder-monorepo\\packages\\backend\\src\\config\\db.ts": {"lines":{"total":16,"covered":0,"skipped":0,"pct":0},"functions":{"total":5,"covered":0,"skipped":0,"pct":0},"statements":{"total":17,"covered":0,"skipped":0,"pct":0},"branches":{"total":28,"covered":0,"skipped":0,"pct":0}}
,"C:\\Users\\leiff\\vscProjects\\talentbinder-monorepo\\packages\\backend\\src\\config\\ldap.ts": {"lines":{"total":112,"covered":0,"skipped":0,"pct":0},"functions":{"total":26,"covered":0,"skipped":0,"pct":0},"statements":{"total":112,"covered":0,"skipped":0,"pct":0},"branches":{"total":48,"covered":0,"skipped":0,"pct":0}}
,"C:\\Users\\leiff\\vscProjects\\talentbinder-monorepo\\packages\\backend\\src\\middleware\\auth.ts": {"lines":{"total":13,"covered":13,"skipped":0,"pct":100},"functions":{"total":2,"covered":2,"skipped":0,"pct":100},"statements":{"total":13,"covered":13,"skipped":0,"pct":100},"branches":{"total":6,"covered":6,"skipped":0,"pct":100}}
,"C:\\Users\\leiff\\vscProjects\\talentbinder-monorepo\\packages\\backend\\src\\middleware\\logging.ts": {"lines":{"total":15,"covered":7,"skipped":0,"pct":46.66},"functions":{"total":3,"covered":1,"skipped":0,"pct":33.33},"statements":{"total":15,"covered":7,"skipped":0,"pct":46.66},"branches":{"total":3,"covered":1,"skipped":0,"pct":33.33}}
,"C:\\Users\\leiff\\vscProjects\\talentbinder-monorepo\\packages\\backend\\src\\routes\\account.ts": {"lines":{"total":22,"covered":0,"skipped":0,"pct":0},"functions":{"total":2,"covered":0,"skipped":0,"pct":0},"statements":{"total":22,"covered":0,"skipped":0,"pct":0},"branches":{"total":4,"covered":0,"skipped":0,"pct":0}}
,"C:\\Users\\leiff\\vscProjects\\talentbinder-monorepo\\packages\\backend\\src\\routes\\auth.ts": {"lines":{"total":73,"covered":26,"skipped":0,"pct":35.61},"functions":{"total":9,"covered":2,"skipped":0,"pct":22.22},"statements":{"total":75,"covered":26,"skipped":0,"pct":34.66},"branches":{"total":56,"covered":11,"skipped":0,"pct":19.64}}
,"C:\\Users\\leiff\\vscProjects\\talentbinder-monorepo\\packages\\backend\\src\\routes\\candidates.ts": {"lines":{"total":123,"covered":54,"skipped":0,"pct":43.9},"functions":{"total":5,"covered":4,"skipped":0,"pct":80},"statements":{"total":123,"covered":54,"skipped":0,"pct":43.9},"branches":{"total":59,"covered":15,"skipped":0,"pct":25.42}}
,"C:\\Users\\leiff\\vscProjects\\talentbinder-monorepo\\packages\\backend\\src\\routes\\events.ts": {"lines":{"total":193,"covered":59,"skipped":0,"pct":30.56},"functions":{"total":15,"covered":4,"skipped":0,"pct":26.66},"statements":{"total":193,"covered":59,"skipped":0,"pct":30.56},"branches":{"total":102,"covered":27,"skipped":0,"pct":26.47}}
,"C:\\Users\\leiff\\vscProjects\\talentbinder-monorepo\\packages\\backend\\src\\routes\\logging.ts": {"lines":{"total":72,"covered":0,"skipped":0,"pct":0},"functions":{"total":4,"covered":0,"skipped":0,"pct":0},"statements":{"total":72,"covered":0,"skipped":0,"pct":0},"branches":{"total":20,"covered":0,"skipped":0,"pct":0}}
,"C:\\Users\\leiff\\vscProjects\\talentbinder-monorepo\\packages\\backend\\src\\routes\\lookup.ts": {"lines":{"total":29,"covered":0,"skipped":0,"pct":0},"functions":{"total":4,"covered":0,"skipped":0,"pct":0},"statements":{"total":29,"covered":0,"skipped":0,"pct":0},"branches":{"total":0,"covered":0,"skipped":0,"pct":100}}
,"C:\\Users\\leiff\\vscProjects\\talentbinder-monorepo\\packages\\backend\\src\\utils\\auth.ts": {"lines":{"total":17,"covered":17,"skipped":0,"pct":100},"functions":{"total":2,"covered":2,"skipped":0,"pct":100},"statements":{"total":18,"covered":18,"skipped":0,"pct":100},"branches":{"total":4,"covered":4,"skipped":0,"pct":100}}
,"C:\\Users\\leiff\\vscProjects\\talentbinder-monorepo\\packages\\backend\\src\\utils\\caseUtils.ts": {"lines":{"total":8,"covered":8,"skipped":0,"pct":100},"functions":{"total":4,"covered":4,"skipped":0,"pct":100},"statements":{"total":10,"covered":10,"skipped":0,"pct":100},"branches":{"total":0,"covered":0,"skipped":0,"pct":100}}
}
