TN:
SF:src\config\db.ts
FN:6,(anonymous_0)
FN:24,getPool
FN:65,(anonymous_2)
FN:69,(anonymous_3)
FN:78,(anonymous_4)
FNF:5
FNH:0
FNDA:0,(anonymous_0)
FNDA:0,getPool
FNDA:0,(anonymous_2)
FNDA:0,(anonymous_3)
FNDA:0,(anonymous_4)
DA:3,0
DA:5,0
DA:6,0
DA:8,0
DA:25,0
DA:26,0
DA:30,0
DA:46,0
DA:57,0
DA:65,0
DA:66,0
DA:69,0
DA:70,0
DA:73,0
DA:77,0
DA:79,0
LF:16
LH:0
BRDA:25,0,0,0
BRDA:25,0,1,0
BRDA:30,1,0,0
BRDA:30,1,1,0
BRDA:34,2,0,0
BRDA:34,2,1,0
BRDA:39,3,0,0
BRDA:39,3,1,0
BRDA:47,4,0,0
BRDA:47,4,1,0
BRDA:48,5,0,0
BRDA:48,5,1,0
BRDA:49,6,0,0
BRDA:49,6,1,0
BRDA:50,7,0,0
BRDA:50,7,1,0
BRDA:51,8,0,0
BRDA:51,8,1,0
BRDA:52,9,0,0
BRDA:52,9,1,0
BRDA:53,10,0,0
BRDA:53,10,1,0
BRDA:53,10,2,0
BRDA:54,11,0,0
BRDA:54,11,1,0
BRDA:54,11,2,0
BRDA:54,12,0,0
BRDA:54,12,1,0
BRF:28
BRH:0
end_of_record
TN:
SF:src\config\ldap.ts
FN:64,entryToObject
FN:66,(anonymous_1)
FN:80,_createAdminClient
FN:92,(anonymous_3)
FN:93,(anonymous_4)
FN:99,(anonymous_5)
FN:119,getUidByEmail
FN:131,(anonymous_7)
FN:132,(anonymous_8)
FN:139,(anonymous_9)
FN:145,(anonymous_10)
FN:168,validateUser
FN:179,(anonymous_12)
FN:184,(anonymous_13)
FN:185,(anonymous_14)
FN:207,getAllDataByUid
FN:219,(anonymous_16)
FN:220,(anonymous_17)
FN:227,(anonymous_18)
FN:236,(anonymous_19)
FN:260,authenticateLdapUser
FN:302,isLdapServerReachable
FN:303,(anonymous_22)
FN:317,(anonymous_23)
FN:326,(anonymous_24)
FN:335,(anonymous_25)
FNF:26
FNH:0
FNDA:0,entryToObject
FNDA:0,(anonymous_1)
FNDA:0,_createAdminClient
FNDA:0,(anonymous_3)
FNDA:0,(anonymous_4)
FNDA:0,(anonymous_5)
FNDA:0,getUidByEmail
FNDA:0,(anonymous_7)
FNDA:0,(anonymous_8)
FNDA:0,(anonymous_9)
FNDA:0,(anonymous_10)
FNDA:0,validateUser
FNDA:0,(anonymous_12)
FNDA:0,(anonymous_13)
FNDA:0,(anonymous_14)
FNDA:0,getAllDataByUid
FNDA:0,(anonymous_16)
FNDA:0,(anonymous_17)
FNDA:0,(anonymous_18)
FNDA:0,(anonymous_19)
FNDA:0,authenticateLdapUser
FNDA:0,isLdapServerReachable
FNDA:0,(anonymous_22)
FNDA:0,(anonymous_23)
FNDA:0,(anonymous_24)
FNDA:0,(anonymous_25)
DA:42,0
DA:53,0
DA:65,0
DA:66,0
DA:67,0
DA:68,0
DA:71,0
DA:81,0
DA:82,0
DA:83,0
DA:86,0
DA:92,0
DA:93,0
DA:94,0
DA:95,0
DA:96,0
DA:99,0
DA:100,0
DA:101,0
DA:102,0
DA:103,0
DA:105,0
DA:106,0
DA:120,0
DA:122,0
DA:123,0
DA:129,0
DA:131,0
DA:132,0
DA:133,0
DA:134,0
DA:137,0
DA:139,0
DA:140,0
DA:141,0
DA:142,0
DA:145,0
DA:146,0
DA:147,0
DA:149,0
DA:153,0
DA:157,0
DA:169,0
DA:171,0
DA:173,0
DA:179,0
DA:180,0
DA:183,0
DA:184,0
DA:185,0
DA:186,0
DA:187,0
DA:188,0
DA:190,0
DA:191,0
DA:196,0
DA:208,0
DA:210,0
DA:211,0
DA:217,0
DA:219,0
DA:220,0
DA:221,0
DA:222,0
DA:225,0
DA:227,0
DA:228,0
DA:229,0
DA:236,0
DA:237,0
DA:238,0
DA:240,0
DA:244,0
DA:248,0
DA:261,0
DA:262,0
DA:265,0
DA:266,0
DA:269,0
DA:270,0
DA:271,0
DA:272,0
DA:274,0
DA:277,0
DA:278,0
DA:281,0
DA:292,0
DA:293,0
DA:303,0
DA:304,0
DA:310,0
DA:312,0
DA:313,0
DA:314,0
DA:317,0
DA:318,0
DA:319,0
DA:320,0
DA:321,0
DA:322,0
DA:326,0
DA:327,0
DA:328,0
DA:329,0
DA:330,0
DA:331,0
DA:335,0
DA:336,0
DA:337,0
DA:338,0
DA:339,0
DA:340,0
LF:112
LH:0
BRDA:43,0,0,0
BRDA:43,0,1,0
BRDA:44,1,0,0
BRDA:44,1,1,0
BRDA:45,2,0,0
BRDA:45,2,1,0
BRDA:67,3,0,0
BRDA:67,3,1,0
BRDA:67,4,0,0
BRDA:67,4,1,0
BRDA:68,5,0,0
BRDA:68,5,1,0
BRDA:81,6,0,0
BRDA:81,6,1,0
BRDA:81,7,0,0
BRDA:81,7,1,0
BRDA:100,8,0,0
BRDA:100,8,1,0
BRDA:133,9,0,0
BRDA:133,9,1,0
BRDA:146,10,0,0
BRDA:146,10,1,0
BRDA:186,11,0,0
BRDA:186,11,1,0
BRDA:221,12,0,0
BRDA:221,12,1,0
BRDA:232,13,0,0
BRDA:232,13,1,0
BRDA:237,14,0,0
BRDA:237,14,1,0
BRDA:270,15,0,0
BRDA:270,15,1,0
BRDA:284,16,0,0
BRDA:284,16,1,0
BRDA:284,17,0,0
BRDA:284,17,1,0
BRDA:284,18,0,0
BRDA:284,18,1,0
BRDA:312,19,0,0
BRDA:312,19,1,0
BRDA:312,20,0,0
BRDA:312,20,1,0
BRDA:318,21,0,0
BRDA:318,21,1,0
BRDA:327,22,0,0
BRDA:327,22,1,0
BRDA:336,23,0,0
BRDA:336,23,1,0
BRF:48
BRH:0
end_of_record
TN:
SF:src\middleware\auth.ts
FN:18,authRequired
FN:33,checkAdmin
FNF:2
FNH:2
FNDA:18,authRequired
FNDA:4,checkAdmin
DA:5,4
DA:18,4
DA:19,18
DA:21,18
DA:22,4
DA:25,14
DA:26,14
DA:27,11
DA:29,3
DA:33,4
DA:34,4
DA:35,2
DA:37,2
LF:13
LH:13
BRDA:21,0,0,4
BRDA:21,0,1,14
BRDA:34,1,0,2
BRDA:34,1,1,2
BRDA:34,2,0,4
BRDA:34,2,1,3
BRF:6
BRH:6
end_of_record
TN:
SF:src\middleware\logging.ts
FN:4,requestLogger
FN:9,(anonymous_1)
FN:18,auditLog
FNF:3
FNH:1
FNDA:0,requestLogger
FNDA:0,(anonymous_1)
FNDA:1,auditLog
DA:1,2
DA:4,2
DA:5,0
DA:6,0
DA:8,0
DA:9,0
DA:10,0
DA:11,0
DA:12,0
DA:15,0
DA:18,2
DA:25,1
DA:26,1
DA:32,1
DA:36,2
LF:15
LH:7
BRDA:23,0,0,0
BRDA:29,1,0,1
BRDA:29,1,1,0
BRF:3
BRH:1
end_of_record
TN:
SF:src\routes\account.ts
FN:10,(anonymous_0)
FN:33,(anonymous_1)
FNF:2
FNH:0
FNDA:0,(anonymous_0)
FNDA:0,(anonymous_1)
DA:8,0
DA:10,0
DA:11,0
DA:12,0
DA:25,0
DA:26,0
DA:28,0
DA:29,0
DA:33,0
DA:34,0
DA:36,0
DA:37,0
DA:40,0
DA:41,0
DA:45,0
DA:47,0
DA:52,0
DA:53,0
DA:56,0
DA:66,0
DA:68,0
DA:69,0
LF:22
LH:0
BRDA:36,0,0,0
BRDA:36,0,1,0
BRDA:52,1,0,0
BRDA:52,1,1,0
BRF:4
BRH:0
end_of_record
TN:
SF:src\routes\auth.ts
FN:36,initLdapFunctions
FN:39,(anonymous_11)
FN:49,getOrCreateUser
FN:50,(anonymous_13)
FN:54,createAuthToken
FN:68,(anonymous_15)
FN:74,(anonymous_16)
FN:181,(anonymous_17)
FN:192,(anonymous_18)
FNF:9
FNH:2
FNDA:0,initLdapFunctions
FNDA:0,(anonymous_11)
FNDA:0,getOrCreateUser
FNDA:0,(anonymous_13)
FNDA:0,createAuthToken
FNDA:0,(anonymous_15)
FNDA:3,(anonymous_16)
FNDA:1,(anonymous_17)
FNDA:0,(anonymous_18)
DA:1,1
DA:2,1
DA:3,1
DA:4,1
DA:5,1
DA:7,1
DA:8,1
DA:9,1
DA:10,1
DA:12,1
DA:33,1
DA:34,1
DA:37,0
DA:38,0
DA:39,0
DA:40,0
DA:42,0
DA:45,0
DA:50,0
DA:51,0
DA:55,0
DA:57,0
DA:65,0
DA:68,1
DA:69,0
DA:70,0
DA:71,0
DA:74,1
DA:75,3
DA:77,3
DA:79,3
DA:80,1
DA:83,2
DA:84,2
DA:87,0
DA:91,0
DA:92,0
DA:94,0
DA:95,0
DA:101,0
DA:102,0
DA:104,0
DA:105,0
DA:108,0
DA:109,0
DA:116,0
DA:117,0
DA:119,0
DA:124,0
DA:125,0
DA:128,0
DA:130,0
DA:131,0
DA:137,0
DA:138,0
DA:141,0
DA:142,0
DA:143,0
DA:151,0
DA:155,0
DA:157,0
DA:164,0
DA:176,0
DA:177,0
DA:181,1
DA:182,1
DA:188,1
DA:189,1
DA:192,1
DA:193,0
DA:195,0
DA:197,0
DA:209,1
LF:73
LH:26
BRDA:7,0,0,1
BRDA:7,0,1,0
BRDA:8,1,0,1
BRDA:8,1,1,1
BRDA:9,2,0,0
BRDA:9,2,1,1
BRDA:9,3,0,1
BRDA:9,3,1,0
BRDA:10,4,0,1
BRDA:10,4,1,0
BRDA:37,5,0,0
BRDA:37,5,1,0
BRDA:55,6,0,0
BRDA:55,6,1,0
BRDA:62,7,0,0
BRDA:62,7,1,0
BRDA:70,8,0,0
BRDA:70,8,1,0
BRDA:79,9,0,1
BRDA:79,9,1,2
BRDA:79,10,0,3
BRDA:79,10,1,2
BRDA:83,11,0,2
BRDA:83,11,1,0
BRDA:91,12,0,0
BRDA:91,12,1,0
BRDA:94,13,0,0
BRDA:94,13,1,0
BRDA:94,14,0,0
BRDA:94,14,1,0
BRDA:104,15,0,0
BRDA:104,15,1,0
BRDA:111,16,0,0
BRDA:111,16,1,0
BRDA:112,17,0,0
BRDA:112,17,1,0
BRDA:112,17,2,0
BRDA:116,18,0,0
BRDA:116,18,1,0
BRDA:124,19,0,0
BRDA:124,19,1,0
BRDA:130,20,0,0
BRDA:130,20,1,0
BRDA:137,21,0,0
BRDA:137,21,1,0
BRDA:171,22,0,0
BRDA:171,22,1,0
BRDA:195,23,0,0
BRDA:195,23,1,0
BRDA:195,24,0,0
BRDA:195,24,1,0
BRDA:195,25,0,0
BRDA:195,25,1,0
BRDA:204,26,0,0
BRDA:204,26,1,0
BRDA:204,26,2,0
BRF:56
BRH:11
end_of_record
TN:
SF:src\routes\candidates.ts
FN:10,(anonymous_1)
FN:73,(anonymous_2)
FN:104,(anonymous_3)
FN:172,(anonymous_4)
FN:248,(anonymous_5)
FNF:5
FNH:4
FNDA:3,(anonymous_1)
FNDA:1,(anonymous_2)
FNDA:2,(anonymous_3)
FNDA:0,(anonymous_4)
FNDA:1,(anonymous_5)
DA:1,1
DA:2,1
DA:3,1
DA:4,1
DA:5,1
DA:8,1
DA:10,1
DA:11,3
DA:14,3
DA:15,3
DA:16,3
DA:18,0
DA:21,3
DA:38,3
DA:39,3
DA:41,3
DA:42,1
DA:43,1
DA:44,1
DA:47,3
DA:48,1
DA:51,3
DA:52,3
DA:53,0
DA:55,0
DA:56,0
DA:58,0
DA:59,0
DA:62,0
DA:63,0
DA:66,3
DA:68,3
DA:69,3
DA:72,2
DA:73,2
DA:74,1
DA:75,1
DA:76,1
DA:87,1
DA:88,1
DA:96,2
DA:97,2
DA:99,1
DA:100,1
DA:104,1
DA:105,2
DA:106,2
DA:107,2
DA:108,2
DA:110,2
DA:111,1
DA:114,1
DA:115,1
DA:118,0
DA:119,0
DA:121,0
DA:127,0
DA:130,0
DA:131,0
DA:132,0
DA:138,0
DA:139,0
DA:146,0
DA:148,0
DA:155,0
DA:161,0
DA:162,0
DA:163,0
DA:164,0
DA:165,0
DA:166,0
DA:168,0
DA:172,1
DA:173,0
DA:174,0
DA:175,0
DA:177,0
DA:178,0
DA:179,0
DA:181,0
DA:182,0
DA:183,0
DA:185,0
DA:186,0
DA:187,0
DA:189,0
DA:190,0
DA:191,0
DA:193,0
DA:194,0
DA:195,0
DA:198,0
DA:199,0
DA:202,0
DA:204,0
DA:205,0
DA:210,0
DA:211,0
DA:214,0
DA:220,0
DA:221,0
DA:222,0
DA:223,0
DA:228,0
DA:229,0
DA:230,0
DA:231,0
DA:238,0
DA:240,0
DA:241,0
DA:242,0
DA:244,0
DA:248,1
DA:249,1
DA:251,1
DA:252,1
DA:257,1
DA:258,0
DA:261,0
DA:265,0
DA:267,1
DA:268,1
DA:272,1
LF:123
LH:54
BRDA:41,0,0,1
BRDA:41,0,1,2
BRDA:41,1,0,3
BRDA:41,1,1,1
BRDA:47,2,0,1
BRDA:47,2,1,2
BRDA:52,3,0,0
BRDA:52,3,1,3
BRDA:53,4,0,0
BRDA:53,4,1,0
BRDA:53,4,2,0
BRDA:53,4,3,0
BRDA:75,5,0,1
BRDA:75,5,1,0
BRDA:87,6,0,1
BRDA:87,6,1,0
BRDA:110,7,0,1
BRDA:110,7,1,1
BRDA:110,8,0,2
BRDA:110,8,1,1
BRDA:114,9,0,1
BRDA:114,9,1,0
BRDA:114,10,0,1
BRDA:114,10,1,0
BRDA:114,10,2,0
BRDA:125,11,0,0
BRDA:125,11,1,0
BRDA:125,12,0,0
BRDA:125,12,1,0
BRDA:130,13,0,0
BRDA:130,13,1,0
BRDA:130,14,0,0
BRDA:130,14,1,0
BRDA:138,15,0,0
BRDA:138,15,1,0
BRDA:165,16,0,0
BRDA:165,16,1,0
BRDA:181,17,0,0
BRDA:181,17,1,0
BRDA:185,18,0,0
BRDA:185,18,1,0
BRDA:189,19,0,0
BRDA:189,19,1,0
BRDA:193,20,0,0
BRDA:193,20,1,0
BRDA:198,21,0,0
BRDA:198,21,1,0
BRDA:210,22,0,0
BRDA:210,22,1,0
BRDA:220,23,0,0
BRDA:220,23,1,0
BRDA:228,24,0,0
BRDA:228,24,1,0
BRDA:230,25,0,0
BRDA:230,25,1,0
BRDA:241,26,0,0
BRDA:241,26,1,0
BRDA:257,27,0,0
BRDA:257,27,1,0
BRF:59
BRH:15
end_of_record
TN:
SF:src\routes\events.ts
FN:10,(anonymous_1)
FN:51,(anonymous_2)
FN:127,(anonymous_3)
FN:172,(anonymous_4)
FN:250,(anonymous_5)
FN:281,(anonymous_6)
FN:323,(anonymous_7)
FN:352,(anonymous_8)
FN:388,(anonymous_9)
FN:441,(anonymous_10)
FN:477,(anonymous_11)
FN:541,(anonymous_12)
FN:589,(anonymous_13)
FN:633,(anonymous_14)
FN:703,(anonymous_15)
FNF:15
FNH:4
FNDA:2,(anonymous_1)
FNDA:2,(anonymous_2)
FNDA:1,(anonymous_3)
FNDA:1,(anonymous_4)
FNDA:0,(anonymous_5)
FNDA:0,(anonymous_6)
FNDA:0,(anonymous_7)
FNDA:0,(anonymous_8)
FNDA:0,(anonymous_9)
FNDA:0,(anonymous_10)
FNDA:0,(anonymous_11)
FNDA:0,(anonymous_12)
FNDA:0,(anonymous_13)
FNDA:0,(anonymous_14)
FNDA:0,(anonymous_15)
DA:1,1
DA:2,1
DA:3,1
DA:4,1
DA:5,1
DA:8,1
DA:10,1
DA:11,2
DA:12,2
DA:41,1
DA:46,1
DA:47,1
DA:51,1
DA:52,2
DA:53,2
DA:55,2
DA:56,1
DA:69,1
DA:71,1
DA:73,1
DA:75,1
DA:82,1
DA:83,0
DA:86,1
DA:89,1
DA:96,1
DA:98,0
DA:99,0
DA:102,1
DA:112,1
DA:120,1
DA:122,0
DA:123,0
DA:127,1
DA:128,1
DA:129,1
DA:131,1
DA:132,1
DA:137,1
DA:138,0
DA:141,0
DA:142,0
DA:143,0
DA:145,0
DA:146,0
DA:148,0
DA:149,0
DA:155,0
DA:157,0
DA:162,0
DA:167,1
DA:168,1
DA:172,1
DA:173,1
DA:174,1
DA:176,1
DA:177,1
DA:182,1
DA:183,0
DA:186,1
DA:187,1
DA:188,1
DA:190,1
DA:191,1
DA:198,0
DA:214,0
DA:215,0
DA:225,0
DA:235,0
DA:243,0
DA:245,0
DA:246,0
DA:250,1
DA:251,0
DA:253,0
DA:254,0
DA:266,0
DA:268,0
DA:273,0
DA:274,0
DA:281,1
DA:282,0
DA:283,0
DA:285,0
DA:286,0
DA:292,0
DA:293,0
DA:298,0
DA:299,0
DA:305,0
DA:310,0
DA:315,0
DA:316,0
DA:323,1
DA:324,0
DA:326,0
DA:327,0
DA:332,0
DA:333,0
DA:339,0
DA:344,0
DA:345,0
DA:352,1
DA:353,0
DA:355,0
DA:356,0
DA:372,0
DA:374,0
DA:380,0
DA:381,0
DA:388,1
DA:389,0
DA:390,0
DA:392,0
DA:393,0
DA:399,0
DA:400,0
DA:405,0
DA:406,0
DA:412,0
DA:419,0
DA:425,0
DA:427,0
DA:428,0
DA:434,0
DA:441,1
DA:442,0
DA:444,0
DA:445,0
DA:452,0
DA:453,0
DA:459,0
DA:464,0
DA:465,0
DA:477,1
DA:478,0
DA:479,0
DA:480,0
DA:482,0
DA:483,0
DA:489,0
DA:491,0
DA:497,0
DA:499,0
DA:506,0
DA:521,0
DA:523,0
DA:529,0
DA:530,0
DA:541,1
DA:542,0
DA:544,0
DA:545,0
DA:569,0
DA:571,0
DA:577,0
DA:578,0
DA:589,1
DA:590,0
DA:592,0
DA:593,0
DA:613,0
DA:615,0
DA:621,0
DA:622,0
DA:633,1
DA:634,0
DA:635,0
DA:636,0
DA:638,0
DA:639,0
DA:645,0
DA:647,0
DA:653,0
DA:654,0
DA:660,0
DA:676,0
DA:677,0
DA:683,0
DA:685,0
DA:691,0
DA:692,0
DA:703,1
DA:704,0
DA:705,0
DA:707,0
DA:708,0
DA:715,0
DA:716,0
DA:722,0
DA:727,0
DA:728,0
DA:735,1
LF:193
LH:59
BRDA:55,0,0,1
BRDA:55,0,1,1
BRDA:55,1,0,2
BRDA:55,1,1,1
BRDA:55,1,2,1
BRDA:55,1,3,1
BRDA:79,2,0,1
BRDA:79,2,1,0
BRDA:79,3,0,1
BRDA:79,3,1,1
BRDA:79,4,0,1
BRDA:79,4,1,1
BRDA:79,5,0,1
BRDA:79,5,1,0
BRDA:79,6,0,1
BRDA:79,6,1,1
BRDA:79,7,0,1
BRDA:79,7,1,1
BRDA:82,8,0,0
BRDA:82,8,1,1
BRDA:82,9,0,1
BRDA:82,9,1,1
BRDA:96,10,0,0
BRDA:96,10,1,1
BRDA:96,11,0,1
BRDA:96,11,1,1
BRDA:137,12,0,0
BRDA:137,12,1,0
BRDA:148,13,0,0
BRDA:148,13,1,0
BRDA:148,14,0,0
BRDA:148,14,1,0
BRDA:182,15,0,0
BRDA:182,15,1,1
BRDA:187,16,0,1
BRDA:187,16,1,0
BRDA:190,17,0,1
BRDA:190,17,1,0
BRDA:190,18,0,1
BRDA:190,18,1,1
BRDA:210,19,0,0
BRDA:210,19,1,0
BRDA:210,20,0,0
BRDA:210,20,1,0
BRDA:210,21,0,0
BRDA:210,21,1,0
BRDA:210,22,0,0
BRDA:210,22,1,0
BRDA:210,23,0,0
BRDA:210,23,1,0
BRDA:210,24,0,0
BRDA:210,24,1,0
BRDA:210,25,0,0
BRDA:210,25,1,0
BRDA:210,26,0,0
BRDA:210,26,1,0
BRDA:214,27,0,0
BRDA:214,27,1,0
BRDA:214,28,0,0
BRDA:214,28,1,0
BRDA:214,28,2,0
BRDA:221,29,0,0
BRDA:221,29,1,0
BRDA:221,30,0,0
BRDA:221,30,1,0
BRDA:221,31,0,0
BRDA:221,31,1,0
BRDA:285,32,0,0
BRDA:285,32,1,0
BRDA:298,33,0,0
BRDA:298,33,1,0
BRDA:332,34,0,0
BRDA:332,34,1,0
BRDA:392,35,0,0
BRDA:392,35,1,0
BRDA:405,36,0,0
BRDA:405,36,1,0
BRDA:427,37,0,0
BRDA:427,37,1,0
BRDA:452,38,0,0
BRDA:452,38,1,0
BRDA:482,39,0,0
BRDA:482,39,1,0
BRDA:482,40,0,0
BRDA:482,40,1,0
BRDA:482,40,2,0
BRDA:497,41,0,0
BRDA:497,41,1,0
BRDA:518,42,0,0
BRDA:518,42,1,0
BRDA:638,43,0,0
BRDA:638,43,1,0
BRDA:638,44,0,0
BRDA:638,44,1,0
BRDA:653,45,0,0
BRDA:653,45,1,0
BRDA:673,46,0,0
BRDA:673,46,1,0
BRDA:676,47,0,0
BRDA:676,47,1,0
BRDA:715,48,0,0
BRDA:715,48,1,0
BRF:102
BRH:27
end_of_record
TN:
SF:src\routes\logging.ts
FN:8,(anonymous_0)
FN:87,(anonymous_1)
FN:103,(anonymous_2)
FN:149,(anonymous_3)
FNF:4
FNH:0
FNDA:0,(anonymous_0)
FNDA:0,(anonymous_1)
FNDA:0,(anonymous_2)
FNDA:0,(anonymous_3)
DA:6,0
DA:8,0
DA:9,0
DA:11,0
DA:12,0
DA:13,0
DA:15,0
DA:16,0
DA:30,0
DA:31,0
DA:32,0
DA:34,0
DA:35,0
DA:36,0
DA:39,0
DA:40,0
DA:41,0
DA:44,0
DA:45,0
DA:46,0
DA:49,0
DA:50,0
DA:51,0
DA:54,0
DA:55,0
DA:56,0
DA:59,0
DA:60,0
DA:63,0
DA:64,0
DA:66,0
DA:68,0
DA:70,0
DA:72,0
DA:73,0
DA:75,0
DA:82,0
DA:83,0
DA:87,0
DA:88,0
DA:89,0
DA:96,0
DA:98,0
DA:99,0
DA:103,0
DA:104,0
DA:105,0
DA:107,0
DA:108,0
DA:109,0
DA:111,0
DA:112,0
DA:129,0
DA:134,0
DA:135,0
DA:137,0
DA:144,0
DA:145,0
DA:149,0
DA:150,0
DA:151,0
DA:153,0
DA:154,0
DA:155,0
DA:157,0
DA:158,0
DA:175,0
DA:180,0
DA:181,0
DA:183,0
DA:190,0
DA:191,0
LF:72
LH:0
BRDA:9,0,0,0
BRDA:9,1,0,0
BRDA:34,2,0,0
BRDA:34,2,1,0
BRDA:39,3,0,0
BRDA:39,3,1,0
BRDA:44,4,0,0
BRDA:44,4,1,0
BRDA:49,5,0,0
BRDA:49,5,1,0
BRDA:54,6,0,0
BRDA:54,6,1,0
BRDA:59,7,0,0
BRDA:59,7,1,0
BRDA:69,8,0,0
BRDA:69,8,1,0
BRDA:105,9,0,0
BRDA:105,10,0,0
BRDA:151,11,0,0
BRDA:151,12,0,0
BRF:20
BRH:0
end_of_record
TN:
SF:src\routes\lookup.ts
FN:9,(anonymous_0)
FN:33,(anonymous_1)
FN:56,(anonymous_2)
FN:82,(anonymous_3)
FNF:4
FNH:0
FNDA:0,(anonymous_0)
FNDA:0,(anonymous_1)
FNDA:0,(anonymous_2)
FNDA:0,(anonymous_3)
DA:7,0
DA:9,0
DA:10,0
DA:11,0
DA:21,0
DA:23,0
DA:28,0
DA:29,0
DA:33,0
DA:34,0
DA:35,0
DA:44,0
DA:46,0
DA:51,0
DA:52,0
DA:56,0
DA:57,0
DA:58,0
DA:70,0
DA:72,0
DA:77,0
DA:78,0
DA:82,0
DA:83,0
DA:84,0
DA:104,0
DA:106,0
DA:111,0
DA:112,0
LF:29
LH:0
BRF:0
BRH:0
end_of_record
TN:
SF:src\utils\auth.ts
FN:15,getOrCreateUser
FN:52,createAuthToken
FNF:2
FNH:2
FNDA:3,getOrCreateUser
FNDA:2,createAuthToken
DA:5,1
DA:6,1
DA:15,1
DA:21,3
DA:26,2
DA:27,1
DA:28,1
DA:29,1
DA:37,1
DA:38,1
DA:43,1
DA:44,1
DA:52,1
DA:53,2
DA:55,1
DA:61,1
DA:62,1
LF:17
LH:17
BRDA:26,0,0,1
BRDA:26,0,1,1
BRDA:53,1,0,1
BRDA:53,1,1,1
BRF:4
BRH:4
end_of_record
TN:
SF:src\utils\caseUtils.ts
FN:2,snakeToCamelObj
FN:5,(anonymous_1)
FN:11,snakeToCamelArray
FN:12,(anonymous_3)
FNF:4
FNH:4
FNDA:10,snakeToCamelObj
FNDA:23,(anonymous_1)
FNDA:3,snakeToCamelArray
FNDA:4,(anonymous_3)
DA:2,3
DA:3,10
DA:4,10
DA:5,29
DA:6,29
DA:8,10
DA:11,3
DA:12,4
LF:8
LH:8
BRF:0
BRH:0
end_of_record
